#
# There is insufficient memory for the Java Runtime Environment to continue.
# Native memory allocation (malloc) failed to allocate 1168496 bytes for Chunk::new
# Possible reasons:
#   The system is out of physical RAM or swap space
#   The process is running with CompressedOops enabled, and the Java Heap may be blocking the growth of the native heap
# Possible solutions:
#   Reduce memory load on the system
#   Increase physical memory or swap space
#   Check if swap backing store is full
#   Decrease Java heap size (-Xmx/-Xms)
#   Decrease number of Java threads
#   Decrease Java thread stack sizes (-Xss)
#   Set larger code cache with -XX:ReservedCodeCacheSize=
#   JVM is running with Unscaled Compressed Oops mode in which the Java heap is
#     placed in the first 4GB address space. The Java Heap base address is the
#     maximum limit for the native heap growth. Please use -XX:HeapBaseMinAddress
#     to set the Java Heap base and to place the Java Heap above 4GB virtual address.
# This output file may be truncated or incomplete.
#
#  Out of Memory Error (./src/hotspot/share/memory/arena.cpp:197), pid=25596, tid=15472
#
# JRE version: OpenJDK Runtime Environment (11.0.13) (build 11.0.13+0-b1751.21-8125866)
# Java VM: OpenJDK 64-Bit Server VM (11.0.13+0-b1751.21-8125866, mixed mode, tiered, compressed oops, g1 gc, windows-amd64)
# No core dump will be written. Minidumps are not enabled by default on client versions of Windows
#

---------------  S U M M A R Y ------------

Command Line: --add-opens=java.base/java.util=ALL-UNNAMED --add-opens=java.base/java.lang=ALL-UNNAMED --add-opens=java.base/java.lang.invoke=ALL-UNNAMED --add-opens=java.base/java.util=ALL-UNNAMED --add-opens=java.prefs/java.util.prefs=ALL-UNNAMED --add-opens=java.prefs/java.util.prefs=ALL-UNNAMED --add-opens=java.base/java.nio.charset=ALL-UNNAMED --add-opens=java.base/java.net=ALL-UNNAMED --add-opens=java.base/java.util.concurrent.atomic=ALL-UNNAMED -Xmx2048m -Dfile.encoding=UTF-8 -Duser.country=ID -Duser.language=en -Duser.variant org.gradle.launcher.daemon.bootstrap.GradleDaemon 7.3.3

Host: Intel(R) Core(TM) i5-8300H CPU @ 2.30GHz, 8 cores, 7G,  Windows 11 , 64 bit Build 22621 (10.0.22621.963)
Time: Tue Dec 20 22:54:57 2022 Malay Peninsula Standard Time elapsed time: 31.506438 seconds (0d 0h 0m 31s)

---------------  T H R E A D  ---------------

Current thread (0x0000020641cea000):  JavaThread "C2 CompilerThread0" daemon [_thread_in_native, id=15472, stack(0x000000525dc00000,0x000000525dd00000)]


Current CompileTask:
C2:  31506 9952       4       com.google.common.collect.TransformedIterator::next (14 bytes)

Stack: [0x000000525dc00000,0x000000525dd00000]
Native frames: (J=compiled Java code, j=interpreted, Vv=VM code, C=native code)
V  [jvm.dll+0x6100fa]
V  [jvm.dll+0x747090]
V  [jvm.dll+0x7486ad]
V  [jvm.dll+0x748d83]
V  [jvm.dll+0x24ab48]
V  [jvm.dll+0xc04dc]
V  [jvm.dll+0xc0a0c]
V  [jvm.dll+0x35eb9d]
V  [jvm.dll+0x19d9bc]
V  [jvm.dll+0x2033be]
V  [jvm.dll+0x202437]
V  [jvm.dll+0x188e01]
V  [jvm.dll+0x21106b]
V  [jvm.dll+0x20f8c1]
V  [jvm.dll+0x70de0f]
V  [jvm.dll+0x706a75]
V  [jvm.dll+0x60ed66]
C  [ucrtbase.dll+0x29363]
C  [KERNEL32.DLL+0x126bd]
C  [ntdll.dll+0x5dfb8]


---------------  P R O C E S S  ---------------

Threads class SMR info:
_java_thread_list=0x00000206485b0250, length=132, elements={
0x000002062782a800, 0x0000020641cc2800, 0x0000020641cc5000, 0x0000020641cdf800,
0x0000020641ce0800, 0x0000020641ce5000, 0x0000020641cea000, 0x0000020641cee800,
0x0000020642655800, 0x00000206427bd000, 0x00000206451c2800, 0x0000020643415800,
0x000002064508e800, 0x0000020645a1e000, 0x0000020644df0800, 0x000002064412c000,
0x000002064412d000, 0x0000020644772800, 0x0000020645ce2000, 0x000002064474a000,
0x0000020642a77000, 0x0000020642a78800, 0x0000020642a74800, 0x0000020642a78000,
0x0000020642a79800, 0x0000020642a74000, 0x0000020642a75800, 0x0000020642a76000,
0x0000020642a7a800, 0x00000206450fd800, 0x00000206450fe800, 0x0000020645100000,
0x00000206450fc000, 0x0000020645105000, 0x0000020645105800, 0x0000020645106800,
0x0000020645104000, 0x0000020645107000, 0x0000020645101800, 0x0000020645103000,
0x0000020645108000, 0x0000020645102800, 0x0000020645109000, 0x0000020645f7b800,
0x0000020645f7c000, 0x0000020645f7d000, 0x0000020645f7a800, 0x0000020645f7e000,
0x0000020645f7a000, 0x0000020645f78000, 0x0000020645f79000, 0x0000020645f82000,
0x0000020645f80800, 0x0000020645f83800, 0x0000020645f84800, 0x0000020645f7e800,
0x0000020645f82800, 0x0000020645f85000, 0x0000020645f7f800, 0x0000020645f86000,
0x0000020645f87000, 0x0000020645f81000, 0x0000020645e2d000, 0x0000020645e2f800,
0x0000020645e2e000, 0x0000020645e30800, 0x0000020645e2b800, 0x0000020645e2f000,
0x0000020645e31800, 0x0000020645e32000, 0x0000020645e2c800, 0x0000020645e38000,
0x0000020645e37000, 0x0000020645e34800, 0x0000020645e38800, 0x0000020645e33000,
0x0000020645e33800, 0x0000020645e39800, 0x0000020645e35800, 0x0000020645e36000,
0x0000020645e3a000, 0x0000020646549800, 0x0000020646545800, 0x000002064654c000,
0x000002064654a800, 0x0000020646546800, 0x0000020646547000, 0x0000020646549000,
0x000002064654b800, 0x000002064654d000, 0x000002064654e000, 0x0000020646548000,
0x0000020646550000, 0x0000020646551000, 0x0000020646553800, 0x0000020646554800,
0x0000020646552800, 0x0000020646552000, 0x000002064654f800, 0x000002064654e800,
0x00000206432cf000, 0x00000206432cd800, 0x00000206432ce800, 0x00000206432d0000,
0x00000206432d1000, 0x00000206432d1800, 0x00000206432d2800, 0x00000206432cc800,
0x00000206432d3000, 0x00000206432d6800, 0x00000206432d7800, 0x00000206432d8000,
0x00000206432d9000, 0x00000206432d5800, 0x00000206432d9800, 0x00000206432d4000,
0x00000206432da800, 0x00000206432d5000, 0x00000206432db800, 0x0000020644090000,
0x0000020644091800, 0x00000206452f5800, 0x0000020644094000, 0x0000020644092800,
0x0000020644095000, 0x0000020644096800, 0x0000020644091000, 0x0000020644098000,
0x000002064409d000, 0x0000020644099000, 0x000002064409b800, 0x000002064409a000
}

Java Threads: ( => current thread )
  0x000002062782a800 JavaThread "main" [_thread_blocked, id=4616, stack(0x000000525d000000,0x000000525d100000)]
  0x0000020641cc2800 JavaThread "Reference Handler" daemon [_thread_blocked, id=14872, stack(0x000000525d700000,0x000000525d800000)]
  0x0000020641cc5000 JavaThread "Finalizer" daemon [_thread_blocked, id=19396, stack(0x000000525d800000,0x000000525d900000)]
  0x0000020641cdf800 JavaThread "Signal Dispatcher" daemon [_thread_blocked, id=25652, stack(0x000000525d900000,0x000000525da00000)]
  0x0000020641ce0800 JavaThread "Attach Listener" daemon [_thread_blocked, id=4520, stack(0x000000525da00000,0x000000525db00000)]
  0x0000020641ce5000 JavaThread "Service Thread" daemon [_thread_blocked, id=19988, stack(0x000000525db00000,0x000000525dc00000)]
=>0x0000020641cea000 JavaThread "C2 CompilerThread0" daemon [_thread_in_native, id=15472, stack(0x000000525dc00000,0x000000525dd00000)]
  0x0000020641cee800 JavaThread "C1 CompilerThread0" daemon [_thread_in_vm, id=26120, stack(0x000000525dd00000,0x000000525de00000)]
  0x0000020642655800 JavaThread "Sweeper thread" daemon [_thread_blocked, id=18340, stack(0x000000525de00000,0x000000525df00000)]
  0x00000206427bd000 JavaThread "Common-Cleaner" daemon [_thread_blocked, id=24784, stack(0x000000525df00000,0x000000525e000000)]
  0x00000206451c2800 JavaThread "Daemon health stats" [_thread_blocked, id=15392, stack(0x000000525e400000,0x000000525e500000)]
  0x0000020643415800 JavaThread "Incoming local TCP Connector on port 59962" [_thread_in_native, id=14788, stack(0x000000525e100000,0x000000525e200000)]
  0x000002064508e800 JavaThread "Daemon periodic checks" [_thread_blocked, id=20640, stack(0x000000525e500000,0x000000525e600000)]
  0x0000020645a1e000 JavaThread "Daemon" [_thread_blocked, id=21000, stack(0x000000525e600000,0x000000525e700000)]
  0x0000020644df0800 JavaThread "Handler for socket connection from /127.0.0.1:59962 to /127.0.0.1:59963" [_thread_in_native, id=8332, stack(0x000000525e700000,0x000000525e800000)]
  0x000002064412c000 JavaThread "Cancel handler" [_thread_blocked, id=15004, stack(0x000000525e800000,0x000000525e900000)]
  0x000002064412d000 JavaThread "Daemon worker" [_thread_blocked, id=804, stack(0x000000525e900000,0x000000525ea00000)]
  0x0000020644772800 JavaThread "Asynchronous log dispatcher for DefaultDaemonConnection: socket connection from /127.0.0.1:59962 to /127.0.0.1:59963" [_thread_blocked, id=16804, stack(0x000000525ea00000,0x000000525eb00000)]
  0x0000020645ce2000 JavaThread "Stdin handler" [_thread_blocked, id=21636, stack(0x000000525eb00000,0x000000525ec00000)]
  0x000002064474a000 JavaThread "Daemon client event forwarder" [_thread_blocked, id=24364, stack(0x000000525ec00000,0x000000525ed00000)]
  0x0000020642a77000 JavaThread "Cache worker for journal cache (C:\Users\razya\.gradle\caches\journal-1)" [_thread_blocked, id=16672, stack(0x000000525f200000,0x000000525f300000)]
  0x0000020642a78800 JavaThread "File lock request listener" [_thread_in_native, id=17252, stack(0x000000525f300000,0x000000525f400000)]
  0x0000020642a74800 JavaThread "Cache worker for file hash cache (C:\Users\razya\.gradle\caches\7.3.3\fileHashes)" [_thread_blocked, id=6736, stack(0x000000525f400000,0x000000525f500000)]
  0x0000020642a78000 JavaThread "Cache worker for file hash cache (D:\Mine\Documents\documents\Kuliah\Tugas Akhir\Aplikasi Tugas Akhir\finote\.gradle\7.3.3\fileHashes)" [_thread_blocked, id=6448, stack(0x000000525f700000,0x000000525f800000)]
  0x0000020642a79800 JavaThread "File watcher server" daemon [_thread_in_native, id=26148, stack(0x000000525f800000,0x000000525f900000)]
  0x0000020642a74000 JavaThread "File watcher consumer" daemon [_thread_blocked, id=25756, stack(0x000000525f900000,0x000000525fa00000)]
  0x0000020642a75800 JavaThread "Cache worker for checksums cache (D:\Mine\Documents\documents\Kuliah\Tugas Akhir\Aplikasi Tugas Akhir\finote\.gradle\7.3.3\checksums)" [_thread_blocked, id=18684, stack(0x000000525fa00000,0x000000525fb00000)]
  0x0000020642a76000 JavaThread "Cache worker for cache directory md-supplier (C:\Users\razya\.gradle\caches\7.3.3\md-supplier)" [_thread_blocked, id=15540, stack(0x000000525fb00000,0x000000525fc00000)]
  0x0000020642a7a800 JavaThread "Cache worker for cache directory md-rule (C:\Users\razya\.gradle\caches\7.3.3\md-rule)" [_thread_blocked, id=23640, stack(0x000000525fc00000,0x000000525fd00000)]
  0x00000206450fd800 JavaThread "Cache worker for execution history cache (C:\Users\razya\.gradle\caches\7.3.3\executionHistory)" [_thread_blocked, id=24732, stack(0x000000525fd00000,0x000000525fe00000)]
  0x00000206450fe800 JavaThread "jar transforms" [_thread_blocked, id=10320, stack(0x000000525fe00000,0x000000525ff00000)]
  0x0000020645100000 JavaThread "Cache worker for file content cache (C:\Users\razya\.gradle\caches\7.3.3\fileContent)" [_thread_blocked, id=20540, stack(0x000000525ff00000,0x0000005260000000)]
  0x00000206450fc000 JavaThread "jar transforms Thread 2" [_thread_blocked, id=9476, stack(0x0000005260000000,0x0000005260100000)]
  0x0000020645105000 JavaThread "Cache worker for dependencies-accessors (D:\Mine\Documents\documents\Kuliah\Tugas Akhir\Aplikasi Tugas Akhir\finote\.gradle\7.3.3\dependencies-accessors)" [_thread_blocked, id=24692, stack(0x0000005260100000,0x0000005260200000)]
  0x0000020645105800 JavaThread "jar transforms Thread 3" [_thread_blocked, id=18188, stack(0x0000005260200000,0x0000005260300000)]
  0x0000020645106800 JavaThread "Cache worker for Build Output Cleanup Cache (D:\Mine\Documents\documents\Kuliah\Tugas Akhir\Aplikasi Tugas Akhir\finote\.gradle\buildOutputCleanup)" [_thread_blocked, id=24628, stack(0x0000005260300000,0x0000005260400000)]
  0x0000020645104000 JavaThread "Unconstrained build operations" [_thread_blocked, id=22492, stack(0x0000005260400000,0x0000005260500000)]
  0x0000020645107000 JavaThread "Unconstrained build operations Thread 2" [_thread_blocked, id=13504, stack(0x0000005260500000,0x0000005260600000)]
  0x0000020645101800 JavaThread "Unconstrained build operations Thread 3" [_thread_blocked, id=1548, stack(0x0000005260600000,0x0000005260700000)]
  0x0000020645103000 JavaThread "Unconstrained build operations Thread 4" [_thread_blocked, id=8812, stack(0x0000005260700000,0x0000005260800000)]
  0x0000020645108000 JavaThread "Unconstrained build operations Thread 5" [_thread_blocked, id=16720, stack(0x0000005260800000,0x0000005260900000)]
  0x0000020645102800 JavaThread "Unconstrained build operations Thread 6" [_thread_blocked, id=25824, stack(0x0000005260900000,0x0000005260a00000)]
  0x0000020645109000 JavaThread "Unconstrained build operations Thread 7" [_thread_blocked, id=6220, stack(0x0000005260a00000,0x0000005260b00000)]
  0x0000020645f7b800 JavaThread "Unconstrained build operations Thread 8" [_thread_blocked, id=24228, stack(0x0000005260b00000,0x0000005260c00000)]
  0x0000020645f7c000 JavaThread "Unconstrained build operations Thread 9" [_thread_blocked, id=7788, stack(0x0000005260c00000,0x0000005260d00000)]
  0x0000020645f7d000 JavaThread "Unconstrained build operations Thread 10" [_thread_blocked, id=17620, stack(0x0000005260d00000,0x0000005260e00000)]
  0x0000020645f7a800 JavaThread "Unconstrained build operations Thread 11" [_thread_blocked, id=11792, stack(0x0000005260e00000,0x0000005260f00000)]
  0x0000020645f7e000 JavaThread "Unconstrained build operations Thread 12" [_thread_blocked, id=3008, stack(0x0000005260f00000,0x0000005261000000)]
  0x0000020645f7a000 JavaThread "Unconstrained build operations Thread 13" [_thread_blocked, id=12280, stack(0x0000005261000000,0x0000005261100000)]
  0x0000020645f78000 JavaThread "Unconstrained build operations Thread 14" [_thread_blocked, id=20780, stack(0x0000005261100000,0x0000005261200000)]
  0x0000020645f79000 JavaThread "Unconstrained build operations Thread 15" [_thread_blocked, id=11908, stack(0x0000005261200000,0x0000005261300000)]
  0x0000020645f82000 JavaThread "Unconstrained build operations Thread 16" [_thread_blocked, id=23480, stack(0x0000005261300000,0x0000005261400000)]
  0x0000020645f80800 JavaThread "Unconstrained build operations Thread 17" [_thread_blocked, id=25088, stack(0x0000005261400000,0x0000005261500000)]
  0x0000020645f83800 JavaThread "Unconstrained build operations Thread 18" [_thread_blocked, id=20008, stack(0x0000005261500000,0x0000005261600000)]
  0x0000020645f84800 JavaThread "Unconstrained build operations Thread 19" [_thread_blocked, id=11936, stack(0x0000005261600000,0x0000005261700000)]
  0x0000020645f7e800 JavaThread "Unconstrained build operations Thread 20" [_thread_blocked, id=21536, stack(0x0000005261700000,0x0000005261800000)]
  0x0000020645f82800 JavaThread "Unconstrained build operations Thread 21" [_thread_blocked, id=22352, stack(0x0000005261800000,0x0000005261900000)]
  0x0000020645f85000 JavaThread "Unconstrained build operations Thread 22" [_thread_blocked, id=16096, stack(0x0000005261900000,0x0000005261a00000)]
  0x0000020645f7f800 JavaThread "Unconstrained build operations Thread 23" [_thread_blocked, id=16840, stack(0x0000005261a00000,0x0000005261b00000)]
  0x0000020645f86000 JavaThread "Unconstrained build operations Thread 24" [_thread_blocked, id=2256, stack(0x0000005261b00000,0x0000005261c00000)]
  0x0000020645f87000 JavaThread "Unconstrained build operations Thread 25" [_thread_blocked, id=20628, stack(0x0000005261c00000,0x0000005261d00000)]
  0x0000020645f81000 JavaThread "Unconstrained build operations Thread 26" [_thread_blocked, id=26064, stack(0x0000005261d00000,0x0000005261e00000)]
  0x0000020645e2d000 JavaThread "Unconstrained build operations Thread 27" [_thread_blocked, id=3568, stack(0x0000005261e00000,0x0000005261f00000)]
  0x0000020645e2f800 JavaThread "Unconstrained build operations Thread 28" [_thread_blocked, id=18664, stack(0x0000005261f00000,0x0000005262000000)]
  0x0000020645e2e000 JavaThread "Unconstrained build operations Thread 29" [_thread_blocked, id=22816, stack(0x0000005262000000,0x0000005262100000)]
  0x0000020645e30800 JavaThread "Unconstrained build operations Thread 30" [_thread_blocked, id=22552, stack(0x0000005262100000,0x0000005262200000)]
  0x0000020645e2b800 JavaThread "Unconstrained build operations Thread 31" [_thread_blocked, id=14252, stack(0x0000005262200000,0x0000005262300000)]
  0x0000020645e2f000 JavaThread "Unconstrained build operations Thread 32" [_thread_blocked, id=15200, stack(0x0000005262300000,0x0000005262400000)]
  0x0000020645e31800 JavaThread "Unconstrained build operations Thread 33" [_thread_blocked, id=14684, stack(0x0000005262400000,0x0000005262500000)]
  0x0000020645e32000 JavaThread "Unconstrained build operations Thread 34" [_thread_blocked, id=16684, stack(0x0000005262500000,0x0000005262600000)]
  0x0000020645e2c800 JavaThread "Unconstrained build operations Thread 35" [_thread_blocked, id=2488, stack(0x0000005262600000,0x0000005262700000)]
  0x0000020645e38000 JavaThread "Unconstrained build operations Thread 36" [_thread_blocked, id=8336, stack(0x0000005262700000,0x0000005262800000)]
  0x0000020645e37000 JavaThread "Unconstrained build operations Thread 37" [_thread_blocked, id=21088, stack(0x0000005262800000,0x0000005262900000)]
  0x0000020645e34800 JavaThread "Unconstrained build operations Thread 38" [_thread_blocked, id=23400, stack(0x0000005262900000,0x0000005262a00000)]
  0x0000020645e38800 JavaThread "Unconstrained build operations Thread 39" [_thread_blocked, id=21212, stack(0x0000005262a00000,0x0000005262b00000)]
  0x0000020645e33000 JavaThread "Unconstrained build operations Thread 40" [_thread_blocked, id=22412, stack(0x0000005262b00000,0x0000005262c00000)]
  0x0000020645e33800 JavaThread "Unconstrained build operations Thread 41" [_thread_blocked, id=23108, stack(0x0000005262c00000,0x0000005262d00000)]
  0x0000020645e39800 JavaThread "Unconstrained build operations Thread 42" [_thread_blocked, id=16512, stack(0x0000005262d00000,0x0000005262e00000)]
  0x0000020645e35800 JavaThread "Unconstrained build operations Thread 43" [_thread_blocked, id=25104, stack(0x0000005262e00000,0x0000005262f00000)]
  0x0000020645e36000 JavaThread "Unconstrained build operations Thread 44" [_thread_blocked, id=21152, stack(0x0000005262f00000,0x0000005263000000)]
  0x0000020645e3a000 JavaThread "Unconstrained build operations Thread 45" [_thread_blocked, id=764, stack(0x0000005263000000,0x0000005263100000)]
  0x0000020646549800 JavaThread "Unconstrained build operations Thread 46" [_thread_blocked, id=4504, stack(0x0000005263100000,0x0000005263200000)]
  0x0000020646545800 JavaThread "Unconstrained build operations Thread 47" [_thread_blocked, id=25476, stack(0x0000005263200000,0x0000005263300000)]
  0x000002064654c000 JavaThread "Unconstrained build operations Thread 48" [_thread_blocked, id=20280, stack(0x0000005263300000,0x0000005263400000)]
  0x000002064654a800 JavaThread "Unconstrained build operations Thread 49" [_thread_blocked, id=7552, stack(0x0000005263400000,0x0000005263500000)]
  0x0000020646546800 JavaThread "Unconstrained build operations Thread 50" [_thread_blocked, id=15276, stack(0x0000005263500000,0x0000005263600000)]
  0x0000020646547000 JavaThread "Unconstrained build operations Thread 51" [_thread_blocked, id=16732, stack(0x0000005263600000,0x0000005263700000)]
  0x0000020646549000 JavaThread "Unconstrained build operations Thread 52" [_thread_blocked, id=13016, stack(0x0000005263700000,0x0000005263800000)]
  0x000002064654b800 JavaThread "Unconstrained build operations Thread 53" [_thread_blocked, id=10080, stack(0x0000005263800000,0x0000005263900000)]
  0x000002064654d000 JavaThread "Unconstrained build operations Thread 54" [_thread_blocked, id=23808, stack(0x0000005263900000,0x0000005263a00000)]
  0x000002064654e000 JavaThread "Unconstrained build operations Thread 55" [_thread_blocked, id=16388, stack(0x0000005263a00000,0x0000005263b00000)]
  0x0000020646548000 JavaThread "Unconstrained build operations Thread 56" [_thread_blocked, id=5728, stack(0x0000005263b00000,0x0000005263c00000)]
  0x0000020646550000 JavaThread "Unconstrained build operations Thread 57" [_thread_blocked, id=13468, stack(0x0000005263c00000,0x0000005263d00000)]
  0x0000020646551000 JavaThread "Unconstrained build operations Thread 58" [_thread_blocked, id=4624, stack(0x0000005263d00000,0x0000005263e00000)]
  0x0000020646553800 JavaThread "Unconstrained build operations Thread 59" [_thread_blocked, id=19320, stack(0x0000005263e00000,0x0000005263f00000)]
  0x0000020646554800 JavaThread "Unconstrained build operations Thread 60" [_thread_blocked, id=2232, stack(0x0000005263f00000,0x0000005264000000)]
  0x0000020646552800 JavaThread "Unconstrained build operations Thread 61" [_thread_blocked, id=13020, stack(0x0000005264000000,0x0000005264100000)]
  0x0000020646552000 JavaThread "Unconstrained build operations Thread 62" [_thread_blocked, id=16472, stack(0x0000005264100000,0x0000005264200000)]
  0x000002064654f800 JavaThread "Unconstrained build operations Thread 63" [_thread_blocked, id=17868, stack(0x0000005264200000,0x0000005264300000)]
  0x000002064654e800 JavaThread "Unconstrained build operations Thread 64" [_thread_blocked, id=15052, stack(0x0000005264300000,0x0000005264400000)]
  0x00000206432cf000 JavaThread "Unconstrained build operations Thread 65" [_thread_blocked, id=7956, stack(0x0000005264400000,0x0000005264500000)]
  0x00000206432cd800 JavaThread "Unconstrained build operations Thread 66" [_thread_blocked, id=16936, stack(0x0000005264500000,0x0000005264600000)]
  0x00000206432ce800 JavaThread "Unconstrained build operations Thread 67" [_thread_blocked, id=9420, stack(0x0000005264600000,0x0000005264700000)]
  0x00000206432d0000 JavaThread "Unconstrained build operations Thread 68" [_thread_blocked, id=7772, stack(0x0000005264700000,0x0000005264800000)]
  0x00000206432d1000 JavaThread "Unconstrained build operations Thread 69" [_thread_blocked, id=3444, stack(0x0000005264800000,0x0000005264900000)]
  0x00000206432d1800 JavaThread "Unconstrained build operations Thread 70" [_thread_blocked, id=16988, stack(0x0000005264900000,0x0000005264a00000)]
  0x00000206432d2800 JavaThread "Unconstrained build operations Thread 71" [_thread_blocked, id=4032, stack(0x0000005264a00000,0x0000005264b00000)]
  0x00000206432cc800 JavaThread "Unconstrained build operations Thread 72" [_thread_blocked, id=5160, stack(0x0000005264b00000,0x0000005264c00000)]
  0x00000206432d3000 JavaThread "Unconstrained build operations Thread 73" [_thread_blocked, id=15612, stack(0x0000005264c00000,0x0000005264d00000)]
  0x00000206432d6800 JavaThread "Unconstrained build operations Thread 74" [_thread_blocked, id=26176, stack(0x0000005264d00000,0x0000005264e00000)]
  0x00000206432d7800 JavaThread "Unconstrained build operations Thread 75" [_thread_blocked, id=18576, stack(0x0000005264e00000,0x0000005264f00000)]
  0x00000206432d8000 JavaThread "Unconstrained build operations Thread 76" [_thread_blocked, id=23612, stack(0x0000005264f00000,0x0000005265000000)]
  0x00000206432d9000 JavaThread "Unconstrained build operations Thread 77" [_thread_blocked, id=17128, stack(0x0000005265000000,0x0000005265100000)]
  0x00000206432d5800 JavaThread "Unconstrained build operations Thread 78" [_thread_blocked, id=3076, stack(0x0000005265100000,0x0000005265200000)]
  0x00000206432d9800 JavaThread "Unconstrained build operations Thread 79" [_thread_blocked, id=16740, stack(0x0000005265200000,0x0000005265300000)]
  0x00000206432d4000 JavaThread "Unconstrained build operations Thread 80" [_thread_blocked, id=15792, stack(0x0000005265300000,0x0000005265400000)]
  0x00000206432da800 JavaThread "jar transforms Thread 4" [_thread_blocked, id=19868, stack(0x0000005265400000,0x0000005265500000)]
  0x00000206432d5000 JavaThread "jar transforms Thread 5" [_thread_blocked, id=22248, stack(0x0000005265500000,0x0000005265600000)]
  0x00000206432db800 JavaThread "jar transforms Thread 6" [_thread_blocked, id=22480, stack(0x0000005265600000,0x0000005265700000)]
  0x0000020644090000 JavaThread "jar transforms Thread 7" [_thread_blocked, id=12520, stack(0x0000005265700000,0x0000005265800000)]
  0x0000020644091800 JavaThread "jar transforms Thread 8" [_thread_blocked, id=3620, stack(0x0000005265800000,0x0000005265900000)]
  0x00000206452f5800 JavaThread "C2 CompilerThread1" daemon [_thread_in_native, id=18564, stack(0x000000525f600000,0x000000525f700000)]
  0x0000020644094000 JavaThread "Memory manager" [_thread_blocked, id=19508, stack(0x0000005265900000,0x0000005265a00000)]
  0x0000020644092800 JavaThread "build event listener" [_thread_blocked, id=15312, stack(0x0000005265a00000,0x0000005265b00000)]
  0x0000020644095000 JavaThread "Execution worker for ':'" [_thread_in_Java, id=22640, stack(0x0000005265b00000,0x0000005265c00000)]
  0x0000020644096800 JavaThread "Execution worker for ':' Thread 2" [_thread_blocked, id=2176, stack(0x0000005265c00000,0x0000005265d00000)]
  0x0000020644091000 JavaThread "Execution worker for ':' Thread 3" [_thread_blocked, id=17420, stack(0x0000005265d00000,0x0000005265e00000)]
  0x0000020644098000 JavaThread "Execution worker for ':' Thread 4" [_thread_blocked, id=11452, stack(0x0000005265e00000,0x0000005265f00000)]
  0x000002064409d000 JavaThread "Execution worker for ':' Thread 5" [_thread_blocked, id=11172, stack(0x0000005265f00000,0x0000005266000000)]
  0x0000020644099000 JavaThread "Execution worker for ':' Thread 6" [_thread_blocked, id=25540, stack(0x0000005266000000,0x0000005266100000)]
  0x000002064409b800 JavaThread "Execution worker for ':' Thread 7" [_thread_blocked, id=21196, stack(0x0000005266100000,0x0000005266200000)]
  0x000002064409a000 JavaThread "Cache worker for execution history cache (D:\Mine\Documents\documents\Kuliah\Tugas Akhir\Aplikasi Tugas Akhir\finote\.gradle\7.3.3\executionHistory)" [_thread_blocked, id=4120, stack(0x0000005266200000,0x0000005266300000)]

Other Threads:
  0x0000020641cc0800 VMThread "VM Thread" [stack: 0x000000525d600000,0x000000525d700000] [id=7284]
  0x00000206427ea800 WatcherThread [stack: 0x000000525e000000,0x000000525e100000] [id=1144]
  0x0000020627845000 GCTaskThread "GC Thread#0" [stack: 0x000000525d100000,0x000000525d200000] [id=13400]
  0x0000020643650000 GCTaskThread "GC Thread#1" [stack: 0x000000525e200000,0x000000525e300000] [id=3448]
  0x000002064334e000 GCTaskThread "GC Thread#2" [stack: 0x000000525e300000,0x000000525e400000] [id=9496]
  0x00000206450f5000 GCTaskThread "GC Thread#3" [stack: 0x000000525ed00000,0x000000525ee00000] [id=24020]
  0x0000020643e77000 GCTaskThread "GC Thread#4" [stack: 0x000000525ee00000,0x000000525ef00000] [id=17540]
  0x00000206454e9800 GCTaskThread "GC Thread#5" [stack: 0x000000525ef00000,0x000000525f000000] [id=4708]
  0x0000020643400000 GCTaskThread "GC Thread#6" [stack: 0x000000525f000000,0x000000525f100000] [id=17312]
  0x00000206437c3000 GCTaskThread "GC Thread#7" [stack: 0x000000525f100000,0x000000525f200000] [id=22236]
  0x0000020627878000 ConcurrentGCThread "G1 Main Marker" [stack: 0x000000525d200000,0x000000525d300000] [id=2804]
  0x000002062787a000 ConcurrentGCThread "G1 Conc#0" [stack: 0x000000525d300000,0x000000525d400000] [id=16572]
  0x00000206445d6800 ConcurrentGCThread "G1 Conc#1" [stack: 0x000000525f500000,0x000000525f600000] [id=20064]
  0x0000020641b10800 ConcurrentGCThread "G1 Refine#0" [stack: 0x000000525d400000,0x000000525d500000] [id=9756]
  0x00000206278fd800 ConcurrentGCThread "G1 Young RemSet Sampling" [stack: 0x000000525d500000,0x000000525d600000] [id=24588]

Threads with active compile tasks:
C2 CompilerThread0  31609 9952       4       com.google.common.collect.TransformedIterator::next (14 bytes)
C1 CompilerThread0  31609 10082       3       android.databinding.internal.org.antlr.v4.runtime.CommonTokenStream::LT (75 bytes)
C2 CompilerThread1  31609 9999       4       com.android.ide.common.resources.configuration.FolderConfiguration::getQualifierString (115 bytes)

VM state:not at safepoint (normal execution)

VM Mutex/Monitor currently owned by a thread: None

Heap address: 0x0000000080000000, size: 2048 MB, Compressed Oops mode: 32-bit
Narrow klass base: 0x0000000000000000, Narrow klass shift: 3
Compressed class space size: 1073741824 Address: 0x0000000100000000

Heap:
 garbage-first heap   total 155648K, used 98288K [0x0000000080000000, 0x0000000100000000)
  region size 1024K, 21 young (21504K), 8 survivors (8192K)
 Metaspace       used 86342K, capacity 88624K, committed 88788K, reserved 1126400K
  class space    used 11219K, capacity 12110K, committed 12236K, reserved 1048576K
Heap Regions: E=young(eden), S=young(survivor), O=old, HS=humongous(starts), HC=humongous(continues), CS=collection set, F=free, A=archive, TAMS=top-at-mark-start (previous, next)
|   0|0x0000000080000000, 0x0000000080100000, 0x0000000080100000|100%| O|  |TAMS 0x0000000080100000, 0x0000000080000000| Untracked 
|   1|0x0000000080100000, 0x0000000080200000, 0x0000000080200000|100%| O|  |TAMS 0x0000000080200000, 0x0000000080100000| Untracked 
|   2|0x0000000080200000, 0x0000000080300000, 0x0000000080300000|100%| O|  |TAMS 0x0000000080300000, 0x0000000080200000| Untracked 
|   3|0x0000000080300000, 0x0000000080400000, 0x0000000080400000|100%|HS|  |TAMS 0x0000000080400000, 0x0000000080300000| Complete 
|   4|0x0000000080400000, 0x0000000080500000, 0x0000000080500000|100%|HC|  |TAMS 0x0000000080500000, 0x0000000080400000| Complete 
|   5|0x0000000080500000, 0x0000000080600000, 0x0000000080600000|100%|HC|  |TAMS 0x0000000080600000, 0x0000000080500000| Complete 
|   6|0x0000000080600000, 0x0000000080700000, 0x0000000080700000|100%| O|  |TAMS 0x0000000080700000, 0x0000000080600000| Untracked 
|   7|0x0000000080700000, 0x0000000080800000, 0x0000000080800000|100%| O|  |TAMS 0x0000000080800000, 0x0000000080700000| Untracked 
|   8|0x0000000080800000, 0x0000000080900000, 0x0000000080900000|100%| O|  |TAMS 0x0000000080900000, 0x0000000080800000| Untracked 
|   9|0x0000000080900000, 0x0000000080a00000, 0x0000000080a00000|100%| O|  |TAMS 0x0000000080a00000, 0x0000000080900000| Untracked 
|  10|0x0000000080a00000, 0x0000000080b00000, 0x0000000080b00000|100%| O|  |TAMS 0x0000000080b00000, 0x0000000080a00000| Untracked 
|  11|0x0000000080b00000, 0x0000000080c00000, 0x0000000080c00000|100%| O|  |TAMS 0x0000000080c00000, 0x0000000080b00000| Untracked 
|  12|0x0000000080c00000, 0x0000000080d00000, 0x0000000080d00000|100%| O|  |TAMS 0x0000000080d00000, 0x0000000080c00000| Untracked 
|  13|0x0000000080d00000, 0x0000000080e00000, 0x0000000080e00000|100%| O|  |TAMS 0x0000000080e00000, 0x0000000080d00000| Untracked 
|  14|0x0000000080e00000, 0x0000000080f00000, 0x0000000080f00000|100%| O|  |TAMS 0x0000000080f00000, 0x0000000080e00000| Untracked 
|  15|0x0000000080f00000, 0x0000000081000000, 0x0000000081000000|100%| O|  |TAMS 0x0000000081000000, 0x0000000080f00000| Untracked 
|  16|0x0000000081000000, 0x0000000081100000, 0x0000000081100000|100%| O|  |TAMS 0x0000000081100000, 0x0000000081000000| Untracked 
|  17|0x0000000081100000, 0x0000000081200000, 0x0000000081200000|100%| O|  |TAMS 0x0000000081200000, 0x0000000081100000| Untracked 
|  18|0x0000000081200000, 0x0000000081300000, 0x0000000081300000|100%| O|  |TAMS 0x0000000081300000, 0x0000000081200000| Untracked 
|  19|0x0000000081300000, 0x0000000081400000, 0x0000000081400000|100%| O|  |TAMS 0x0000000081400000, 0x0000000081300000| Untracked 
|  20|0x0000000081400000, 0x0000000081500000, 0x0000000081500000|100%| O|  |TAMS 0x0000000081500000, 0x0000000081400000| Untracked 
|  21|0x0000000081500000, 0x0000000081600000, 0x0000000081600000|100%| O|  |TAMS 0x0000000081600000, 0x0000000081500000| Untracked 
|  22|0x0000000081600000, 0x0000000081700000, 0x0000000081700000|100%| O|  |TAMS 0x0000000081700000, 0x0000000081600000| Untracked 
|  23|0x0000000081700000, 0x0000000081800000, 0x0000000081800000|100%| O|  |TAMS 0x0000000081800000, 0x0000000081700000| Untracked 
|  24|0x0000000081800000, 0x0000000081900000, 0x0000000081900000|100%| O|  |TAMS 0x0000000081900000, 0x0000000081800000| Untracked 
|  25|0x0000000081900000, 0x0000000081a00000, 0x0000000081a00000|100%| O|  |TAMS 0x0000000081a00000, 0x0000000081900000| Untracked 
|  26|0x0000000081a00000, 0x0000000081b00000, 0x0000000081b00000|100%| O|  |TAMS 0x0000000081b00000, 0x0000000081a00000| Untracked 
|  27|0x0000000081b00000, 0x0000000081c00000, 0x0000000081c00000|100%| O|  |TAMS 0x0000000081c00000, 0x0000000081b00000| Untracked 
|  28|0x0000000081c00000, 0x0000000081d00000, 0x0000000081d00000|100%|HS|  |TAMS 0x0000000081d00000, 0x0000000081c00000| Complete 
|  29|0x0000000081d00000, 0x0000000081e00000, 0x0000000081e00000|100%|HS|  |TAMS 0x0000000081e00000, 0x0000000081d00000| Complete 
|  30|0x0000000081e00000, 0x0000000081f00000, 0x0000000081f00000|100%|HS|  |TAMS 0x0000000081f00000, 0x0000000081e00000| Complete 
|  31|0x0000000081f00000, 0x0000000082000000, 0x0000000082000000|100%|HC|  |TAMS 0x0000000082000000, 0x0000000081f00000| Complete 
|  32|0x0000000082000000, 0x0000000082100000, 0x0000000082100000|100%| O|  |TAMS 0x0000000082100000, 0x0000000082000000| Untracked 
|  33|0x0000000082100000, 0x0000000082200000, 0x0000000082200000|100%| O|  |TAMS 0x0000000082200000, 0x0000000082100000| Untracked 
|  34|0x0000000082200000, 0x0000000082300000, 0x0000000082300000|100%| O|  |TAMS 0x0000000082300000, 0x0000000082200000| Untracked 
|  35|0x0000000082300000, 0x0000000082400000, 0x0000000082400000|100%| O|  |TAMS 0x0000000082400000, 0x0000000082300000| Untracked 
|  36|0x0000000082400000, 0x0000000082500000, 0x0000000082500000|100%| O|  |TAMS 0x0000000082500000, 0x0000000082400000| Untracked 
|  37|0x0000000082500000, 0x0000000082600000, 0x0000000082600000|100%| O|  |TAMS 0x0000000082600000, 0x0000000082500000| Untracked 
|  38|0x0000000082600000, 0x0000000082700000, 0x0000000082700000|100%| O|  |TAMS 0x0000000082700000, 0x0000000082600000| Untracked 
|  39|0x0000000082700000, 0x0000000082800000, 0x0000000082800000|100%| O|  |TAMS 0x0000000082800000, 0x0000000082700000| Untracked 
|  40|0x0000000082800000, 0x0000000082900000, 0x0000000082900000|100%| O|  |TAMS 0x0000000082900000, 0x0000000082800000| Untracked 
|  41|0x0000000082900000, 0x0000000082a00000, 0x0000000082a00000|100%| O|  |TAMS 0x0000000082a00000, 0x0000000082900000| Untracked 
|  42|0x0000000082a00000, 0x0000000082b00000, 0x0000000082b00000|100%| O|  |TAMS 0x0000000082b00000, 0x0000000082a00000| Untracked 
|  43|0x0000000082b00000, 0x0000000082c00000, 0x0000000082c00000|100%| O|  |TAMS 0x0000000082c00000, 0x0000000082b00000| Untracked 
|  44|0x0000000082c00000, 0x0000000082d00000, 0x0000000082d00000|100%| O|  |TAMS 0x0000000082d00000, 0x0000000082c00000| Untracked 
|  45|0x0000000082d00000, 0x0000000082e00000, 0x0000000082e00000|100%| O|  |TAMS 0x0000000082e00000, 0x0000000082d00000| Untracked 
|  46|0x0000000082e00000, 0x0000000082f00000, 0x0000000082f00000|100%| O|  |TAMS 0x0000000082f00000, 0x0000000082e00000| Untracked 
|  47|0x0000000082f00000, 0x0000000083000000, 0x0000000083000000|100%| O|  |TAMS 0x0000000083000000, 0x0000000082f00000| Untracked 
|  48|0x0000000083000000, 0x0000000083100000, 0x0000000083100000|100%| O|  |TAMS 0x0000000083100000, 0x0000000083000000| Untracked 
|  49|0x0000000083100000, 0x0000000083200000, 0x0000000083200000|100%| O|  |TAMS 0x0000000083200000, 0x0000000083100000| Untracked 
|  50|0x0000000083200000, 0x0000000083300000, 0x0000000083300000|100%| O|  |TAMS 0x0000000083300000, 0x0000000083200000| Untracked 
|  51|0x0000000083300000, 0x0000000083400000, 0x0000000083400000|100%| O|  |TAMS 0x0000000083400000, 0x0000000083300000| Untracked 
|  52|0x0000000083400000, 0x0000000083500000, 0x0000000083500000|100%| O|  |TAMS 0x0000000083500000, 0x0000000083400000| Untracked 
|  53|0x0000000083500000, 0x0000000083600000, 0x0000000083600000|100%| O|  |TAMS 0x0000000083600000, 0x0000000083500000| Untracked 
|  54|0x0000000083600000, 0x0000000083700000, 0x0000000083700000|100%| O|  |TAMS 0x0000000083700000, 0x0000000083600000| Untracked 
|  55|0x0000000083700000, 0x0000000083800000, 0x0000000083800000|100%| O|  |TAMS 0x0000000083800000, 0x0000000083700000| Untracked 
|  56|0x0000000083800000, 0x0000000083900000, 0x0000000083900000|100%| O|  |TAMS 0x0000000083900000, 0x0000000083800000| Untracked 
|  57|0x0000000083900000, 0x0000000083a00000, 0x0000000083a00000|100%| O|  |TAMS 0x0000000083a00000, 0x0000000083900000| Untracked 
|  58|0x0000000083a00000, 0x0000000083b00000, 0x0000000083b00000|100%| O|  |TAMS 0x0000000083b00000, 0x0000000083a00000| Untracked 
|  59|0x0000000083b00000, 0x0000000083c00000, 0x0000000083c00000|100%| O|  |TAMS 0x0000000083c00000, 0x0000000083b00000| Untracked 
|  60|0x0000000083c00000, 0x0000000083d00000, 0x0000000083d00000|100%| O|  |TAMS 0x0000000083d00000, 0x0000000083c00000| Untracked 
|  61|0x0000000083d00000, 0x0000000083e00000, 0x0000000083e00000|100%| O|  |TAMS 0x0000000083e00000, 0x0000000083d00000| Untracked 
|  62|0x0000000083e00000, 0x0000000083f00000, 0x0000000083f00000|100%| O|  |TAMS 0x0000000083f00000, 0x0000000083e00000| Untracked 
|  63|0x0000000083f00000, 0x0000000084000000, 0x0000000084000000|100%| O|  |TAMS 0x0000000083f6aa00, 0x0000000083f00000| Untracked 
|  64|0x0000000084000000, 0x0000000084000000, 0x0000000084100000|  0%| F|  |TAMS 0x0000000084000000, 0x0000000084000000| Untracked 
|  65|0x0000000084100000, 0x0000000084100000, 0x0000000084200000|  0%| F|  |TAMS 0x0000000084100000, 0x0000000084100000| Untracked 
|  66|0x0000000084200000, 0x0000000084300000, 0x0000000084300000|100%| O|  |TAMS 0x0000000084200000, 0x0000000084200000| Untracked 
|  67|0x0000000084300000, 0x0000000084400000, 0x0000000084400000|100%| O|  |TAMS 0x0000000084300000, 0x0000000084300000| Untracked 
|  68|0x0000000084400000, 0x0000000084500000, 0x0000000084500000|100%| O|  |TAMS 0x0000000084400000, 0x0000000084400000| Untracked 
|  69|0x0000000084500000, 0x0000000084600000, 0x0000000084600000|100%| O|  |TAMS 0x0000000084500000, 0x0000000084500000| Untracked 
|  70|0x0000000084600000, 0x0000000084700000, 0x0000000084700000|100%| O|  |TAMS 0x0000000084600000, 0x0000000084600000| Untracked 
|  71|0x0000000084700000, 0x0000000084800000, 0x0000000084800000|100%| O|  |TAMS 0x0000000084700000, 0x0000000084700000| Untracked 
|  72|0x0000000084800000, 0x0000000084900000, 0x0000000084900000|100%| O|  |TAMS 0x0000000084800000, 0x0000000084800000| Untracked 
|  73|0x0000000084900000, 0x0000000084a00000, 0x0000000084a00000|100%| O|  |TAMS 0x0000000084900000, 0x0000000084900000| Untracked 
|  74|0x0000000084a00000, 0x0000000084b00000, 0x0000000084b00000|100%| O|  |TAMS 0x0000000084a00000, 0x0000000084a00000| Untracked 
|  75|0x0000000084b00000, 0x0000000084c00000, 0x0000000084c00000|100%| O|  |TAMS 0x0000000084b00000, 0x0000000084b00000| Untracked 
|  76|0x0000000084c00000, 0x0000000084d00000, 0x0000000084d00000|100%| O|  |TAMS 0x0000000084c00000, 0x0000000084c00000| Untracked 
|  77|0x0000000084d00000, 0x0000000084dfc000, 0x0000000084e00000| 98%| O|  |TAMS 0x0000000084d00000, 0x0000000084d00000| Untracked 
|  78|0x0000000084e00000, 0x0000000084e00000, 0x0000000084f00000|  0%| F|  |TAMS 0x0000000084e00000, 0x0000000084e00000| Untracked 
|  79|0x0000000084f00000, 0x0000000084f00000, 0x0000000085000000|  0%| F|  |TAMS 0x0000000084f00000, 0x0000000084f00000| Untracked 
|  80|0x0000000085000000, 0x0000000085000000, 0x0000000085100000|  0%| F|  |TAMS 0x0000000085000000, 0x0000000085000000| Untracked 
|  81|0x0000000085100000, 0x0000000085100000, 0x0000000085200000|  0%| F|  |TAMS 0x0000000085100000, 0x0000000085100000| Untracked 
|  82|0x0000000085200000, 0x0000000085200000, 0x0000000085300000|  0%| F|  |TAMS 0x0000000085200000, 0x0000000085200000| Untracked 
|  83|0x0000000085300000, 0x0000000085300000, 0x0000000085400000|  0%| F|  |TAMS 0x0000000085300000, 0x0000000085300000| Untracked 
|  84|0x0000000085400000, 0x0000000085400000, 0x0000000085500000|  0%| F|  |TAMS 0x0000000085400000, 0x0000000085400000| Untracked 
|  85|0x0000000085500000, 0x0000000085500000, 0x0000000085600000|  0%| F|  |TAMS 0x0000000085500000, 0x0000000085500000| Untracked 
|  86|0x0000000085600000, 0x0000000085600000, 0x0000000085700000|  0%| F|  |TAMS 0x0000000085600000, 0x0000000085600000| Untracked 
|  87|0x0000000085700000, 0x0000000085700000, 0x0000000085800000|  0%| F|  |TAMS 0x0000000085700000, 0x0000000085700000| Untracked 
|  88|0x0000000085800000, 0x0000000085800000, 0x0000000085900000|  0%| F|  |TAMS 0x0000000085800000, 0x0000000085800000| Untracked 
|  89|0x0000000085900000, 0x0000000085900000, 0x0000000085a00000|  0%| F|  |TAMS 0x0000000085900000, 0x0000000085900000| Untracked 
|  90|0x0000000085a00000, 0x0000000085a00000, 0x0000000085b00000|  0%| F|  |TAMS 0x0000000085a00000, 0x0000000085a00000| Untracked 
|  91|0x0000000085b00000, 0x0000000085c00000, 0x0000000085c00000|100%| S|CS|TAMS 0x0000000085b00000, 0x0000000085b00000| Complete 
|  92|0x0000000085c00000, 0x0000000085d00000, 0x0000000085d00000|100%| S|CS|TAMS 0x0000000085c00000, 0x0000000085c00000| Complete 
|  93|0x0000000085d00000, 0x0000000085e00000, 0x0000000085e00000|100%| S|CS|TAMS 0x0000000085d00000, 0x0000000085d00000| Complete 
|  94|0x0000000085e00000, 0x0000000085f00000, 0x0000000085f00000|100%| S|CS|TAMS 0x0000000085e00000, 0x0000000085e00000| Complete 
|  95|0x0000000085f00000, 0x0000000086000000, 0x0000000086000000|100%| S|CS|TAMS 0x0000000085f00000, 0x0000000085f00000| Complete 
|  96|0x0000000086000000, 0x0000000086100000, 0x0000000086100000|100%| S|CS|TAMS 0x0000000086000000, 0x0000000086000000| Complete 
|  97|0x0000000086100000, 0x0000000086200000, 0x0000000086200000|100%| S|CS|TAMS 0x0000000086100000, 0x0000000086100000| Complete 
|  98|0x0000000086200000, 0x0000000086300000, 0x0000000086300000|100%| S|CS|TAMS 0x0000000086200000, 0x0000000086200000| Complete 
|  99|0x0000000086300000, 0x0000000086300000, 0x0000000086400000|  0%| F|  |TAMS 0x0000000086300000, 0x0000000086300000| Untracked 
| 100|0x0000000086400000, 0x0000000086400000, 0x0000000086500000|  0%| F|  |TAMS 0x0000000086400000, 0x0000000086400000| Untracked 
| 101|0x0000000086500000, 0x0000000086500000, 0x0000000086600000|  0%| F|  |TAMS 0x0000000086500000, 0x0000000086500000| Untracked 
| 102|0x0000000086600000, 0x0000000086600000, 0x0000000086700000|  0%| F|  |TAMS 0x0000000086600000, 0x0000000086600000| Untracked 
| 103|0x0000000086700000, 0x0000000086700000, 0x0000000086800000|  0%| F|  |TAMS 0x0000000086700000, 0x0000000086700000| Untracked 
| 104|0x0000000086800000, 0x0000000086800000, 0x0000000086900000|  0%| F|  |TAMS 0x0000000086800000, 0x0000000086800000| Untracked 
| 105|0x0000000086900000, 0x0000000086900000, 0x0000000086a00000|  0%| F|  |TAMS 0x0000000086900000, 0x0000000086900000| Untracked 
| 106|0x0000000086a00000, 0x0000000086a00000, 0x0000000086b00000|  0%| F|  |TAMS 0x0000000086a00000, 0x0000000086a00000| Untracked 
| 107|0x0000000086b00000, 0x0000000086b00000, 0x0000000086c00000|  0%| F|  |TAMS 0x0000000086b00000, 0x0000000086b00000| Untracked 
| 108|0x0000000086c00000, 0x0000000086c00000, 0x0000000086d00000|  0%| F|  |TAMS 0x0000000086c00000, 0x0000000086c00000| Untracked 
| 109|0x0000000086d00000, 0x0000000086d00000, 0x0000000086e00000|  0%| F|  |TAMS 0x0000000086d00000, 0x0000000086d00000| Untracked 
| 110|0x0000000086e00000, 0x0000000086e00000, 0x0000000086f00000|  0%| F|  |TAMS 0x0000000086e00000, 0x0000000086e00000| Untracked 
| 111|0x0000000086f00000, 0x0000000086f00000, 0x0000000087000000|  0%| F|  |TAMS 0x0000000086f00000, 0x0000000086f00000| Untracked 
| 112|0x0000000087000000, 0x0000000087000000, 0x0000000087100000|  0%| F|  |TAMS 0x0000000087000000, 0x0000000087000000| Untracked 
| 113|0x0000000087100000, 0x0000000087100000, 0x0000000087200000|  0%| F|  |TAMS 0x0000000087100000, 0x0000000087100000| Untracked 
| 114|0x0000000087200000, 0x0000000087200000, 0x0000000087300000|  0%| F|  |TAMS 0x0000000087200000, 0x0000000087200000| Untracked 
| 115|0x0000000087300000, 0x0000000087300000, 0x0000000087400000|  0%| F|  |TAMS 0x0000000087300000, 0x0000000087300000| Untracked 
| 116|0x0000000087400000, 0x0000000087400000, 0x0000000087500000|  0%| F|  |TAMS 0x0000000087400000, 0x0000000087400000| Untracked 
| 117|0x0000000087500000, 0x0000000087500000, 0x0000000087600000|  0%| F|  |TAMS 0x0000000087500000, 0x0000000087500000| Untracked 
| 118|0x0000000087600000, 0x0000000087600000, 0x0000000087700000|  0%| F|  |TAMS 0x0000000087600000, 0x0000000087600000| Untracked 
| 119|0x0000000087700000, 0x0000000087700000, 0x0000000087800000|  0%| F|  |TAMS 0x0000000087700000, 0x0000000087700000| Untracked 
| 120|0x0000000087800000, 0x0000000087800000, 0x0000000087900000|  0%| F|  |TAMS 0x0000000087800000, 0x0000000087800000| Untracked 
| 121|0x0000000087900000, 0x0000000087900000, 0x0000000087a00000|  0%| F|  |TAMS 0x0000000087900000, 0x0000000087900000| Untracked 
| 122|0x0000000087a00000, 0x0000000087a00000, 0x0000000087b00000|  0%| F|  |TAMS 0x0000000087a00000, 0x0000000087a00000| Untracked 
| 123|0x0000000087b00000, 0x0000000087b00000, 0x0000000087c00000|  0%| F|  |TAMS 0x0000000087b00000, 0x0000000087b00000| Untracked 
| 124|0x0000000087c00000, 0x0000000087c00000, 0x0000000087d00000|  0%| F|  |TAMS 0x0000000087c00000, 0x0000000087c00000| Untracked 
| 125|0x0000000087d00000, 0x0000000087d00000, 0x0000000087e00000|  0%| F|  |TAMS 0x0000000087d00000, 0x0000000087d00000| Untracked 
| 126|0x0000000087e00000, 0x0000000087e00000, 0x0000000087f00000|  0%| F|  |TAMS 0x0000000087e00000, 0x0000000087e00000| Untracked 
| 127|0x0000000087f00000, 0x0000000087f00000, 0x0000000088000000|  0%| F|  |TAMS 0x0000000087f00000, 0x0000000087f00000| Untracked 
| 128|0x0000000088000000, 0x0000000088000000, 0x0000000088100000|  0%| F|  |TAMS 0x0000000088000000, 0x0000000088000000| Untracked 
| 129|0x0000000088100000, 0x0000000088100000, 0x0000000088200000|  0%| F|  |TAMS 0x0000000088100000, 0x0000000088100000| Untracked 
| 130|0x0000000088200000, 0x0000000088200000, 0x0000000088300000|  0%| F|  |TAMS 0x0000000088200000, 0x0000000088200000| Untracked 
| 131|0x0000000088300000, 0x0000000088300000, 0x0000000088400000|  0%| F|  |TAMS 0x0000000088300000, 0x0000000088300000| Untracked 
| 132|0x0000000088400000, 0x0000000088400000, 0x0000000088500000|  0%| F|  |TAMS 0x0000000088400000, 0x0000000088400000| Untracked 
| 133|0x0000000088500000, 0x0000000088500000, 0x0000000088600000|  0%| F|  |TAMS 0x0000000088500000, 0x0000000088500000| Untracked 
| 134|0x0000000088600000, 0x0000000088600000, 0x0000000088700000|  0%| F|  |TAMS 0x0000000088600000, 0x0000000088600000| Untracked 
| 135|0x0000000088700000, 0x0000000088700000, 0x0000000088800000|  0%| F|  |TAMS 0x0000000088700000, 0x0000000088700000| Untracked 
| 136|0x0000000088800000, 0x0000000088800000, 0x0000000088900000|  0%| F|  |TAMS 0x0000000088800000, 0x0000000088800000| Untracked 
| 137|0x0000000088900000, 0x0000000088900000, 0x0000000088a00000|  0%| F|  |TAMS 0x0000000088900000, 0x0000000088900000| Untracked 
| 138|0x0000000088a00000, 0x0000000088a00000, 0x0000000088b00000|  0%| F|  |TAMS 0x0000000088a00000, 0x0000000088a00000| Untracked 
| 139|0x0000000088b00000, 0x0000000088b3ae00, 0x0000000088c00000| 22%| E|  |TAMS 0x0000000088b00000, 0x0000000088b00000| Complete 
| 140|0x0000000088c00000, 0x0000000088d00000, 0x0000000088d00000|100%| E|CS|TAMS 0x0000000088c00000, 0x0000000088c00000| Complete 
| 141|0x0000000088d00000, 0x0000000088e00000, 0x0000000088e00000|100%| E|CS|TAMS 0x0000000088d00000, 0x0000000088d00000| Complete 
| 142|0x0000000088e00000, 0x0000000088f00000, 0x0000000088f00000|100%| E|CS|TAMS 0x0000000088e00000, 0x0000000088e00000| Complete 
| 143|0x0000000088f00000, 0x0000000089000000, 0x0000000089000000|100%| E|CS|TAMS 0x0000000088f00000, 0x0000000088f00000| Complete 
| 144|0x0000000089000000, 0x0000000089100000, 0x0000000089100000|100%| E|CS|TAMS 0x0000000089000000, 0x0000000089000000| Complete 
| 145|0x0000000089100000, 0x0000000089200000, 0x0000000089200000|100%| E|CS|TAMS 0x0000000089100000, 0x0000000089100000| Complete 
| 146|0x0000000089200000, 0x0000000089300000, 0x0000000089300000|100%| E|CS|TAMS 0x0000000089200000, 0x0000000089200000| Complete 
| 147|0x0000000089300000, 0x0000000089400000, 0x0000000089400000|100%| E|CS|TAMS 0x0000000089300000, 0x0000000089300000| Complete 
| 148|0x0000000089400000, 0x0000000089500000, 0x0000000089500000|100%| E|CS|TAMS 0x0000000089400000, 0x0000000089400000| Complete 
| 149|0x0000000089500000, 0x0000000089600000, 0x0000000089600000|100%| E|CS|TAMS 0x0000000089500000, 0x0000000089500000| Complete 
| 150|0x0000000089600000, 0x0000000089700000, 0x0000000089700000|100%| E|CS|TAMS 0x0000000089600000, 0x0000000089600000| Complete 
| 151|0x0000000089700000, 0x0000000089800000, 0x0000000089800000|100%| E|CS|TAMS 0x0000000089700000, 0x0000000089700000| Complete 

Card table byte_map: [0x000002063aa70000,0x000002063ae70000] _byte_map_base: 0x000002063a670000

Marking Bits (Prev, Next): (CMBitMap*) 0x000002062786f1a0, (CMBitMap*) 0x000002062786f168
 Prev Bits: [0x000002063d270000, 0x000002063f270000)
 Next Bits: [0x000002063b270000, 0x000002063d270000)

Polling page: 0x0000020627000000

Metaspace:

Usage:
  Non-class:     74.72 MB capacity,    73.37 MB ( 98%) used,     1.08 MB (  1%) free+waste,   275.75 KB ( <1%) overhead. 
      Class:     11.83 MB capacity,    10.96 MB ( 93%) used,   763.18 KB (  6%) free+waste,   127.31 KB (  1%) overhead. 
       Both:     86.55 MB capacity,    84.32 MB ( 97%) used,     1.83 MB (  2%) free+waste,   403.06 KB ( <1%) overhead. 

Virtual space:
  Non-class space:       76.00 MB reserved,      74.76 MB ( 98%) committed 
      Class space:        1.00 GB reserved,      11.95 MB (  1%) committed 
             Both:        1.07 GB reserved,      86.71 MB (  8%) committed 

Chunk freelists:
   Non-Class:  38.00 KB
       Class:  18.00 KB
        Both:  56.00 KB

MaxMetaspaceSize: 17179869184.00 GB
CompressedClassSpaceSize: 1.00 GB
Initial GC threshold: 20.80 MB
Current GC threshold: 137.43 MB
CDS: off

CodeHeap 'non-profiled nmethods': size=120000Kb used=5689Kb max_used=5689Kb free=114311Kb
 bounds [0x0000020632e10000, 0x00000206333a0000, 0x000002063a340000]
CodeHeap 'profiled nmethods': size=120000Kb used=21779Kb max_used=21779Kb free=98220Kb
 bounds [0x000002062b8e0000, 0x000002062ce30000, 0x0000020632e10000]
CodeHeap 'non-nmethods': size=5760Kb used=2367Kb max_used=2418Kb free=3392Kb
 bounds [0x000002062b340000, 0x000002062b5b0000, 0x000002062b8e0000]
 total_blobs=10798 nmethods=9911 adapters=799
 compilation: enabled
              stopped_count=0, restarted_count=0
 full_count=0

Compilation events (20 events):
Event: 31.431 Thread 0x0000020641cee800 10020       2       com.sun.org.apache.xml.internal.utils.SuballocatedIntVector::setElementAt (130 bytes)
Event: 31.431 Thread 0x0000020641cee800 nmethod 10020 0x000002062ce0b390 code [0x000002062ce0b580, 0x000002062ce0ba68]
Event: 31.431 Thread 0x0000020641cee800 10021       1       org.apache.xerces.dom.NodeImpl::getLocalName (2 bytes)
Event: 31.432 Thread 0x0000020641cee800 nmethod 10021 0x0000020633392690 code [0x0000020633392840, 0x00000206333928f8]
Event: 31.440 Thread 0x0000020641cee800 10022       2       java.lang.Integer::numberOfTrailingZeros (79 bytes)
Event: 31.440 Thread 0x0000020641cee800 nmethod 10022 0x000002062ce0bc90 code [0x000002062ce0be40, 0x000002062ce0bf98]
Event: 31.488 Thread 0x0000020641cee800 10023       2       android.databinding.internal.org.antlr.v4.runtime.atn.ATNDeserializer::toInt (2 bytes)
Event: 31.489 Thread 0x0000020641cee800 nmethod 10023 0x000002062ce0c010 code [0x000002062ce0c1c0, 0x000002062ce0c298]
Event: 31.493 Thread 0x0000020641cee800 10024       1       android.databinding.internal.org.antlr.v4.runtime.atn.EpsilonTransition::isEpsilon (2 bytes)
Event: 31.493 Thread 0x0000020641cee800 nmethod 10024 0x0000020633392990 code [0x0000020633392b40, 0x0000020633392bf8]
Event: 31.493 Thread 0x0000020641cee800 10025       2       android.databinding.internal.org.antlr.v4.runtime.atn.ATNState::getNumberOfTransitions (10 bytes)
Event: 31.494 Thread 0x0000020641cee800 nmethod 10025 0x000002062ce0c310 code [0x000002062ce0c4c0, 0x000002062ce0c5e8]
Event: 31.498 Thread 0x0000020641cee800 10027       2       android.databinding.internal.org.antlr.v4.runtime.atn.ATNState::transition (14 bytes)
Event: 31.498 Thread 0x0000020641cee800 nmethod 10027 0x000002062ce0c690 code [0x000002062ce0c840, 0x000002062ce0c988]
Event: 31.498 Thread 0x0000020641cee800 10028       2       android.databinding.internal.org.antlr.v4.runtime.atn.ATNDeserializer::checkCondition (7 bytes)
Event: 31.499 Thread 0x0000020641cee800 nmethod 10028 0x000002062ce0ca90 code [0x000002062ce0cc60, 0x000002062ce0ce28]
Event: 31.499 Thread 0x0000020641cee800 10029       2       android.databinding.internal.org.antlr.v4.runtime.atn.ATNDeserializer::checkCondition (14 bytes)
Event: 31.499 Thread 0x0000020641cee800 nmethod 10029 0x000002062ce0cf90 code [0x000002062ce0d140, 0x000002062ce0d308]
Event: 31.499 Thread 0x0000020641cee800 10030       1       android.databinding.internal.org.antlr.v4.runtime.atn.ATNState::onlyHasEpsilonTransitions (5 bytes)
Event: 31.499 Thread 0x0000020641cee800 nmethod 10030 0x0000020633392c90 code [0x0000020633392e40, 0x0000020633392ef8]

GC Heap History (20 events):
Event: 18.721 GC heap before
{Heap before GC invocations=12 (full 0):
 garbage-first heap   total 129024K, used 98746K [0x0000000080000000, 0x0000000100000000)
  region size 1024K, 65 young (66560K), 5 survivors (5120K)
 Metaspace       used 54906K, capacity 56321K, committed 56656K, reserved 1097728K
  class space    used 6954K, capacity 7495K, committed 7628K, reserved 1048576K
}
Event: 18.736 GC heap after
{Heap after GC invocations=13 (full 0):
 garbage-first heap   total 129024K, used 45472K [0x0000000080000000, 0x0000000100000000)
  region size 1024K, 9 young (9216K), 9 survivors (9216K)
 Metaspace       used 54906K, capacity 56321K, committed 56656K, reserved 1097728K
  class space    used 6954K, capacity 7495K, committed 7628K, reserved 1048576K
}
Event: 20.246 GC heap before
{Heap before GC invocations=13 (full 0):
 garbage-first heap   total 129024K, used 97696K [0x0000000080000000, 0x0000000100000000)
  region size 1024K, 61 young (62464K), 9 survivors (9216K)
 Metaspace       used 62039K, capacity 63611K, committed 63824K, reserved 1105920K
  class space    used 7793K, capacity 8384K, committed 8396K, reserved 1048576K
}
Event: 20.259 GC heap after
{Heap after GC invocations=14 (full 0):
 garbage-first heap   total 129024K, used 50248K [0x0000000080000000, 0x0000000100000000)
  region size 1024K, 5 young (5120K), 5 survivors (5120K)
 Metaspace       used 62039K, capacity 63611K, committed 63824K, reserved 1105920K
  class space    used 7793K, capacity 8384K, committed 8396K, reserved 1048576K
}
Event: 21.243 GC heap before
{Heap before GC invocations=14 (full 0):
 garbage-first heap   total 129024K, used 100424K [0x0000000080000000, 0x0000000100000000)
  region size 1024K, 54 young (55296K), 5 survivors (5120K)
 Metaspace       used 65292K, capacity 66814K, committed 67152K, reserved 1107968K
  class space    used 8234K, capacity 8799K, committed 8908K, reserved 1048576K
}
Event: 21.252 GC heap after
{Heap after GC invocations=15 (full 0):
 garbage-first heap   total 129024K, used 53473K [0x0000000080000000, 0x0000000100000000)
  region size 1024K, 4 young (4096K), 4 survivors (4096K)
 Metaspace       used 65292K, capacity 66814K, committed 67152K, reserved 1107968K
  class space    used 8234K, capacity 8799K, committed 8908K, reserved 1048576K
}
Event: 22.025 GC heap before
{Heap before GC invocations=15 (full 0):
 garbage-first heap   total 129024K, used 102625K [0x0000000080000000, 0x0000000100000000)
  region size 1024K, 52 young (53248K), 4 survivors (4096K)
 Metaspace       used 67358K, capacity 69017K, committed 69200K, reserved 1110016K
  class space    used 8517K, capacity 9126K, committed 9164K, reserved 1048576K
}
Event: 22.034 GC heap after
{Heap after GC invocations=16 (full 0):
 garbage-first heap   total 129024K, used 56711K [0x0000000080000000, 0x0000000100000000)
  region size 1024K, 7 young (7168K), 7 survivors (7168K)
 Metaspace       used 67358K, capacity 69017K, committed 69200K, reserved 1110016K
  class space    used 8517K, capacity 9126K, committed 9164K, reserved 1048576K
}
Event: 23.592 GC heap before
{Heap before GC invocations=16 (full 0):
 garbage-first heap   total 129024K, used 103815K [0x0000000080000000, 0x0000000100000000)
  region size 1024K, 53 young (54272K), 7 survivors (7168K)
 Metaspace       used 72446K, capacity 74103K, committed 74192K, reserved 1114112K
  class space    used 9349K, capacity 9997K, committed 10060K, reserved 1048576K
}
Event: 23.603 GC heap after
{Heap after GC invocations=17 (full 0):
 garbage-first heap   total 129024K, used 59854K [0x0000000080000000, 0x0000000100000000)
  region size 1024K, 7 young (7168K), 7 survivors (7168K)
 Metaspace       used 72446K, capacity 74103K, committed 74192K, reserved 1114112K
  class space    used 9349K, capacity 9997K, committed 10060K, reserved 1048576K
}
Event: 25.080 GC heap before
{Heap before GC invocations=17 (full 0):
 garbage-first heap   total 129024K, used 95694K [0x0000000080000000, 0x0000000100000000)
  region size 1024K, 43 young (44032K), 7 survivors (7168K)
 Metaspace       used 75655K, capacity 77385K, committed 77520K, reserved 1116160K
  class space    used 9774K, capacity 10458K, committed 10572K, reserved 1048576K
}
Event: 25.100 GC heap after
{Heap after GC invocations=18 (full 0):
 garbage-first heap   total 129024K, used 62065K [0x0000000080000000, 0x0000000100000000)
  region size 1024K, 6 young (6144K), 6 survivors (6144K)
 Metaspace       used 75655K, capacity 77385K, committed 77520K, reserved 1116160K
  class space    used 9774K, capacity 10458K, committed 10572K, reserved 1048576K
}
Event: 26.678 GC heap before
{Heap before GC invocations=19 (full 0):
 garbage-first heap   total 129024K, used 104049K [0x0000000080000000, 0x0000000100000000)
  region size 1024K, 47 young (48128K), 6 survivors (6144K)
 Metaspace       used 80195K, capacity 82097K, committed 82132K, reserved 1120256K
  class space    used 10456K, capacity 11189K, committed 11212K, reserved 1048576K
}
Event: 26.693 GC heap after
{Heap after GC invocations=20 (full 0):
 garbage-first heap   total 129024K, used 65684K [0x0000000080000000, 0x0000000100000000)
  region size 1024K, 6 young (6144K), 6 survivors (6144K)
 Metaspace       used 80195K, capacity 82097K, committed 82132K, reserved 1120256K
  class space    used 10456K, capacity 11189K, committed 11212K, reserved 1048576K
}
Event: 27.790 GC heap before
{Heap before GC invocations=20 (full 0):
 garbage-first heap   total 129024K, used 104596K [0x0000000080000000, 0x0000000100000000)
  region size 1024K, 45 young (46080K), 6 survivors (6144K)
 Metaspace       used 81694K, capacity 84027K, committed 84180K, reserved 1122304K
  class space    used 10732K, capacity 11617K, committed 11724K, reserved 1048576K
}
Event: 27.806 GC heap after
{Heap after GC invocations=21 (full 0):
 garbage-first heap   total 129024K, used 68269K [0x0000000080000000, 0x0000000100000000)
  region size 1024K, 4 young (4096K), 4 survivors (4096K)
 Metaspace       used 81694K, capacity 84027K, committed 84180K, reserved 1122304K
  class space    used 10732K, capacity 11617K, committed 11724K, reserved 1048576K
}
Event: 28.686 GC heap before
{Heap before GC invocations=22 (full 0):
 garbage-first heap   total 129024K, used 105133K [0x0000000080000000, 0x0000000100000000)
  region size 1024K, 41 young (41984K), 4 survivors (4096K)
 Metaspace       used 82070K, capacity 84443K, committed 84692K, reserved 1122304K
  class space    used 10744K, capacity 11634K, committed 11724K, reserved 1048576K
}
Event: 28.696 GC heap after
{Heap after GC invocations=23 (full 0):
 garbage-first heap   total 155648K, used 70231K [0x0000000080000000, 0x0000000100000000)
  region size 1024K, 6 young (6144K), 6 survivors (6144K)
 Metaspace       used 82070K, capacity 84443K, committed 84692K, reserved 1122304K
  class space    used 10744K, capacity 11634K, committed 11724K, reserved 1048576K
}
Event: 31.058 GC heap before
{Heap before GC invocations=23 (full 0):
 garbage-first heap   total 155648K, used 125527K [0x0000000080000000, 0x0000000100000000)
  region size 1024K, 59 young (60416K), 6 survivors (6144K)
 Metaspace       used 84464K, capacity 86749K, committed 86996K, reserved 1124352K
  class space    used 10968K, capacity 11847K, committed 11980K, reserved 1048576K
}
Event: 31.081 GC heap after
{Heap after GC invocations=24 (full 0):
 garbage-first heap   total 155648K, used 86000K [0x0000000080000000, 0x0000000100000000)
  region size 1024K, 8 young (8192K), 8 survivors (8192K)
 Metaspace       used 84464K, capacity 86749K, committed 86996K, reserved 1124352K
  class space    used 10968K, capacity 11847K, committed 11980K, reserved 1048576K
}

Deoptimization events (20 events):
Event: 31.333 Thread 0x0000020644095000 Uncommon trap: trap_request=0xffffff4d fr.pc=0x000002063336e1a0 relative=0x0000000000000080
Event: 31.333 Thread 0x0000020644095000 Uncommon trap: reason=unstable_if action=reinterpret pc=0x000002063336e1a0 method=java.lang.CharacterDataLatin1.isJavaIdentifierPart(I)Z @ 11 c2
Event: 31.333 Thread 0x0000020644095000 DEOPT PACKING pc=0x000002063336e1a0 sp=0x0000005265bf8900
Event: 31.333 Thread 0x0000020644095000 DEOPT UNPACKING pc=0x000002062b38a1af sp=0x0000005265bf8878 mode 2
Event: 31.348 Thread 0x0000020644095000 Uncommon trap: trap_request=0xffffff4d fr.pc=0x0000020633360ccc relative=0x00000000000000ac
Event: 31.348 Thread 0x0000020644095000 Uncommon trap: reason=unstable_if action=reinterpret pc=0x0000020633360ccc method=org.apache.xerces.impl.XMLEntityScanner.scanChar()I @ 14 c2
Event: 31.348 Thread 0x0000020644095000 DEOPT PACKING pc=0x0000020633360ccc sp=0x0000005265bfa360
Event: 31.348 Thread 0x0000020644095000 DEOPT UNPACKING pc=0x000002062b38a1af sp=0x0000005265bfa2e8 mode 2
Event: 31.349 Thread 0x0000020644095000 Uncommon trap: trap_request=0xffffff4d fr.pc=0x0000020633348ca0 relative=0x00000000000002a0
Event: 31.349 Thread 0x0000020644095000 Uncommon trap: reason=unstable_if action=reinterpret pc=0x0000020633348ca0 method=org.apache.xerces.impl.XMLEntityScanner.skipSpaces()Z @ 70 c2
Event: 31.349 Thread 0x0000020644095000 DEOPT PACKING pc=0x0000020633348ca0 sp=0x0000005265bfa300
Event: 31.349 Thread 0x0000020644095000 DEOPT UNPACKING pc=0x000002062b38a1af sp=0x0000005265bfa290 mode 2
Event: 31.349 Thread 0x0000020644095000 Uncommon trap: trap_request=0xffffff4d fr.pc=0x0000020633368374 relative=0x0000000000001d54
Event: 31.349 Thread 0x0000020644095000 Uncommon trap: reason=unstable_if action=reinterpret pc=0x0000020633368374 method=org.apache.xerces.parsers.AbstractDOMParser.startElement(Lorg/apache/xerces/xni/QName;Lorg/apache/xerces/xni/XMLAttributes;Lorg/apache/xerces/xni/Augmentations;)V @ 626 c2
Event: 31.349 Thread 0x0000020644095000 DEOPT PACKING pc=0x0000020633368374 sp=0x0000005265bfa020
Event: 31.349 Thread 0x0000020644095000 DEOPT UNPACKING pc=0x000002062b38a1af sp=0x0000005265bf9fc8 mode 2
Event: 31.349 Thread 0x0000020644095000 Uncommon trap: trap_request=0xffffff4d fr.pc=0x000002063333c41c relative=0x000000000000083c
Event: 31.349 Thread 0x0000020644095000 Uncommon trap: reason=unstable_if action=reinterpret pc=0x000002063333c41c method=org.apache.xerces.impl.XMLEntityScanner.scanContent(Lorg/apache/xerces/xni/XMLString;)I @ 134 c2
Event: 31.349 Thread 0x0000020644095000 DEOPT PACKING pc=0x000002063333c41c sp=0x0000005265bfa0d0
Event: 31.349 Thread 0x0000020644095000 DEOPT UNPACKING pc=0x000002062b38a1af sp=0x0000005265bfa068 mode 2

Classes redefined (0 events):
No events

Internal exceptions (20 events):
Event: 26.435 Thread 0x0000020644092800 Exception <a 'java/lang/NoSuchMethodError'{0x0000000085a5e070}: 'void java.lang.invoke.DirectMethodHandle$Holder.invokeSpecial(java.lang.Object, java.lang.Object, java.lang.Object, int)'> (0x0000000085a5e070) thrown at [./src/hotspot/share/interpreter/linkResolver.cpp, line 773]
Event: 26.461 Thread 0x0000020644095000 Exception <a 'java/lang/IncompatibleClassChangeError'{0x000000008531b5a0}: Found class java.lang.Object, but interface was expected> (0x000000008531b5a0) thrown at [./src/hotspot/share/interpreter/linkResolver.cpp, line 839]
Event: 26.499 Thread 0x000002064474a000 Exception <a 'java/lang/NoSuchMethodError'{0x00000000852396b0}: <clinit>> (0x00000000852396b0) thrown at [./src/hotspot/share/prims/jni.cpp, line 1366]
Event: 26.504 Thread 0x0000020644095000 Exception <a 'java/lang/NoSuchMethodError'{0x0000000085216030}: 'java.lang.Object java.lang.invoke.DirectMethodHandle$Holder.invokeInterface(java.lang.Object, java.lang.Object, int)'> (0x0000000085216030) thrown at [./src/hotspot/share/interpreter/linkResolver.cpp, line 773]
Event: 26.508 Thread 0x0000020644095000 Exception <a 'java/lang/NoSuchMethodError'{0x000000008524b300}: 'void java.lang.invoke.DirectMethodHandle$Holder.invokeStatic(java.lang.Object, java.lang.Object, java.lang.Object, int)'> (0x000000008524b300) thrown at [./src/hotspot/share/interpreter/linkResolver.cpp, line 773]
Event: 26.575 Thread 0x0000020644095000 Implicit null exception at 0x00000206330a56f7 to 0x00000206330a588c
Event: 26.590 Thread 0x0000020644095000 Exception <a 'java/lang/IncompatibleClassChangeError'{0x0000000085049c38}: Found class java.lang.Object, but interface was expected> (0x0000000085049c38) thrown at [./src/hotspot/share/interpreter/linkResolver.cpp, line 839]
Event: 27.225 Thread 0x0000020644095000 Exception <a 'java/lang/NoSuchMethodError'{0x000000008748af68}: 'void java.lang.invoke.DirectMethodHandle$Holder.invokeStatic(java.lang.Object, java.lang.Object, java.lang.Object, java.lang.Object, int, java.lang.Object, java.lang.Object)'> (0x000000008748af68) thrown at [./src/hotspot/share/interpreter/linkResolver.cpp, line 773]
Event: 27.301 Thread 0x0000020645102800 Exception <a 'java/lang/NoSuchMethodError'{0x0000000086eccc30}: 'java.lang.Object java.lang.invoke.DirectMethodHandle$Holder.invokeSpecialIFC(java.lang.Object, java.lang.Object, java.lang.Object)'> (0x0000000086eccc30) thrown at [./src/hotspot/share/interpreter/linkResolver.cpp, line 773]
Event: 27.301 Thread 0x0000020645103000 Exception <a 'java/lang/NoSuchMethodError'{0x0000000086eb6560}: 'java.lang.Object java.lang.invoke.DirectMethodHandle$Holder.invokeSpecialIFC(java.lang.Object, java.lang.Object, java.lang.Object)'> (0x0000000086eb6560) thrown at [./src/hotspot/share/interpreter/linkResolver.cpp, line 773]
Event: 27.301 Thread 0x0000020645109000 Exception <a 'java/lang/NoSuchMethodError'{0x0000000086ec0510}: 'java.lang.Object java.lang.invoke.DirectMethodHandle$Holder.invokeSpecialIFC(java.lang.Object, java.lang.Object, java.lang.Object)'> (0x0000000086ec0510) thrown at [./src/hotspot/share/interpreter/linkResolver.cpp, line 773]
Event: 27.301 Thread 0x0000020645108000 Exception <a 'java/lang/NoSuchMethodError'{0x0000000086ed23b8}: 'java.lang.Object java.lang.invoke.DirectMethodHandle$Holder.invokeSpecialIFC(java.lang.Object, java.lang.Object, java.lang.Object)'> (0x0000000086ed23b8) thrown at [./src/hotspot/share/interpreter/linkResolver.cpp, line 773]
Event: 27.301 Thread 0x0000020645101800 Exception <a 'java/lang/NoSuchMethodError'{0x0000000086edc368}: 'java.lang.Object java.lang.invoke.DirectMethodHandle$Holder.invokeSpecialIFC(java.lang.Object, java.lang.Object, java.lang.Object)'> (0x0000000086edc368) thrown at [./src/hotspot/share/interpreter/linkResolver.cpp, line 773]
Event: 27.301 Thread 0x00000206432d9800 Exception <a 'java/lang/NoSuchMethodError'{0x0000000086ee7518}: 'java.lang.Object java.lang.invoke.DirectMethodHandle$Holder.invokeSpecialIFC(java.lang.Object, java.lang.Object, java.lang.Object)'> (0x0000000086ee7518) thrown at [./src/hotspot/share/interpreter/linkResolver.cpp, line 773]
Event: 27.301 Thread 0x0000020645107000 Exception <a 'java/lang/NoSuchMethodError'{0x0000000086eab828}: 'java.lang.Object java.lang.invoke.DirectMethodHandle$Holder.invokeSpecialIFC(java.lang.Object, java.lang.Object, java.lang.Object)'> (0x0000000086eab828) thrown at [./src/hotspot/share/interpreter/linkResolver.cpp, line 773]
Event: 27.301 Thread 0x0000020644095000 Exception <a 'java/lang/NoSuchMethodError'{0x0000000086e7f8f8}: 'java.lang.Object java.lang.invoke.DirectMethodHandle$Holder.invokeSpecialIFC(java.lang.Object, java.lang.Object, java.lang.Object)'> (0x0000000086e7f8f8) thrown at [./src/hotspot/share/interpreter/linkResolver.cpp, line 773]
Event: 27.404 Thread 0x0000020644095000 Exception <a 'java/lang/NoSuchMethodError'{0x000000008694f9d0}: 'int java.lang.invoke.DirectMethodHandle$Holder.invokeStaticInit(java.lang.Object, java.lang.Object, java.lang.Object, java.lang.Object, java.lang.Object)'> (0x000000008694f9d0) thrown at [./src/hotspot/share/interpreter/linkResolver.cpp, line 773]
Event: 28.155 Thread 0x00000206432d5800 Exception <a 'java/lang/NoSuchMethodError'{0x00000000878dd288}: 'void java.lang.invoke.DirectMethodHandle$Holder.invokeVirtual(java.lang.Object, java.lang.Object)'> (0x00000000878dd288) thrown at [./src/hotspot/share/interpreter/linkResolver.cpp, line 773]
Event: 30.256 Thread 0x0000020644095000 Implicit null exception at 0x00000206330fdd84 to 0x00000206330fdf7c
Event: 31.140 Thread 0x0000020644095000 Implicit null exception at 0x0000020633379fad to 0x000002063337a947

Events (20 events):
Event: 31.497 loading class android/databinding/internal/org/antlr/v4/runtime/atn/LexerMoreAction
Event: 31.497 loading class android/databinding/internal/org/antlr/v4/runtime/atn/LexerMoreAction done
Event: 31.497 loading class android/databinding/internal/org/antlr/v4/runtime/atn/LexerPopModeAction
Event: 31.497 loading class android/databinding/internal/org/antlr/v4/runtime/atn/LexerPopModeAction done
Event: 31.498 loading class android/databinding/internal/org/antlr/v4/runtime/dfa/DFA
Event: 31.498 loading class android/databinding/internal/org/antlr/v4/runtime/dfa/DFA done
Event: 31.499 loading class android/databinding/internal/org/antlr/v4/runtime/dfa/DFASerializer
Event: 31.499 loading class android/databinding/internal/org/antlr/v4/runtime/dfa/DFASerializer done
Event: 31.500 loading class android/databinding/internal/org/antlr/v4/runtime/dfa/LexerDFASerializer
Event: 31.500 loading class android/databinding/internal/org/antlr/v4/runtime/dfa/LexerDFASerializer done
Event: 31.501 loading class android/databinding/internal/org/antlr/v4/runtime/Recognizer$1
Event: 31.501 loading class android/databinding/internal/org/antlr/v4/runtime/Recognizer$1 done
Event: 31.501 loading class android/databinding/internal/org/antlr/v4/runtime/ConsoleErrorListener
Event: 31.501 loading class android/databinding/internal/org/antlr/v4/runtime/ConsoleErrorListener done
Event: 31.502 loading class android/databinding/internal/org/antlr/v4/runtime/BaseErrorListener
Event: 31.502 loading class android/databinding/internal/org/antlr/v4/runtime/BaseErrorListener done
Event: 31.502 loading class android/databinding/internal/org/antlr/v4/runtime/CommonTokenFactory
Event: 31.502 loading class android/databinding/internal/org/antlr/v4/runtime/CommonTokenFactory done
Event: 31.503 loading class android/databinding/internal/org/antlr/v4/runtime/TokenFactory
Event: 31.503 loading class android/databinding/internal/org/antlr/v4/runtime/TokenFactory done


Dynamic libraries:
0x00007ff6e5900000 - 0x00007ff6e590a000 	C:\Program Files\Android\Android Studio\jre\bin\java.exe
0x00007ffa6f890000 - 0x00007ffa6faa4000 	C:\WINDOWS\SYSTEM32\ntdll.dll
0x00007ffa6e440000 - 0x00007ffa6e503000 	C:\WINDOWS\System32\KERNEL32.DLL
0x00007ffa6cf50000 - 0x00007ffa6d2ed000 	C:\WINDOWS\System32\KERNELBASE.dll
0x00007ffa6d410000 - 0x00007ffa6d521000 	C:\WINDOWS\System32\ucrtbase.dll
0x00007ffa58d90000 - 0x00007ffa58da9000 	C:\Program Files\Android\Android Studio\jre\bin\jli.dll
0x00007ffa58d40000 - 0x00007ffa58d57000 	C:\Program Files\Android\Android Studio\jre\bin\VCRUNTIME140.dll
0x00007ffa6e9a0000 - 0x00007ffa6eb4d000 	C:\WINDOWS\System32\USER32.dll
0x00007ffa6d530000 - 0x00007ffa6d556000 	C:\WINDOWS\System32\win32u.dll
0x00007ffa6dbf0000 - 0x00007ffa6dc19000 	C:\WINDOWS\System32\GDI32.dll
0x00007ffa6d2f0000 - 0x00007ffa6d402000 	C:\WINDOWS\System32\gdi32full.dll
0x00007ffa6d560000 - 0x00007ffa6d5fa000 	C:\WINDOWS\System32\msvcp_win.dll
0x00007ffa545d0000 - 0x00007ffa5485e000 	C:\WINDOWS\WinSxS\amd64_microsoft.windows.common-controls_6595b64144ccf1df_6.0.22621.608_none_a9444ca7c10bb01d\COMCTL32.dll
0x00007ffa6e370000 - 0x00007ffa6e417000 	C:\WINDOWS\System32\msvcrt.dll
0x00007ffa6dbb0000 - 0x00007ffa6dbe2000 	C:\WINDOWS\System32\IMM32.DLL
0x00007ffa2c6b0000 - 0x00007ffa2c74d000 	C:\Program Files\Android\Android Studio\jre\bin\msvcp140.dll
0x00007ffa05b50000 - 0x00007ffa06652000 	C:\Program Files\Android\Android Studio\jre\bin\server\jvm.dll
0x00007ffa6f6a0000 - 0x00007ffa6f74e000 	C:\WINDOWS\System32\ADVAPI32.dll
0x00007ffa6eb50000 - 0x00007ffa6ebf4000 	C:\WINDOWS\System32\sechost.dll
0x00007ffa6f580000 - 0x00007ffa6f695000 	C:\WINDOWS\System32\RPCRT4.dll
0x00007ffa6e420000 - 0x00007ffa6e428000 	C:\WINDOWS\System32\PSAPI.DLL
0x00007ffa3fdc0000 - 0x00007ffa3fdc9000 	C:\WINDOWS\SYSTEM32\WSOCK32.dll
0x00007ffa6f490000 - 0x00007ffa6f501000 	C:\WINDOWS\System32\WS2_32.dll
0x00007ffa64be0000 - 0x00007ffa64c14000 	C:\WINDOWS\SYSTEM32\WINMM.dll
0x00007ffa64bb0000 - 0x00007ffa64bba000 	C:\WINDOWS\SYSTEM32\VERSION.dll
0x00007ffa6bdc0000 - 0x00007ffa6bdd8000 	C:\WINDOWS\SYSTEM32\kernel.appcore.dll
0x00007ffa58dd0000 - 0x00007ffa58de1000 	C:\Program Files\Android\Android Studio\jre\bin\verify.dll
0x00007ffa6a5c0000 - 0x00007ffa6a7ee000 	C:\WINDOWS\SYSTEM32\DBGHELP.DLL
0x00007ffa6e610000 - 0x00007ffa6e99a000 	C:\WINDOWS\System32\combase.dll
0x00007ffa6dc20000 - 0x00007ffa6dcf7000 	C:\WINDOWS\System32\OLEAUT32.dll
0x00007ffa43f00000 - 0x00007ffa43f32000 	C:\WINDOWS\SYSTEM32\dbgcore.DLL
0x00007ffa6d600000 - 0x00007ffa6d67b000 	C:\WINDOWS\System32\bcryptPrimitives.dll
0x00007ffa2b9f0000 - 0x00007ffa2ba19000 	C:\Program Files\Android\Android Studio\jre\bin\java.dll
0x00007ffa4a100000 - 0x00007ffa4a10b000 	C:\Program Files\Android\Android Studio\jre\bin\jimage.dll
0x00007ffa2fa50000 - 0x00007ffa2fa68000 	C:\Program Files\Android\Android Studio\jre\bin\zip.dll
0x00007ffa6ec00000 - 0x00007ffa6f3ef000 	C:\WINDOWS\System32\SHELL32.dll
0x00007ffa6ac90000 - 0x00007ffa6b558000 	C:\WINDOWS\SYSTEM32\windows.storage.dll
0x00007ffa6ab50000 - 0x00007ffa6ac8e000 	C:\WINDOWS\SYSTEM32\wintypes.dll
0x00007ffa6d680000 - 0x00007ffa6d771000 	C:\WINDOWS\System32\SHCORE.dll
0x00007ffa6e510000 - 0x00007ffa6e56e000 	C:\WINDOWS\System32\shlwapi.dll
0x00007ffa6cbe0000 - 0x00007ffa6cc01000 	C:\WINDOWS\SYSTEM32\profapi.dll
0x00007ffa2f590000 - 0x00007ffa2f5aa000 	C:\Program Files\Android\Android Studio\jre\bin\net.dll
0x00007ffa649b0000 - 0x00007ffa64adf000 	C:\WINDOWS\SYSTEM32\WINHTTP.dll
0x00007ffa6c210000 - 0x00007ffa6c279000 	C:\WINDOWS\system32\mswsock.dll
0x00007ffa2f450000 - 0x00007ffa2f464000 	C:\Program Files\Android\Android Studio\jre\bin\nio.dll
0x00007ffa58d60000 - 0x00007ffa58d87000 	C:\Users\razya\.gradle\native\e1d6ef7f7dcc3fd88c89a11ec53ec762bb8ba0a96d01ffa2cd45eb1d1d8dd5c5\windows-amd64\native-platform.dll
0x00007ffa21990000 - 0x00007ffa21ad4000 	C:\Users\razya\.gradle\native\5664cfc778a61ccfe75a443a1ab52a65af34e5dc3c78e0209fed803814484fcb\windows-amd64\native-platform-file-events.dll
0x00007ffa49b70000 - 0x00007ffa49b7a000 	C:\Program Files\Android\Android Studio\jre\bin\management.dll
0x00007ffa491f0000 - 0x00007ffa491fd000 	C:\Program Files\Android\Android Studio\jre\bin\management_ext.dll
0x00007ffa6c460000 - 0x00007ffa6c47b000 	C:\WINDOWS\SYSTEM32\CRYPTSP.dll
0x00007ffa6bce0000 - 0x00007ffa6bd15000 	C:\WINDOWS\system32\rsaenh.dll
0x00007ffa6c2b0000 - 0x00007ffa6c2d8000 	C:\WINDOWS\SYSTEM32\USERENV.dll
0x00007ffa6c650000 - 0x00007ffa6c678000 	C:\WINDOWS\SYSTEM32\bcrypt.dll
0x00007ffa6c420000 - 0x00007ffa6c42c000 	C:\WINDOWS\SYSTEM32\CRYPTBASE.dll
0x00007ffa6b7a0000 - 0x00007ffa6b7cd000 	C:\WINDOWS\SYSTEM32\IPHLPAPI.DLL
0x00007ffa6e430000 - 0x00007ffa6e439000 	C:\WINDOWS\System32\NSI.dll
0x00007ffa64b90000 - 0x00007ffa64ba9000 	C:\WINDOWS\SYSTEM32\dhcpcsvc6.DLL
0x00007ffa64bc0000 - 0x00007ffa64bdf000 	C:\WINDOWS\SYSTEM32\dhcpcsvc.DLL
0x00007ffa6b810000 - 0x00007ffa6b902000 	C:\WINDOWS\SYSTEM32\DNSAPI.dll

dbghelp: loaded successfully - version: 4.0.5 - missing functions: none
symbol engine: initialized successfully - sym options: 0x614 - pdb path: .;C:\Program Files\Android\Android Studio\jre\bin;C:\WINDOWS\SYSTEM32;C:\WINDOWS\WinSxS\amd64_microsoft.windows.common-controls_6595b64144ccf1df_6.0.22621.608_none_a9444ca7c10bb01d;C:\Program Files\Android\Android Studio\jre\bin\server;C:\Users\razya\.gradle\native\e1d6ef7f7dcc3fd88c89a11ec53ec762bb8ba0a96d01ffa2cd45eb1d1d8dd5c5\windows-amd64;C:\Users\razya\.gradle\native\5664cfc778a61ccfe75a443a1ab52a65af34e5dc3c78e0209fed803814484fcb\windows-amd64

VM Arguments:
jvm_args: --add-opens=java.base/java.util=ALL-UNNAMED --add-opens=java.base/java.lang=ALL-UNNAMED --add-opens=java.base/java.lang.invoke=ALL-UNNAMED --add-opens=java.base/java.util=ALL-UNNAMED --add-opens=java.prefs/java.util.prefs=ALL-UNNAMED --add-opens=java.prefs/java.util.prefs=ALL-UNNAMED --add-opens=java.base/java.nio.charset=ALL-UNNAMED --add-opens=java.base/java.net=ALL-UNNAMED --add-opens=java.base/java.util.concurrent.atomic=ALL-UNNAMED -Xmx2048m -Dfile.encoding=UTF-8 -Duser.country=ID -Duser.language=en -Duser.variant 
java_command: org.gradle.launcher.daemon.bootstrap.GradleDaemon 7.3.3
java_class_path (initial): C:\Users\razya\.gradle\wrapper\dists\gradle-7.3.3-bin\6a41zxkdtcxs8rphpq6y0069z\gradle-7.3.3\lib\gradle-launcher-7.3.3.jar
Launcher Type: SUN_STANDARD

[Global flags]
     intx CICompilerCount                          = 4                                         {product} {ergonomic}
     uint ConcGCThreads                            = 2                                         {product} {ergonomic}
     uint G1ConcRefinementThreads                  = 8                                         {product} {ergonomic}
   size_t G1HeapRegionSize                         = 1048576                                   {product} {ergonomic}
    uintx GCDrainStackTargetSize                   = 64                                        {product} {ergonomic}
   size_t InitialHeapSize                          = 132120576                                 {product} {ergonomic}
   size_t MarkStackSize                            = 4194304                                   {product} {ergonomic}
   size_t MaxHeapSize                              = 2147483648                                {product} {command line}
   size_t MaxNewSize                               = 1287651328                                {product} {ergonomic}
   size_t MinHeapDeltaBytes                        = 1048576                                   {product} {ergonomic}
    uintx NonNMethodCodeHeapSize                   = 5836300                                {pd product} {ergonomic}
    uintx NonProfiledCodeHeapSize                  = 122910970                              {pd product} {ergonomic}
    uintx ProfiledCodeHeapSize                     = 122910970                              {pd product} {ergonomic}
    uintx ReservedCodeCacheSize                    = 251658240                              {pd product} {ergonomic}
     bool SegmentedCodeCache                       = true                                      {product} {ergonomic}
     bool UseCompressedClassPointers               = true                                 {lp64_product} {ergonomic}
     bool UseCompressedOops                        = true                                 {lp64_product} {ergonomic}
     bool UseG1GC                                  = true                                      {product} {ergonomic}
     bool UseLargePagesIndividualAllocation        = false                                  {pd product} {ergonomic}

Logging:
Log output configuration:
 #0: stdout all=warning uptime,level,tags
 #1: stderr all=off uptime,level,tags

Environment Variables:
PATH=C:\Program Files\Common Files\Oracle\Java\javapath;C:\WINDOWS\system32;C:\WINDOWS;C:\WINDOWS\System32\Wbem;C:\WINDOWS\System32\WindowsPowerShell\v1.0\;C:\WINDOWS\System32\OpenSSH\;C:\Program Files (x86)\NVIDIA Corporation\PhysX\Common;C:\Program Files\NVIDIA Corporation\NVIDIA NvDLISR;C:\Program Files\Git\cmd;C:\Users\razya\anaconda3\Library\bin;C:\Users\razya\AppData\Local\Programs\Python\Python310;C:\Users\razya\AppData\Local\Programs\Python\Python310\Scripts;C:\WINDOWS\system32;C:\WINDOWS;C:\WINDOWS\System32\Wbem;C:\WINDOWS\System32\WindowsPowerShell\v1.0\;C:\WINDOWS\System32\OpenSSH\;C:\Program Files\nodejs\;C:\llvm-mingw-20211002-msvcrt-x86_64\bin;C:\Gradle\gradle-7.4.1-all\gradle-7.4.1\bin;C:\Program Files\Go\bin;C:\Program Files\dotnet\;C:\Program Files\Docker\Docker\resources\bin;C:\ProgramData\DockerDesktop\version-bin;C:\Program Files\Cloudflare\Cloudflare WARP\;C:\Program Files\PostgreSQL\15\bin;C:\Program Files\MATLAB\R2022b\bin;C:\Users\razya\AppData\Local\Programs\Python\Python38\Scripts\;C:\Users\razya\AppData\Local\Programs\Python\Python38\;C:\Users\razya\AppData\Local\Microsoft\WindowsApps;C:\Program Files\JetBrains\PyCharm Community Edition 2021.2.3\bin;C:\Users\razya\AppData\Local\Programs\Microsoft VS Code\bin;C:\Program Files\heroku\bin;C:\Users\razya\AppData\Roaming\npm;C:\Users\razya\flutter_windows_2.10.3-stable\flutter\bin;C:\Users\razya\go\bin;C:\Maven\apache-maven-3.8.6-bin\apache-maven-3.8.6\bin;C:\sqlite3;C:\Users\razya\AppData\Local\JetBrains\Toolbox\scripts;
USERNAME=razya
OS=Windows_NT
PROCESSOR_IDENTIFIER=Intel64 Family 6 Model 158 Stepping 10, GenuineIntel



---------------  S Y S T E M  ---------------

OS: Windows 11 , 64 bit Build 22621 (10.0.22621.963)
OS uptime: 3 days 9:08 hours
Hyper-V role detected

CPU:total 8 (initial active 8) (4 cores per cpu, 2 threads per core) family 6 model 158 stepping 10 microcode 0xde, cmov, cx8, fxsr, mmx, sse, sse2, sse3, ssse3, sse4.1, sse4.2, popcnt, avx, avx2, aes, clmul, erms, 3dnowpref, lzcnt, ht, tsc, tscinvbit, bmi1, bmi2, adx, fma

Memory: 4k page, system-wide physical 8048M (280M free)
TotalPageFile size 20048M (AvailPageFile size 61M)
current process WorkingSet (physical memory assigned to process): 405M, peak: 411M
current process commit charge ("private bytes"): 445M, peak: 452M

vm_info: OpenJDK 64-Bit Server VM (11.0.13+0-b1751.21-8125866) for windows-amd64 JRE (11.0.13+0-b1751.21-8125866), built on Feb  2 2022 03:00:22 by "builder" with MS VC++ 14.0 (VS2015)

END.
