#
# There is insufficient memory for the Java Runtime Environment to continue.
# Native memory allocation (mmap) failed to map 92274688 bytes for Failed to commit area from 0x000000008bb00000 to 0x0000000091300000 of length 92274688.
# Possible reasons:
#   The system is out of physical RAM or swap space
#   The process is running with CompressedOops enabled, and the Java Heap may be blocking the growth of the native heap
# Possible solutions:
#   Reduce memory load on the system
#   Increase physical memory or swap space
#   Check if swap backing store is full
#   Decrease Java heap size (-Xmx/-Xms)
#   Decrease number of Java threads
#   Decrease Java thread stack sizes (-Xss)
#   Set larger code cache with -XX:ReservedCodeCacheSize=
#   JVM is running with Unscaled Compressed Oops mode in which the Java heap is
#     placed in the first 4GB address space. The Java Heap base address is the
#     maximum limit for the native heap growth. Please use -XX:HeapBaseMinAddress
#     to set the Java Heap base and to place the Java Heap above 4GB virtual address.
# This output file may be truncated or incomplete.
#
#  Out of Memory Error (./src/hotspot/os/windows/os_windows.cpp:3619), pid=15864, tid=16696
#
# JRE version: OpenJDK Runtime Environment (11.0.13) (build 11.0.13+0-b1751.21-8125866)
# Java VM: OpenJDK 64-Bit Server VM (11.0.13+0-b1751.21-8125866, mixed mode, tiered, compressed oops, g1 gc, windows-amd64)
# No core dump will be written. Minidumps are not enabled by default on client versions of Windows
#

---------------  S U M M A R Y ------------

Command Line: --add-opens=java.base/java.util=ALL-UNNAMED --add-opens=java.base/java.lang=ALL-UNNAMED --add-opens=java.base/java.lang.invoke=ALL-UNNAMED --add-opens=java.base/java.util=ALL-UNNAMED --add-opens=java.prefs/java.util.prefs=ALL-UNNAMED --add-opens=java.prefs/java.util.prefs=ALL-UNNAMED --add-opens=java.base/java.nio.charset=ALL-UNNAMED --add-opens=java.base/java.net=ALL-UNNAMED --add-opens=java.base/java.util.concurrent.atomic=ALL-UNNAMED -Xmx2048m -Dfile.encoding=UTF-8 -Duser.country=ID -Duser.language=en -Duser.variant org.gradle.launcher.daemon.bootstrap.GradleDaemon 7.3.3

Host: Intel(R) Core(TM) i5-8300H CPU @ 2.30GHz, 8 cores, 7G,  Windows 11 , 64 bit Build 22621 (10.0.22621.963)
Time: Mon Jan  2 02:05:37 2023 Malay Peninsula Standard Time elapsed time: 55.413535 seconds (0d 0h 0m 55s)

---------------  T H R E A D  ---------------

Current thread (0x000001abfa760000):  VMThread "VM Thread" [stack: 0x000000250cb00000,0x000000250cc00000] [id=16696]

Stack: [0x000000250cb00000,0x000000250cc00000]
[error occurred during error reporting (printing stack bounds), id 0xc0000005, EXCEPTION_ACCESS_VIOLATION (0xc0000005) at pc=0x000001ab8000112d]

Native frames: (J=compiled Java code, j=interpreted, Vv=VM code, C=native code)
V  [jvm.dll+0x6100fa]
V  [jvm.dll+0x747090]
V  [jvm.dll+0x7486ad]
V  [jvm.dll+0x748ce5]
V  [jvm.dll+0x748c9b]
V  [jvm.dll+0x60f224]
V  [jvm.dll+0x60f9b8]
C  [ntdll.dll+0xa3eaf]
C  [ntdll.dll+0x1eae6]
C  [ntdll.dll+0xa2e9e]
C  0x000001ab8000112d

VM_Operation (0x000000250eeff130): G1CollectForAllocation, mode: safepoint, requested by thread 0x000001abfb623000


---------------  P R O C E S S  ---------------

Threads class SMR info:
_java_thread_list=0x000001ab919a5bf0, length=146, elements={
0x000001abed32b800, 0x000001abfa761800, 0x000001abfa763000, 0x000001abfb0e2800,
0x000001abfb0e5800, 0x000001abfb0ea000, 0x000001abfb0ef000, 0x000001abfa783000,
0x000001abfa783800, 0x000001abfb249000, 0x000001abfce98800, 0x000001abfda10800,
0x000001abfcc39800, 0x000001abfdc6d800, 0x000001abfcf43800, 0x000001abfb61f800,
0x000001abfb622000, 0x000001abfb620800, 0x000001abfb623800, 0x000001abfb623000,
0x000001abfe3b9800, 0x000001abfe3b7000, 0x000001abfe3bd000, 0x000001abfe3bf800,
0x000001abfe3ba800, 0x000001abfefa9000, 0x000001abfefa3800, 0x000001abfe224800,
0x000001abfe224000, 0x000001abfe226000, 0x000001abfe223000, 0x000001abfef9d800,
0x000001abfef9e800, 0x000001abfef9a800, 0x000001abfef9c000, 0x000001abfef9f000,
0x000001abfefa0000, 0x000001abfefa1000, 0x000001abfef9b000, 0x000001abfefa7800,
0x000001abfefa4000, 0x000001abfefa1800, 0x000001abfefa5800, 0x000001abfefa8000,
0x000001abfefa5000, 0x000001abfefa2800, 0x000001abfefa6800, 0x000001abfe225800,
0x000001abfe222000, 0x000001abfe228800, 0x000001abfe22b000, 0x000001abfe22c000,
0x000001abfe229800, 0x000001abfe22c800, 0x000001abfe227000, 0x000001abfe22e800,
0x000001abfe22d800, 0x000001abfe22f000, 0x000001abfe230000, 0x000001abfe22a800,
0x000001abfe231000, 0x000001abfe3c1000, 0x000001abfe3c0000, 0x000001abfe3c2000,
0x000001abfe3c2800, 0x000001abfe3c3800, 0x000001abfe3c5000, 0x000001abfe3c4000,
0x000001abfe3c6000, 0x000001abfb621000, 0x000001abfb624800, 0x000001abfb61f000,
0x000001abfb625800, 0x000001ab8fba5800, 0x000001ab8fba8000, 0x000001ab8fba7800,
0x000001ab8fbab800, 0x000001ab8fbac000, 0x000001ab8fba6800, 0x000001ab8fbae000,
0x000001ab8fbae800, 0x000001ab8fba9000, 0x000001ab8fbaf800, 0x000001ab8fbad000,
0x000001ab8fbaa800, 0x000001ab8fbaa000, 0x000001ab8fbb2000, 0x000001ab8fbb0800,
0x000001ab8fbb2800, 0x000001ab8fbb4800, 0x000001ab8fbb1000, 0x000001ab8fbb5000,
0x000001ab8fbb3800, 0x000001ab950b6000, 0x000001ab950b5000, 0x000001ab950b3000,
0x000001ab950b2000, 0x000001ab950b4800, 0x000001ab950b7000, 0x000001ab950b7800,
0x000001ab950b8800, 0x000001ab950b9800, 0x000001ab950b3800, 0x000001ab950ba000,
0x000001ab950c0000, 0x000001ab950c0800, 0x000001ab950bd800, 0x000001ab950bc800,
0x000001ab950bb000, 0x000001ab950be000, 0x000001ab950bc000, 0x000001ab950bf000,
0x000001ab90f61000, 0x000001ab90f5c000, 0x000001ab90f5f800, 0x000001ab90f5d800,
0x000001ab90f5e800, 0x000001ab90f60000, 0x000001ab90f5b800, 0x000001ab90f62000,
0x000001ab90f62800, 0x000001ab90f5d000, 0x000001ab90f66000, 0x000001ab90f64800,
0x000001ab90f67800, 0x000001ab90f69000, 0x000001ab90f65000, 0x000001ab90f63800,
0x000001ab90f68800, 0x000001ab90f6a000, 0x000001ab90f66800, 0x000001abfd5b7800,
0x000001abfd5b8800, 0x000001abfd5b5000, 0x000001abfd5b6000, 0x000001abfd5b7000,
0x000001abfd5b9000, 0x000001abfd5bb000, 0x000001abfd5ba000, 0x000001abfed46000,
0x000001abfed43000, 0x000001abfed43800, 0x000001abfed44800, 0x000001abfed45800,
0x000001abfe67c000, 0x000001abfb6c5000
}

Java Threads: ( => current thread )
  0x000001abed32b800 JavaThread "main" [_thread_blocked, id=21420, stack(0x000000250c500000,0x000000250c600000)]
  0x000001abfa761800 JavaThread "Reference Handler" daemon [_thread_blocked, id=10508, stack(0x000000250cc00000,0x000000250cd00000)]
  0x000001abfa763000 JavaThread "Finalizer" daemon [_thread_blocked, id=11324, stack(0x000000250cd00000,0x000000250ce00000)]
  0x000001abfb0e2800 JavaThread "Signal Dispatcher" daemon [_thread_blocked, id=9348, stack(0x000000250ce00000,0x000000250cf00000)]
  0x000001abfb0e5800 JavaThread "Attach Listener" daemon [_thread_blocked, id=24784, stack(0x000000250cf00000,0x000000250d000000)]
  0x000001abfb0ea000 JavaThread "Service Thread" daemon [_thread_blocked, id=22052, stack(0x000000250d000000,0x000000250d100000)]
  0x000001abfb0ef000 JavaThread "C2 CompilerThread0" daemon [_thread_blocked, id=21240, stack(0x000000250d100000,0x000000250d200000)]
  0x000001abfa783000 JavaThread "C1 CompilerThread0" daemon [_thread_blocked, id=20452, stack(0x000000250d200000,0x000000250d300000)]
  0x000001abfa783800 JavaThread "Sweeper thread" daemon [_thread_blocked, id=12192, stack(0x000000250d300000,0x000000250d400000)]
  0x000001abfb249000 JavaThread "Common-Cleaner" daemon [_thread_blocked, id=23204, stack(0x000000250d400000,0x000000250d500000)]
  0x000001abfce98800 JavaThread "Daemon health stats" [_thread_blocked, id=23604, stack(0x000000250da00000,0x000000250db00000)]
  0x000001abfda10800 JavaThread "Incoming local TCP Connector on port 53922" [_thread_in_native, id=18376, stack(0x000000250d600000,0x000000250d700000)]
  0x000001abfcc39800 JavaThread "Daemon periodic checks" [_thread_blocked, id=23616, stack(0x000000250d900000,0x000000250da00000)]
  0x000001abfdc6d800 JavaThread "Daemon" [_thread_blocked, id=3892, stack(0x000000250db00000,0x000000250dc00000)]
  0x000001abfcf43800 JavaThread "Daemon worker" [_thread_blocked, id=18368, stack(0x000000250de00000,0x000000250df00000)]
  0x000001abfb61f800 JavaThread "Cache worker for journal cache (C:\Users\razya\.gradle\caches\journal-1)" [_thread_blocked, id=1208, stack(0x000000250e700000,0x000000250e800000)]
  0x000001abfb622000 JavaThread "File lock request listener" [_thread_in_native, id=2148, stack(0x000000250e800000,0x000000250e900000)]
  0x000001abfb620800 JavaThread "Cache worker for file hash cache (C:\Users\razya\.gradle\caches\7.3.3\fileHashes)" [_thread_blocked, id=6504, stack(0x000000250e900000,0x000000250ea00000)]
  0x000001abfb623800 JavaThread "File watcher server" daemon [_thread_blocked, id=18120, stack(0x000000250ed00000,0x000000250ee00000)]
  0x000001abfb623000 JavaThread "File watcher consumer" daemon [_thread_blocked, id=8676, stack(0x000000250ee00000,0x000000250ef00000)]
  0x000001abfe3b9800 JavaThread "Cache worker for execution history cache (C:\Users\razya\.gradle\caches\7.3.3\executionHistory)" [_thread_blocked, id=25128, stack(0x000000250f200000,0x000000250f300000)]
  0x000001abfe3b7000 JavaThread "jar transforms" [_thread_blocked, id=7504, stack(0x000000250f400000,0x000000250f500000)]
  0x000001abfe3bd000 JavaThread "Cache worker for file content cache (C:\Users\razya\.gradle\caches\7.3.3\fileContent)" [_thread_blocked, id=4088, stack(0x000000250f500000,0x000000250f600000)]
  0x000001abfe3bf800 JavaThread "jar transforms Thread 2" [_thread_blocked, id=17516, stack(0x000000250f600000,0x000000250f700000)]
  0x000001abfe3ba800 JavaThread "jar transforms Thread 3" [_thread_blocked, id=9444, stack(0x000000250f800000,0x000000250f900000)]
  0x000001abfefa9000 JavaThread "jar transforms Thread 4" [_thread_blocked, id=12152, stack(0x0000002514a00000,0x0000002514b00000)]
  0x000001abfefa3800 JavaThread "jar transforms Thread 5" [_thread_blocked, id=1612, stack(0x0000002514b00000,0x0000002514c00000)]
  0x000001abfe224800 JavaThread "jar transforms Thread 6" [_thread_blocked, id=21148, stack(0x0000002514c00000,0x0000002514d00000)]
  0x000001abfe224000 JavaThread "jar transforms Thread 7" [_thread_blocked, id=4900, stack(0x0000002514d00000,0x0000002514e00000)]
  0x000001abfe226000 JavaThread "jar transforms Thread 8" [_thread_blocked, id=16360, stack(0x0000002514e00000,0x0000002514f00000)]
  0x000001abfe223000 JavaThread "Memory manager" [_thread_blocked, id=19604, stack(0x000000250f300000,0x000000250f400000)]
  0x000001abfef9d800 JavaThread "Handler for socket connection from /127.0.0.1:53922 to /127.0.0.1:49923" [_thread_in_native, id=20940, stack(0x000000250df00000,0x000000250e000000)]
  0x000001abfef9e800 JavaThread "Cancel handler" [_thread_blocked, id=12912, stack(0x000000250e000000,0x000000250e100000)]
  0x000001abfef9a800 JavaThread "Asynchronous log dispatcher for DefaultDaemonConnection: socket connection from /127.0.0.1:53922 to /127.0.0.1:49923" [_thread_blocked, id=1320, stack(0x000000250e100000,0x000000250e200000)]
  0x000001abfef9c000 JavaThread "Stdin handler" [_thread_blocked, id=24120, stack(0x000000250ec00000,0x000000250ed00000)]
  0x000001abfef9f000 JavaThread "Daemon client event forwarder" [_thread_blocked, id=6220, stack(0x000000250ef00000,0x000000250f000000)]
  0x000001abfefa0000 JavaThread "Cache worker for file hash cache (D:\Mine\Documents\documents\Kuliah\Tugas Akhir\Aplikasi Tugas Akhir\finote\.gradle\7.3.3\fileHashes)" [_thread_blocked, id=8520, stack(0x000000250f000000,0x000000250f100000)]
  0x000001abfefa1000 JavaThread "Cache worker for checksums cache (D:\Mine\Documents\documents\Kuliah\Tugas Akhir\Aplikasi Tugas Akhir\finote\.gradle\7.3.3\checksums)" [_thread_blocked, id=15464, stack(0x000000250f900000,0x000000250fa00000)]
  0x000001abfef9b000 JavaThread "Cache worker for cache directory md-supplier (C:\Users\razya\.gradle\caches\7.3.3\md-supplier)" [_thread_blocked, id=18800, stack(0x000000250fa00000,0x000000250fb00000)]
  0x000001abfefa7800 JavaThread "Cache worker for cache directory md-rule (C:\Users\razya\.gradle\caches\7.3.3\md-rule)" [_thread_blocked, id=5420, stack(0x000000250fb00000,0x000000250fc00000)]
  0x000001abfefa4000 JavaThread "Cache worker for dependencies-accessors (D:\Mine\Documents\documents\Kuliah\Tugas Akhir\Aplikasi Tugas Akhir\finote\.gradle\7.3.3\dependencies-accessors)" [_thread_blocked, id=8424, stack(0x000000250fc00000,0x000000250fd00000)]
  0x000001abfefa1800 JavaThread "Cache worker for Build Output Cleanup Cache (D:\Mine\Documents\documents\Kuliah\Tugas Akhir\Aplikasi Tugas Akhir\finote\.gradle\buildOutputCleanup)" [_thread_blocked, id=14176, stack(0x000000250fd00000,0x000000250fe00000)]
  0x000001abfefa5800 JavaThread "Unconstrained build operations" [_thread_blocked, id=24020, stack(0x000000250fe00000,0x000000250ff00000)]
  0x000001abfefa8000 JavaThread "Unconstrained build operations Thread 2" [_thread_blocked, id=20804, stack(0x000000250ff00000,0x0000002510000000)]
  0x000001abfefa5000 JavaThread "Unconstrained build operations Thread 3" [_thread_blocked, id=20400, stack(0x0000002510000000,0x0000002510100000)]
  0x000001abfefa2800 JavaThread "Unconstrained build operations Thread 4" [_thread_blocked, id=16364, stack(0x0000002510100000,0x0000002510200000)]
  0x000001abfefa6800 JavaThread "Unconstrained build operations Thread 5" [_thread_blocked, id=16948, stack(0x0000002510200000,0x0000002510300000)]
  0x000001abfe225800 JavaThread "Unconstrained build operations Thread 6" [_thread_blocked, id=12064, stack(0x0000002510300000,0x0000002510400000)]
  0x000001abfe222000 JavaThread "Unconstrained build operations Thread 7" [_thread_blocked, id=23252, stack(0x0000002510400000,0x0000002510500000)]
  0x000001abfe228800 JavaThread "Unconstrained build operations Thread 8" [_thread_blocked, id=18224, stack(0x0000002510500000,0x0000002510600000)]
  0x000001abfe22b000 JavaThread "Unconstrained build operations Thread 9" [_thread_blocked, id=19008, stack(0x0000002510600000,0x0000002510700000)]
  0x000001abfe22c000 JavaThread "Unconstrained build operations Thread 10" [_thread_blocked, id=18820, stack(0x0000002510700000,0x0000002510800000)]
  0x000001abfe229800 JavaThread "Unconstrained build operations Thread 11" [_thread_blocked, id=17648, stack(0x0000002510800000,0x0000002510900000)]
  0x000001abfe22c800 JavaThread "Unconstrained build operations Thread 12" [_thread_blocked, id=17092, stack(0x0000002510900000,0x0000002510a00000)]
  0x000001abfe227000 JavaThread "Unconstrained build operations Thread 13" [_thread_blocked, id=10556, stack(0x0000002510a00000,0x0000002510b00000)]
  0x000001abfe22e800 JavaThread "Unconstrained build operations Thread 14" [_thread_blocked, id=16652, stack(0x0000002510b00000,0x0000002510c00000)]
  0x000001abfe22d800 JavaThread "Unconstrained build operations Thread 15" [_thread_blocked, id=4640, stack(0x0000002510c00000,0x0000002510d00000)]
  0x000001abfe22f000 JavaThread "Unconstrained build operations Thread 16" [_thread_blocked, id=24332, stack(0x0000002510d00000,0x0000002510e00000)]
  0x000001abfe230000 JavaThread "Unconstrained build operations Thread 17" [_thread_blocked, id=14500, stack(0x0000002510e00000,0x0000002510f00000)]
  0x000001abfe22a800 JavaThread "Unconstrained build operations Thread 18" [_thread_blocked, id=25044, stack(0x0000002510f00000,0x0000002511000000)]
  0x000001abfe231000 JavaThread "Unconstrained build operations Thread 19" [_thread_blocked, id=22276, stack(0x0000002511000000,0x0000002511100000)]
  0x000001abfe3c1000 JavaThread "Unconstrained build operations Thread 20" [_thread_blocked, id=24112, stack(0x0000002511100000,0x0000002511200000)]
  0x000001abfe3c0000 JavaThread "Unconstrained build operations Thread 21" [_thread_blocked, id=24264, stack(0x0000002511200000,0x0000002511300000)]
  0x000001abfe3c2000 JavaThread "Unconstrained build operations Thread 22" [_thread_blocked, id=15932, stack(0x0000002511300000,0x0000002511400000)]
  0x000001abfe3c2800 JavaThread "Unconstrained build operations Thread 23" [_thread_blocked, id=16740, stack(0x0000002511400000,0x0000002511500000)]
  0x000001abfe3c3800 JavaThread "Unconstrained build operations Thread 24" [_thread_blocked, id=24244, stack(0x0000002511500000,0x0000002511600000)]
  0x000001abfe3c5000 JavaThread "Unconstrained build operations Thread 25" [_thread_blocked, id=18996, stack(0x0000002511600000,0x0000002511700000)]
  0x000001abfe3c4000 JavaThread "Unconstrained build operations Thread 26" [_thread_blocked, id=22292, stack(0x0000002511700000,0x0000002511800000)]
  0x000001abfe3c6000 JavaThread "Unconstrained build operations Thread 27" [_thread_blocked, id=22176, stack(0x0000002511800000,0x0000002511900000)]
  0x000001abfb621000 JavaThread "Unconstrained build operations Thread 28" [_thread_blocked, id=18956, stack(0x0000002511900000,0x0000002511a00000)]
  0x000001abfb624800 JavaThread "Unconstrained build operations Thread 29" [_thread_blocked, id=16220, stack(0x0000002511a00000,0x0000002511b00000)]
  0x000001abfb61f000 JavaThread "Unconstrained build operations Thread 30" [_thread_blocked, id=2848, stack(0x0000002511b00000,0x0000002511c00000)]
  0x000001abfb625800 JavaThread "Unconstrained build operations Thread 31" [_thread_blocked, id=6228, stack(0x0000002511c00000,0x0000002511d00000)]
  0x000001ab8fba5800 JavaThread "Unconstrained build operations Thread 32" [_thread_blocked, id=19284, stack(0x0000002511d00000,0x0000002511e00000)]
  0x000001ab8fba8000 JavaThread "Unconstrained build operations Thread 33" [_thread_blocked, id=18408, stack(0x0000002511e00000,0x0000002511f00000)]
  0x000001ab8fba7800 JavaThread "Unconstrained build operations Thread 34" [_thread_blocked, id=23528, stack(0x0000002511f00000,0x0000002512000000)]
  0x000001ab8fbab800 JavaThread "Unconstrained build operations Thread 35" [_thread_blocked, id=21608, stack(0x0000002512000000,0x0000002512100000)]
  0x000001ab8fbac000 JavaThread "Unconstrained build operations Thread 36" [_thread_blocked, id=3448, stack(0x0000002512100000,0x0000002512200000)]
  0x000001ab8fba6800 JavaThread "Unconstrained build operations Thread 37" [_thread_blocked, id=20600, stack(0x0000002512200000,0x0000002512300000)]
  0x000001ab8fbae000 JavaThread "Unconstrained build operations Thread 38" [_thread_blocked, id=13704, stack(0x0000002512300000,0x0000002512400000)]
  0x000001ab8fbae800 JavaThread "Unconstrained build operations Thread 39" [_thread_blocked, id=15808, stack(0x0000002512400000,0x0000002512500000)]
  0x000001ab8fba9000 JavaThread "Unconstrained build operations Thread 40" [_thread_blocked, id=6352, stack(0x0000002512500000,0x0000002512600000)]
  0x000001ab8fbaf800 JavaThread "Unconstrained build operations Thread 41" [_thread_blocked, id=14920, stack(0x0000002512600000,0x0000002512700000)]
  0x000001ab8fbad000 JavaThread "Unconstrained build operations Thread 42" [_thread_blocked, id=2940, stack(0x0000002512700000,0x0000002512800000)]
  0x000001ab8fbaa800 JavaThread "Unconstrained build operations Thread 43" [_thread_blocked, id=8016, stack(0x0000002512800000,0x0000002512900000)]
  0x000001ab8fbaa000 JavaThread "Unconstrained build operations Thread 44" [_thread_blocked, id=25460, stack(0x0000002512900000,0x0000002512a00000)]
  0x000001ab8fbb2000 JavaThread "Unconstrained build operations Thread 45" [_thread_blocked, id=14484, stack(0x0000002512a00000,0x0000002512b00000)]
  0x000001ab8fbb0800 JavaThread "Unconstrained build operations Thread 46" [_thread_blocked, id=6088, stack(0x0000002512b00000,0x0000002512c00000)]
  0x000001ab8fbb2800 JavaThread "Unconstrained build operations Thread 47" [_thread_blocked, id=25248, stack(0x0000002512c00000,0x0000002512d00000)]
  0x000001ab8fbb4800 JavaThread "Unconstrained build operations Thread 48" [_thread_blocked, id=15436, stack(0x0000002512d00000,0x0000002512e00000)]
  0x000001ab8fbb1000 JavaThread "Unconstrained build operations Thread 49" [_thread_blocked, id=20536, stack(0x0000002512e00000,0x0000002512f00000)]
  0x000001ab8fbb5000 JavaThread "Unconstrained build operations Thread 50" [_thread_blocked, id=16104, stack(0x0000002512f00000,0x0000002513000000)]
  0x000001ab8fbb3800 JavaThread "Unconstrained build operations Thread 51" [_thread_blocked, id=25188, stack(0x0000002513000000,0x0000002513100000)]
  0x000001ab950b6000 JavaThread "Unconstrained build operations Thread 52" [_thread_blocked, id=6924, stack(0x0000002513100000,0x0000002513200000)]
  0x000001ab950b5000 JavaThread "Unconstrained build operations Thread 53" [_thread_blocked, id=16160, stack(0x0000002513200000,0x0000002513300000)]
  0x000001ab950b3000 JavaThread "Unconstrained build operations Thread 54" [_thread_blocked, id=10444, stack(0x0000002513300000,0x0000002513400000)]
  0x000001ab950b2000 JavaThread "Unconstrained build operations Thread 55" [_thread_blocked, id=16660, stack(0x0000002513400000,0x0000002513500000)]
  0x000001ab950b4800 JavaThread "Unconstrained build operations Thread 56" [_thread_blocked, id=18280, stack(0x0000002513500000,0x0000002513600000)]
  0x000001ab950b7000 JavaThread "Unconstrained build operations Thread 57" [_thread_blocked, id=22000, stack(0x0000002513600000,0x0000002513700000)]
  0x000001ab950b7800 JavaThread "Unconstrained build operations Thread 58" [_thread_blocked, id=24072, stack(0x0000002513700000,0x0000002513800000)]
  0x000001ab950b8800 JavaThread "Unconstrained build operations Thread 59" [_thread_blocked, id=6968, stack(0x0000002513800000,0x0000002513900000)]
  0x000001ab950b9800 JavaThread "Unconstrained build operations Thread 60" [_thread_blocked, id=22616, stack(0x0000002513900000,0x0000002513a00000)]
  0x000001ab950b3800 JavaThread "Unconstrained build operations Thread 61" [_thread_blocked, id=13608, stack(0x0000002513a00000,0x0000002513b00000)]
  0x000001ab950ba000 JavaThread "Unconstrained build operations Thread 62" [_thread_blocked, id=23636, stack(0x0000002513b00000,0x0000002513c00000)]
  0x000001ab950c0000 JavaThread "Unconstrained build operations Thread 63" [_thread_blocked, id=4600, stack(0x0000002513c00000,0x0000002513d00000)]
  0x000001ab950c0800 JavaThread "Unconstrained build operations Thread 64" [_thread_blocked, id=24336, stack(0x0000002513d00000,0x0000002513e00000)]
  0x000001ab950bd800 JavaThread "Unconstrained build operations Thread 65" [_thread_blocked, id=20316, stack(0x0000002513e00000,0x0000002513f00000)]
  0x000001ab950bc800 JavaThread "Unconstrained build operations Thread 66" [_thread_blocked, id=21672, stack(0x0000002513f00000,0x0000002514000000)]
  0x000001ab950bb000 JavaThread "Unconstrained build operations Thread 67" [_thread_blocked, id=20548, stack(0x0000002514000000,0x0000002514100000)]
  0x000001ab950be000 JavaThread "Unconstrained build operations Thread 68" [_thread_blocked, id=14088, stack(0x0000002514100000,0x0000002514200000)]
  0x000001ab950bc000 JavaThread "Unconstrained build operations Thread 69" [_thread_blocked, id=12588, stack(0x0000002514200000,0x0000002514300000)]
  0x000001ab950bf000 JavaThread "Unconstrained build operations Thread 70" [_thread_blocked, id=21664, stack(0x0000002514300000,0x0000002514400000)]
  0x000001ab90f61000 JavaThread "Unconstrained build operations Thread 71" [_thread_blocked, id=19444, stack(0x0000002514400000,0x0000002514500000)]
  0x000001ab90f5c000 JavaThread "Unconstrained build operations Thread 72" [_thread_blocked, id=4608, stack(0x0000002514500000,0x0000002514600000)]
  0x000001ab90f5f800 JavaThread "Unconstrained build operations Thread 73" [_thread_blocked, id=10120, stack(0x0000002514600000,0x0000002514700000)]
  0x000001ab90f5d800 JavaThread "Unconstrained build operations Thread 74" [_thread_blocked, id=9932, stack(0x0000002514700000,0x0000002514800000)]
  0x000001ab90f5e800 JavaThread "Unconstrained build operations Thread 75" [_thread_blocked, id=19248, stack(0x0000002514800000,0x0000002514900000)]
  0x000001ab90f60000 JavaThread "Unconstrained build operations Thread 76" [_thread_blocked, id=20280, stack(0x0000002514900000,0x0000002514a00000)]
  0x000001ab90f5b800 JavaThread "Unconstrained build operations Thread 77" [_thread_blocked, id=25112, stack(0x0000002514f00000,0x0000002515000000)]
  0x000001ab90f62000 JavaThread "Unconstrained build operations Thread 78" [_thread_blocked, id=2528, stack(0x0000002515000000,0x0000002515100000)]
  0x000001ab90f62800 JavaThread "Unconstrained build operations Thread 79" [_thread_blocked, id=5664, stack(0x0000002515100000,0x0000002515200000)]
  0x000001ab90f5d000 JavaThread "Unconstrained build operations Thread 80" [_thread_blocked, id=10416, stack(0x0000002515200000,0x0000002515300000)]
  0x000001ab90f66000 JavaThread "build event listener" [_thread_blocked, id=18968, stack(0x0000002515300000,0x0000002515400000)]
  0x000001ab90f64800 JavaThread "Execution worker for ':'" [_thread_blocked, id=16936, stack(0x0000002515400000,0x0000002515500000)]
  0x000001ab90f67800 JavaThread "Execution worker for ':' Thread 2" [_thread_blocked, id=21600, stack(0x0000002515500000,0x0000002515600000)]
  0x000001ab90f69000 JavaThread "Execution worker for ':' Thread 3" [_thread_blocked, id=4876, stack(0x0000002515600000,0x0000002515700000)]
  0x000001ab90f65000 JavaThread "Execution worker for ':' Thread 4" [_thread_blocked, id=11948, stack(0x0000002515700000,0x0000002515800000)]
  0x000001ab90f63800 JavaThread "Execution worker for ':' Thread 5" [_thread_blocked, id=2652, stack(0x0000002515800000,0x0000002515900000)]
  0x000001ab90f68800 JavaThread "Cache worker for execution history cache (D:\Mine\Documents\documents\Kuliah\Tugas Akhir\Aplikasi Tugas Akhir\finote\.gradle\7.3.3\executionHistory)" [_thread_blocked, id=8644, stack(0x0000002515900000,0x0000002515a00000)]
  0x000001ab90f6a000 JavaThread "Execution worker for ':' Thread 6" [_thread_blocked, id=18896, stack(0x0000002515a00000,0x0000002515b00000)]
  0x000001ab90f66800 JavaThread "Execution worker for ':' Thread 7" [_thread_blocked, id=22048, stack(0x0000002515b00000,0x0000002515c00000)]
  0x000001abfd5b7800 JavaThread "WorkerExecutor Queue" [_thread_blocked, id=24240, stack(0x0000002515c00000,0x0000002515d00000)]
  0x000001abfd5b8800 JavaThread "pool-6-thread-1" [_thread_blocked, id=18904, stack(0x0000002515d00000,0x0000002515e00000)]
  0x000001abfd5b5000 JavaThread "stderr" [_thread_in_native, id=20852, stack(0x0000002515e00000,0x0000002515f00000)]
  0x000001abfd5b6000 JavaThread "stdout" [_thread_in_native, id=16032, stack(0x0000002515f00000,0x0000002516000000)]
  0x000001abfd5b7000 JavaThread "Cache worker for Java compile cache (C:\Users\razya\.gradle\caches\7.3.3\javaCompile)" [_thread_blocked, id=5584, stack(0x0000002516000000,0x0000002516100000)]
  0x000001abfd5b9000 JavaThread "Build operations" [_thread_blocked, id=2280, stack(0x0000002516100000,0x0000002516200000)]
  0x000001abfd5bb000 JavaThread "Build operations Thread 2" [_thread_blocked, id=4728, stack(0x0000002516200000,0x0000002516300000)]
  0x000001abfd5ba000 JavaThread "Build operations Thread 3" [_thread_blocked, id=15420, stack(0x0000002516300000,0x0000002516400000)]
  0x000001abfed46000 JavaThread "Build operations Thread 4" [_thread_blocked, id=18488, stack(0x0000002516400000,0x0000002516500000)]
  0x000001abfed43000 JavaThread "Build operations Thread 5" [_thread_blocked, id=6500, stack(0x0000002516500000,0x0000002516600000)]
  0x000001abfed43800 JavaThread "Build operations Thread 6" [_thread_blocked, id=488, stack(0x0000002516600000,0x0000002516700000)]
  0x000001abfed44800 JavaThread "Build operations Thread 7" [_thread_blocked, id=15052, stack(0x0000002516700000,0x0000002516800000)]
  0x000001abfed45800 JavaThread "Build operations Thread 8" [_thread_blocked, id=18348, stack(0x0000002516800000,0x0000002516900000)]
  0x000001abfe67c000 JavaThread "C2 CompilerThread1" daemon [_thread_blocked, id=24980, stack(0x000000250f100000,0x000000250f200000)]
  0x000001abfb6c5000 JavaThread "C2 CompilerThread2" daemon [_thread_blocked, id=12988, stack(0x000000250f700000,0x000000250f800000)]

Other Threads:
=>0x000001abfa760000 VMThread "VM Thread" [stack: 0x000000250cb00000,0x000000250cc00000] [id=16696]
  0x000001abfb25c000 WatcherThread [stack: 0x000000250d500000,0x000000250d600000] [id=19376]
  0x000001abed345800 GCTaskThread "GC Thread#0" [stack: 0x000000250c600000,0x000000250c700000] [id=23504]
  0x000001abfbce5000 GCTaskThread "GC Thread#1" [stack: 0x000000250d700000,0x000000250d800000] [id=11832]
  0x000001abfb6fd000 GCTaskThread "GC Thread#2" [stack: 0x000000250d800000,0x000000250d900000] [id=1388]
  0x000001abfc0e0000 GCTaskThread "GC Thread#3" [stack: 0x000000250e200000,0x000000250e300000] [id=3536]
  0x000001abfc85c000 GCTaskThread "GC Thread#4" [stack: 0x000000250e300000,0x000000250e400000] [id=12808]
  0x000001abfc85c800 GCTaskThread "GC Thread#5" [stack: 0x000000250e400000,0x000000250e500000] [id=5424]
  0x000001abfe27c000 GCTaskThread "GC Thread#6" [stack: 0x000000250e500000,0x000000250e600000] [id=10424]
  0x000001abfe27d000 GCTaskThread "GC Thread#7" [stack: 0x000000250e600000,0x000000250e700000] [id=3256]
  0x000001abed378800 ConcurrentGCThread "G1 Main Marker" [stack: 0x000000250c700000,0x000000250c800000] [id=1012]
  0x000001abed379800 ConcurrentGCThread "G1 Conc#0" [stack: 0x000000250c800000,0x000000250c900000] [id=12060]
  0x000001abfd682000 ConcurrentGCThread "G1 Conc#1" [stack: 0x000000250ea00000,0x000000250eb00000] [id=4836]
  0x000001abfa5b0800 ConcurrentGCThread "G1 Refine#0" [stack: 0x000000250c900000,0x000000250ca00000] [id=9684]
  0x000001abfe1a9800 ConcurrentGCThread "G1 Refine#1" [stack: 0x000000250eb00000,0x000000250ec00000] [id=23904]
  0x000001abfa5b1000 ConcurrentGCThread "G1 Young RemSet Sampling" [stack: 0x000000250ca00000,0x000000250cb00000] [id=8504]

Threads with active compile tasks:
C2 CompilerThread0  55452 15669   !   4       java.lang.reflect.Field::declaredAnnotations (82 bytes)
C2 CompilerThread1  55452 15711       4       java.lang.reflect.AccessibleObject::checkAccess (40 bytes)
C2 CompilerThread2  55452 15670       4       java.lang.Class::privateGetPublicMethods (224 bytes)

VM state:at safepoint (normal execution)

VM Mutex/Monitor currently owned by a thread:  ([mutex/lock_event])
[0x000001abed327590] Threads_lock - owner thread: 0x000001abfa760000
[0x000001abed326780] Heap_lock - owner thread: 0x000001abfb623000

Heap address: 0x0000000080000000, size: 2048 MB, Compressed Oops mode: 32-bit
Narrow klass base: 0x0000000000000000, Narrow klass shift: 3
Compressed class space size: 1073741824 Address: 0x0000000100000000

Heap:
 garbage-first heap   total 281600K, used 171847K [0x0000000080000000, 0x0000000100000000)
  region size 1024K, 1 young (1024K), 1 survivors (1024K)
 Metaspace       used 114349K, capacity 116988K, committed 117268K, reserved 1150976K
  class space    used 14182K, capacity 15180K, committed 15308K, reserved 1048576K
Heap Regions: E=young(eden), S=young(survivor), O=old, HS=humongous(starts), HC=humongous(continues), CS=collection set, F=free, A=archive, TAMS=top-at-mark-start (previous, next)
|   0|0x0000000080000000, 0x0000000080100000, 0x0000000080100000|100%| O|  |TAMS 0x0000000080100000, 0x0000000080100000| Untracked 
|   1|0x0000000080100000, 0x0000000080200000, 0x0000000080200000|100%| O|  |TAMS 0x0000000080200000, 0x0000000080200000| Untracked 
|   2|0x0000000080200000, 0x0000000080300000, 0x0000000080300000|100%| O|  |TAMS 0x0000000080300000, 0x0000000080300000| Untracked 
|   3|0x0000000080300000, 0x0000000080400000, 0x0000000080400000|100%|HS|  |TAMS 0x0000000080400000, 0x0000000080400000| Complete 
|   4|0x0000000080400000, 0x0000000080500000, 0x0000000080500000|100%|HC|  |TAMS 0x0000000080500000, 0x0000000080500000| Complete 
|   5|0x0000000080500000, 0x0000000080600000, 0x0000000080600000|100%|HC|  |TAMS 0x0000000080600000, 0x0000000080600000| Complete 
|   6|0x0000000080600000, 0x0000000080700000, 0x0000000080700000|100%| O|  |TAMS 0x0000000080700000, 0x0000000080700000| Untracked 
|   7|0x0000000080700000, 0x0000000080800000, 0x0000000080800000|100%| O|  |TAMS 0x0000000080800000, 0x0000000080800000| Untracked 
|   8|0x0000000080800000, 0x0000000080900000, 0x0000000080900000|100%| O|  |TAMS 0x0000000080900000, 0x0000000080900000| Untracked 
|   9|0x0000000080900000, 0x0000000080a00000, 0x0000000080a00000|100%| O|  |TAMS 0x0000000080a00000, 0x0000000080a00000| Untracked 
|  10|0x0000000080a00000, 0x0000000080b00000, 0x0000000080b00000|100%| O|  |TAMS 0x0000000080b00000, 0x0000000080b00000| Untracked 
|  11|0x0000000080b00000, 0x0000000080c00000, 0x0000000080c00000|100%| O|  |TAMS 0x0000000080c00000, 0x0000000080c00000| Untracked 
|  12|0x0000000080c00000, 0x0000000080d00000, 0x0000000080d00000|100%| O|  |TAMS 0x0000000080d00000, 0x0000000080d00000| Untracked 
|  13|0x0000000080d00000, 0x0000000080e00000, 0x0000000080e00000|100%| O|  |TAMS 0x0000000080e00000, 0x0000000080e00000| Untracked 
|  14|0x0000000080e00000, 0x0000000080f00000, 0x0000000080f00000|100%| O|  |TAMS 0x0000000080f00000, 0x0000000080f00000| Untracked 
|  15|0x0000000080f00000, 0x0000000081000000, 0x0000000081000000|100%| O|  |TAMS 0x0000000081000000, 0x0000000081000000| Untracked 
|  16|0x0000000081000000, 0x0000000081100000, 0x0000000081100000|100%|HS|  |TAMS 0x0000000081100000, 0x0000000081100000| Complete 
|  17|0x0000000081100000, 0x0000000081200000, 0x0000000081200000|100%|HS|  |TAMS 0x0000000081200000, 0x0000000081200000| Complete 
|  18|0x0000000081200000, 0x0000000081300000, 0x0000000081300000|100%|HS|  |TAMS 0x0000000081300000, 0x0000000081300000| Complete 
|  19|0x0000000081300000, 0x0000000081400000, 0x0000000081400000|100%|HC|  |TAMS 0x0000000081400000, 0x0000000081400000| Complete 
|  20|0x0000000081400000, 0x0000000081500000, 0x0000000081500000|100%| O|  |TAMS 0x0000000081500000, 0x0000000081500000| Untracked 
|  21|0x0000000081500000, 0x0000000081600000, 0x0000000081600000|100%| O|  |TAMS 0x0000000081600000, 0x0000000081600000| Untracked 
|  22|0x0000000081600000, 0x0000000081700000, 0x0000000081700000|100%| O|  |TAMS 0x0000000081700000, 0x0000000081700000| Untracked 
|  23|0x0000000081700000, 0x0000000081800000, 0x0000000081800000|100%| O|  |TAMS 0x0000000081800000, 0x0000000081800000| Untracked 
|  24|0x0000000081800000, 0x0000000081900000, 0x0000000081900000|100%| O|  |TAMS 0x0000000081900000, 0x0000000081900000| Untracked 
|  25|0x0000000081900000, 0x0000000081a00000, 0x0000000081a00000|100%| O|  |TAMS 0x0000000081a00000, 0x0000000081a00000| Untracked 
|  26|0x0000000081a00000, 0x0000000081b00000, 0x0000000081b00000|100%| O|  |TAMS 0x0000000081b00000, 0x0000000081b00000| Untracked 
|  27|0x0000000081b00000, 0x0000000081c00000, 0x0000000081c00000|100%| O|  |TAMS 0x0000000081c00000, 0x0000000081c00000| Untracked 
|  28|0x0000000081c00000, 0x0000000081d00000, 0x0000000081d00000|100%| O|  |TAMS 0x0000000081d00000, 0x0000000081d00000| Untracked 
|  29|0x0000000081d00000, 0x0000000081e00000, 0x0000000081e00000|100%| O|  |TAMS 0x0000000081e00000, 0x0000000081e00000| Untracked 
|  30|0x0000000081e00000, 0x0000000081f00000, 0x0000000081f00000|100%| O|  |TAMS 0x0000000081f00000, 0x0000000081f00000| Untracked 
|  31|0x0000000081f00000, 0x0000000082000000, 0x0000000082000000|100%| O|  |TAMS 0x0000000082000000, 0x0000000082000000| Untracked 
|  32|0x0000000082000000, 0x0000000082100000, 0x0000000082100000|100%| O|  |TAMS 0x0000000082100000, 0x0000000082100000| Untracked 
|  33|0x0000000082100000, 0x0000000082200000, 0x0000000082200000|100%| O|  |TAMS 0x0000000082200000, 0x0000000082200000| Untracked 
|  34|0x0000000082200000, 0x0000000082300000, 0x0000000082300000|100%| O|  |TAMS 0x0000000082300000, 0x0000000082300000| Untracked 
|  35|0x0000000082300000, 0x0000000082400000, 0x0000000082400000|100%| O|  |TAMS 0x0000000082400000, 0x0000000082400000| Untracked 
|  36|0x0000000082400000, 0x0000000082500000, 0x0000000082500000|100%| O|  |TAMS 0x0000000082500000, 0x0000000082500000| Untracked 
|  37|0x0000000082500000, 0x0000000082600000, 0x0000000082600000|100%| O|  |TAMS 0x0000000082600000, 0x0000000082600000| Untracked 
|  38|0x0000000082600000, 0x0000000082700000, 0x0000000082700000|100%| O|  |TAMS 0x0000000082700000, 0x0000000082700000| Untracked 
|  39|0x0000000082700000, 0x0000000082800000, 0x0000000082800000|100%| O|  |TAMS 0x0000000082800000, 0x0000000082800000| Untracked 
|  40|0x0000000082800000, 0x0000000082900000, 0x0000000082900000|100%| O|  |TAMS 0x0000000082900000, 0x0000000082900000| Untracked 
|  41|0x0000000082900000, 0x0000000082a00000, 0x0000000082a00000|100%| O|  |TAMS 0x0000000082a00000, 0x0000000082a00000| Untracked 
|  42|0x0000000082a00000, 0x0000000082b00000, 0x0000000082b00000|100%| O|  |TAMS 0x0000000082b00000, 0x0000000082b00000| Untracked 
|  43|0x0000000082b00000, 0x0000000082c00000, 0x0000000082c00000|100%| O|  |TAMS 0x0000000082c00000, 0x0000000082c00000| Untracked 
|  44|0x0000000082c00000, 0x0000000082d00000, 0x0000000082d00000|100%| O|  |TAMS 0x0000000082d00000, 0x0000000082d00000| Untracked 
|  45|0x0000000082d00000, 0x0000000082e00000, 0x0000000082e00000|100%| O|  |TAMS 0x0000000082e00000, 0x0000000082e00000| Untracked 
|  46|0x0000000082e00000, 0x0000000082f00000, 0x0000000082f00000|100%| O|  |TAMS 0x0000000082f00000, 0x0000000082f00000| Untracked 
|  47|0x0000000082f00000, 0x0000000083000000, 0x0000000083000000|100%| O|  |TAMS 0x0000000083000000, 0x0000000083000000| Untracked 
|  48|0x0000000083000000, 0x0000000083100000, 0x0000000083100000|100%| O|  |TAMS 0x0000000083100000, 0x0000000083100000| Untracked 
|  49|0x0000000083100000, 0x0000000083200000, 0x0000000083200000|100%| O|  |TAMS 0x0000000083200000, 0x0000000083200000| Untracked 
|  50|0x0000000083200000, 0x0000000083300000, 0x0000000083300000|100%| O|  |TAMS 0x0000000083300000, 0x0000000083300000| Untracked 
|  51|0x0000000083300000, 0x0000000083400000, 0x0000000083400000|100%| O|  |TAMS 0x0000000083400000, 0x0000000083400000| Untracked 
|  52|0x0000000083400000, 0x0000000083500000, 0x0000000083500000|100%| O|  |TAMS 0x0000000083500000, 0x0000000083500000| Untracked 
|  53|0x0000000083500000, 0x0000000083600000, 0x0000000083600000|100%| O|  |TAMS 0x0000000083600000, 0x0000000083600000| Untracked 
|  54|0x0000000083600000, 0x0000000083700000, 0x0000000083700000|100%| O|  |TAMS 0x0000000083700000, 0x0000000083700000| Untracked 
|  55|0x0000000083700000, 0x0000000083800000, 0x0000000083800000|100%| O|  |TAMS 0x0000000083800000, 0x0000000083800000| Untracked 
|  56|0x0000000083800000, 0x0000000083900000, 0x0000000083900000|100%| O|  |TAMS 0x0000000083900000, 0x0000000083900000| Untracked 
|  57|0x0000000083900000, 0x0000000083a00000, 0x0000000083a00000|100%| O|  |TAMS 0x0000000083a00000, 0x0000000083a00000| Untracked 
|  58|0x0000000083a00000, 0x0000000083a00000, 0x0000000083b00000|  0%| F|  |TAMS 0x0000000083a00000, 0x0000000083a00000| Untracked 
|  59|0x0000000083b00000, 0x0000000083c00000, 0x0000000083c00000|100%| O|  |TAMS 0x0000000083c00000, 0x0000000083c00000| Untracked 
|  60|0x0000000083c00000, 0x0000000083c00000, 0x0000000083d00000|  0%| F|  |TAMS 0x0000000083c00000, 0x0000000083c00000| Untracked 
|  61|0x0000000083d00000, 0x0000000083e00000, 0x0000000083e00000|100%| O|  |TAMS 0x0000000083e00000, 0x0000000083e00000| Untracked 
|  62|0x0000000083e00000, 0x0000000083f00000, 0x0000000083f00000|100%| O|  |TAMS 0x0000000083f00000, 0x0000000083f00000| Untracked 
|  63|0x0000000083f00000, 0x0000000084000000, 0x0000000084000000|100%| O|  |TAMS 0x0000000084000000, 0x0000000084000000| Untracked 
|  64|0x0000000084000000, 0x0000000084100000, 0x0000000084100000|100%| O|  |TAMS 0x0000000084100000, 0x0000000084100000| Untracked 
|  65|0x0000000084100000, 0x0000000084200000, 0x0000000084200000|100%| O|  |TAMS 0x0000000084200000, 0x0000000084200000| Untracked 
|  66|0x0000000084200000, 0x0000000084300000, 0x0000000084300000|100%| O|  |TAMS 0x0000000084300000, 0x0000000084300000| Untracked 
|  67|0x0000000084300000, 0x0000000084400000, 0x0000000084400000|100%|HS|  |TAMS 0x0000000084400000, 0x0000000084400000| Complete 
|  68|0x0000000084400000, 0x0000000084500000, 0x0000000084500000|100%|HC|  |TAMS 0x0000000084500000, 0x0000000084500000| Complete 
|  69|0x0000000084500000, 0x0000000084600000, 0x0000000084600000|100%| O|  |TAMS 0x0000000084600000, 0x0000000084600000| Untracked 
|  70|0x0000000084600000, 0x0000000084700000, 0x0000000084700000|100%| O|  |TAMS 0x0000000084700000, 0x0000000084700000| Untracked 
|  71|0x0000000084700000, 0x0000000084700000, 0x0000000084800000|  0%| F|  |TAMS 0x0000000084700000, 0x0000000084700000| Untracked 
|  72|0x0000000084800000, 0x0000000084900000, 0x0000000084900000|100%| O|  |TAMS 0x0000000084900000, 0x0000000084900000| Untracked 
|  73|0x0000000084900000, 0x0000000084a00000, 0x0000000084a00000|100%| O|  |TAMS 0x0000000084a00000, 0x0000000084a00000| Untracked 
|  74|0x0000000084a00000, 0x0000000084b00000, 0x0000000084b00000|100%| O|  |TAMS 0x0000000084b00000, 0x0000000084b00000| Untracked 
|  75|0x0000000084b00000, 0x0000000084c00000, 0x0000000084c00000|100%| O|  |TAMS 0x0000000084c00000, 0x0000000084c00000| Untracked 
|  76|0x0000000084c00000, 0x0000000084d00000, 0x0000000084d00000|100%| O|  |TAMS 0x0000000084d00000, 0x0000000084d00000| Untracked 
|  77|0x0000000084d00000, 0x0000000084e00000, 0x0000000084e00000|100%| O|  |TAMS 0x0000000084e00000, 0x0000000084e00000| Untracked 
|  78|0x0000000084e00000, 0x0000000084f00000, 0x0000000084f00000|100%| O|  |TAMS 0x0000000084f00000, 0x0000000084f00000| Untracked 
|  79|0x0000000084f00000, 0x0000000085000000, 0x0000000085000000|100%| O|  |TAMS 0x0000000085000000, 0x0000000085000000| Untracked 
|  80|0x0000000085000000, 0x0000000085100000, 0x0000000085100000|100%| O|  |TAMS 0x0000000085100000, 0x0000000085100000| Untracked 
|  81|0x0000000085100000, 0x0000000085200000, 0x0000000085200000|100%| O|  |TAMS 0x0000000085200000, 0x0000000085200000| Untracked 
|  82|0x0000000085200000, 0x0000000085300000, 0x0000000085300000|100%| O|  |TAMS 0x0000000085300000, 0x0000000085300000| Untracked 
|  83|0x0000000085300000, 0x0000000085400000, 0x0000000085400000|100%| O|  |TAMS 0x0000000085400000, 0x0000000085400000| Untracked 
|  84|0x0000000085400000, 0x0000000085400000, 0x0000000085500000|  0%| F|  |TAMS 0x0000000085400000, 0x0000000085400000| Untracked 
|  85|0x0000000085500000, 0x0000000085600000, 0x0000000085600000|100%| O|  |TAMS 0x0000000085600000, 0x0000000085600000| Untracked 
|  86|0x0000000085600000, 0x0000000085700000, 0x0000000085700000|100%| O|  |TAMS 0x0000000085700000, 0x0000000085700000| Untracked 
|  87|0x0000000085700000, 0x0000000085800000, 0x0000000085800000|100%| O|  |TAMS 0x0000000085800000, 0x0000000085800000| Untracked 
|  88|0x0000000085800000, 0x0000000085800000, 0x0000000085900000|  0%| F|  |TAMS 0x0000000085800000, 0x0000000085800000| Untracked 
|  89|0x0000000085900000, 0x0000000085a00000, 0x0000000085a00000|100%| O|  |TAMS 0x0000000085a00000, 0x0000000085a00000| Untracked 
|  90|0x0000000085a00000, 0x0000000085b00000, 0x0000000085b00000|100%| O|  |TAMS 0x0000000085b00000, 0x0000000085b00000| Untracked 
|  91|0x0000000085b00000, 0x0000000085c00000, 0x0000000085c00000|100%| O|  |TAMS 0x0000000085c00000, 0x0000000085c00000| Untracked 
|  92|0x0000000085c00000, 0x0000000085d00000, 0x0000000085d00000|100%| O|  |TAMS 0x0000000085d00000, 0x0000000085d00000| Untracked 
|  93|0x0000000085d00000, 0x0000000085e00000, 0x0000000085e00000|100%| O|  |TAMS 0x0000000085e00000, 0x0000000085e00000| Untracked 
|  94|0x0000000085e00000, 0x0000000085f00000, 0x0000000085f00000|100%| O|  |TAMS 0x0000000085f00000, 0x0000000085f00000| Untracked 
|  95|0x0000000085f00000, 0x0000000086000000, 0x0000000086000000|100%| O|  |TAMS 0x0000000086000000, 0x0000000086000000| Untracked 
|  96|0x0000000086000000, 0x0000000086100000, 0x0000000086100000|100%| O|  |TAMS 0x0000000086100000, 0x0000000086100000| Untracked 
|  97|0x0000000086100000, 0x0000000086200000, 0x0000000086200000|100%| O|  |TAMS 0x0000000086200000, 0x0000000086200000| Untracked 
|  98|0x0000000086200000, 0x0000000086300000, 0x0000000086300000|100%| O|  |TAMS 0x0000000086300000, 0x0000000086300000| Untracked 
|  99|0x0000000086300000, 0x0000000086400000, 0x0000000086400000|100%| O|  |TAMS 0x0000000086400000, 0x0000000086400000| Untracked 
| 100|0x0000000086400000, 0x0000000086500000, 0x0000000086500000|100%| O|  |TAMS 0x0000000086500000, 0x0000000086500000| Untracked 
| 101|0x0000000086500000, 0x0000000086600000, 0x0000000086600000|100%| O|  |TAMS 0x0000000086600000, 0x0000000086600000| Untracked 
| 102|0x0000000086600000, 0x0000000086700000, 0x0000000086700000|100%| O|  |TAMS 0x0000000086700000, 0x0000000086700000| Untracked 
| 103|0x0000000086700000, 0x0000000086800000, 0x0000000086800000|100%| O|  |TAMS 0x0000000086800000, 0x0000000086800000| Untracked 
| 104|0x0000000086800000, 0x0000000086900000, 0x0000000086900000|100%| O|  |TAMS 0x0000000086900000, 0x0000000086900000| Untracked 
| 105|0x0000000086900000, 0x0000000086a00000, 0x0000000086a00000|100%| O|  |TAMS 0x0000000086a00000, 0x0000000086a00000| Untracked 
| 106|0x0000000086a00000, 0x0000000086b00000, 0x0000000086b00000|100%| O|  |TAMS 0x0000000086b00000, 0x0000000086b00000| Untracked 
| 107|0x0000000086b00000, 0x0000000086c00000, 0x0000000086c00000|100%| O|  |TAMS 0x0000000086c00000, 0x0000000086c00000| Untracked 
| 108|0x0000000086c00000, 0x0000000086c00000, 0x0000000086d00000|  0%| F|  |TAMS 0x0000000086c00000, 0x0000000086c00000| Untracked 
| 109|0x0000000086d00000, 0x0000000086e00000, 0x0000000086e00000|100%| O|  |TAMS 0x0000000086e00000, 0x0000000086e00000| Untracked 
| 110|0x0000000086e00000, 0x0000000086f00000, 0x0000000086f00000|100%| O|  |TAMS 0x0000000086f00000, 0x0000000086f00000| Untracked 
| 111|0x0000000086f00000, 0x0000000087000000, 0x0000000087000000|100%| O|  |TAMS 0x0000000087000000, 0x0000000087000000| Untracked 
| 112|0x0000000087000000, 0x0000000087100000, 0x0000000087100000|100%| O|  |TAMS 0x0000000087100000, 0x0000000087100000| Untracked 
| 113|0x0000000087100000, 0x0000000087200000, 0x0000000087200000|100%| O|  |TAMS 0x0000000087200000, 0x0000000087200000| Untracked 
| 114|0x0000000087200000, 0x0000000087300000, 0x0000000087300000|100%| O|  |TAMS 0x0000000087300000, 0x0000000087300000| Untracked 
| 115|0x0000000087300000, 0x0000000087400000, 0x0000000087400000|100%| O|  |TAMS 0x0000000087400000, 0x0000000087400000| Untracked 
| 116|0x0000000087400000, 0x0000000087500000, 0x0000000087500000|100%| O|  |TAMS 0x0000000087500000, 0x0000000087500000| Untracked 
| 117|0x0000000087500000, 0x0000000087600000, 0x0000000087600000|100%| O|  |TAMS 0x0000000087600000, 0x0000000087600000| Untracked 
| 118|0x0000000087600000, 0x0000000087700000, 0x0000000087700000|100%| O|  |TAMS 0x0000000087700000, 0x0000000087700000| Untracked 
| 119|0x0000000087700000, 0x0000000087800000, 0x0000000087800000|100%| O|  |TAMS 0x0000000087800000, 0x0000000087800000| Untracked 
| 120|0x0000000087800000, 0x0000000087900000, 0x0000000087900000|100%| O|  |TAMS 0x0000000087900000, 0x0000000087900000| Untracked 
| 121|0x0000000087900000, 0x0000000087a00000, 0x0000000087a00000|100%| O|  |TAMS 0x0000000087a00000, 0x0000000087a00000| Untracked 
| 122|0x0000000087a00000, 0x0000000087b00000, 0x0000000087b00000|100%| O|  |TAMS 0x0000000087b00000, 0x0000000087b00000| Untracked 
| 123|0x0000000087b00000, 0x0000000087c00000, 0x0000000087c00000|100%| O|  |TAMS 0x0000000087c00000, 0x0000000087c00000| Untracked 
| 124|0x0000000087c00000, 0x0000000087d00000, 0x0000000087d00000|100%| O|  |TAMS 0x0000000087d00000, 0x0000000087d00000| Untracked 
| 125|0x0000000087d00000, 0x0000000087e00000, 0x0000000087e00000|100%| O|  |TAMS 0x0000000087e00000, 0x0000000087e00000| Untracked 
| 126|0x0000000087e00000, 0x0000000087f00000, 0x0000000087f00000|100%| O|  |TAMS 0x0000000087f00000, 0x0000000087f00000| Untracked 
| 127|0x0000000087f00000, 0x0000000088000000, 0x0000000088000000|100%| O|  |TAMS 0x0000000088000000, 0x0000000088000000| Untracked 
| 128|0x0000000088000000, 0x0000000088100000, 0x0000000088100000|100%| O|  |TAMS 0x0000000088100000, 0x0000000088100000| Untracked 
| 129|0x0000000088100000, 0x0000000088200000, 0x0000000088200000|100%| O|  |TAMS 0x0000000088200000, 0x0000000088200000| Untracked 
| 130|0x0000000088200000, 0x0000000088300000, 0x0000000088300000|100%| O|  |TAMS 0x0000000088300000, 0x0000000088300000| Untracked 
| 131|0x0000000088300000, 0x0000000088400000, 0x0000000088400000|100%| O|  |TAMS 0x0000000088400000, 0x0000000088400000| Untracked 
| 132|0x0000000088400000, 0x0000000088500000, 0x0000000088500000|100%| O|  |TAMS 0x0000000088500000, 0x0000000088500000| Untracked 
| 133|0x0000000088500000, 0x0000000088600000, 0x0000000088600000|100%| O|  |TAMS 0x0000000088600000, 0x0000000088600000| Untracked 
| 134|0x0000000088600000, 0x0000000088700000, 0x0000000088700000|100%| O|  |TAMS 0x0000000088700000, 0x0000000088700000| Untracked 
| 135|0x0000000088700000, 0x0000000088800000, 0x0000000088800000|100%| O|  |TAMS 0x0000000088800000, 0x0000000088800000| Untracked 
| 136|0x0000000088800000, 0x0000000088900000, 0x0000000088900000|100%| O|  |TAMS 0x0000000088900000, 0x0000000088900000| Untracked 
| 137|0x0000000088900000, 0x0000000088a00000, 0x0000000088a00000|100%| O|  |TAMS 0x0000000088a00000, 0x0000000088a00000| Untracked 
| 138|0x0000000088a00000, 0x0000000088b00000, 0x0000000088b00000|100%| O|  |TAMS 0x0000000088b00000, 0x0000000088b00000| Untracked 
| 139|0x0000000088b00000, 0x0000000088c00000, 0x0000000088c00000|100%| O|  |TAMS 0x0000000088c00000, 0x0000000088c00000| Untracked 
| 140|0x0000000088c00000, 0x0000000088d00000, 0x0000000088d00000|100%| O|  |TAMS 0x0000000088d00000, 0x0000000088d00000| Untracked 
| 141|0x0000000088d00000, 0x0000000088e00000, 0x0000000088e00000|100%| O|  |TAMS 0x0000000088e00000, 0x0000000088e00000| Untracked 
| 142|0x0000000088e00000, 0x0000000088f00000, 0x0000000088f00000|100%| O|  |TAMS 0x0000000088f00000, 0x0000000088f00000| Untracked 
| 143|0x0000000088f00000, 0x0000000089000000, 0x0000000089000000|100%| O|  |TAMS 0x0000000089000000, 0x0000000089000000| Untracked 
| 144|0x0000000089000000, 0x0000000089100000, 0x0000000089100000|100%| O|  |TAMS 0x0000000089100000, 0x0000000089100000| Untracked 
| 145|0x0000000089100000, 0x0000000089200000, 0x0000000089200000|100%| O|  |TAMS 0x0000000089200000, 0x0000000089200000| Untracked 
| 146|0x0000000089200000, 0x0000000089300000, 0x0000000089300000|100%| O|  |TAMS 0x0000000089300000, 0x0000000089300000| Untracked 
| 147|0x0000000089300000, 0x0000000089400000, 0x0000000089400000|100%| O|  |TAMS 0x0000000089400000, 0x0000000089400000| Untracked 
| 148|0x0000000089400000, 0x0000000089500000, 0x0000000089500000|100%| O|  |TAMS 0x0000000089500000, 0x0000000089500000| Untracked 
| 149|0x0000000089500000, 0x0000000089600000, 0x0000000089600000|100%| O|  |TAMS 0x0000000089600000, 0x0000000089600000| Untracked 
| 150|0x0000000089600000, 0x0000000089700000, 0x0000000089700000|100%| O|  |TAMS 0x0000000089700000, 0x0000000089700000| Untracked 
| 151|0x0000000089700000, 0x0000000089800000, 0x0000000089800000|100%| O|  |TAMS 0x0000000089800000, 0x0000000089800000| Untracked 
| 152|0x0000000089800000, 0x0000000089900000, 0x0000000089900000|100%| O|  |TAMS 0x0000000089900000, 0x0000000089900000| Untracked 
| 153|0x0000000089900000, 0x0000000089900000, 0x0000000089a00000|  0%| F|  |TAMS 0x0000000089900000, 0x0000000089900000| Untracked 
| 154|0x0000000089a00000, 0x0000000089a00000, 0x0000000089b00000|  0%| F|  |TAMS 0x0000000089a00000, 0x0000000089a00000| Untracked 
| 155|0x0000000089b00000, 0x0000000089b00000, 0x0000000089c00000|  0%| F|  |TAMS 0x0000000089b00000, 0x0000000089b00000| Untracked 
| 156|0x0000000089c00000, 0x0000000089d00000, 0x0000000089d00000|100%| O|  |TAMS 0x0000000089d00000, 0x0000000089d00000| Untracked 
| 157|0x0000000089d00000, 0x0000000089d00000, 0x0000000089e00000|  0%| F|  |TAMS 0x0000000089d00000, 0x0000000089d00000| Untracked 
| 158|0x0000000089e00000, 0x0000000089f00000, 0x0000000089f00000|100%| O|  |TAMS 0x0000000089e00000, 0x0000000089f00000| Untracked 
| 159|0x0000000089f00000, 0x000000008a000000, 0x000000008a000000|100%| O|  |TAMS 0x0000000089f00000, 0x000000008a000000| Untracked 
| 160|0x000000008a000000, 0x000000008a100000, 0x000000008a100000|100%| O|  |TAMS 0x000000008a000000, 0x000000008a100000| Untracked 
| 161|0x000000008a100000, 0x000000008a200000, 0x000000008a200000|100%| O|  |TAMS 0x000000008a100000, 0x000000008a200000| Untracked 
| 162|0x000000008a200000, 0x000000008a300000, 0x000000008a300000|100%| O|  |TAMS 0x000000008a200000, 0x000000008a300000| Untracked 
| 163|0x000000008a300000, 0x000000008a400000, 0x000000008a400000|100%| O|  |TAMS 0x000000008a300000, 0x000000008a400000| Untracked 
| 164|0x000000008a400000, 0x000000008a500000, 0x000000008a500000|100%| O|  |TAMS 0x000000008a400000, 0x000000008a500000| Untracked 
| 165|0x000000008a500000, 0x000000008a600000, 0x000000008a600000|100%| O|  |TAMS 0x000000008a500000, 0x000000008a600000| Untracked 
| 166|0x000000008a600000, 0x000000008a700000, 0x000000008a700000|100%| O|  |TAMS 0x000000008a600000, 0x000000008a700000| Untracked 
| 167|0x000000008a700000, 0x000000008a800000, 0x000000008a800000|100%| O|  |TAMS 0x000000008a700000, 0x000000008a800000| Untracked 
| 168|0x000000008a800000, 0x000000008a900000, 0x000000008a900000|100%| O|  |TAMS 0x000000008a800000, 0x000000008a900000| Untracked 
| 169|0x000000008a900000, 0x000000008aa00000, 0x000000008aa00000|100%| O|  |TAMS 0x000000008a900000, 0x000000008aa00000| Untracked 
| 170|0x000000008aa00000, 0x000000008ab00000, 0x000000008ab00000|100%| O|  |TAMS 0x000000008aa00000, 0x000000008ab00000| Untracked 
| 171|0x000000008ab00000, 0x000000008ac00000, 0x000000008ac00000|100%| O|  |TAMS 0x000000008ab00000, 0x000000008ac00000| Untracked 
| 172|0x000000008ac00000, 0x000000008ad00000, 0x000000008ad00000|100%| O|  |TAMS 0x000000008ac00000, 0x000000008ad00000| Untracked 
| 173|0x000000008ad00000, 0x000000008ad00000, 0x000000008ae00000|  0%| F|  |TAMS 0x000000008ad00000, 0x000000008ad00000| Untracked 
| 174|0x000000008ae00000, 0x000000008aed8420, 0x000000008af00000| 84%| S|CS|TAMS 0x000000008ae00000, 0x000000008ae00000| Complete 
| 175|0x000000008af00000, 0x000000008af00000, 0x000000008b000000|  0%| F|  |TAMS 0x000000008af00000, 0x000000008af00000| Untracked 
| 176|0x000000008b000000, 0x000000008b000000, 0x000000008b100000|  0%| F|  |TAMS 0x000000008b000000, 0x000000008b000000| Untracked 
| 177|0x000000008b100000, 0x000000008b100000, 0x000000008b200000|  0%| F|  |TAMS 0x000000008b100000, 0x000000008b100000| Untracked 
| 178|0x000000008b200000, 0x000000008b200000, 0x000000008b300000|  0%| F|  |TAMS 0x000000008b200000, 0x000000008b200000| Untracked 
| 179|0x000000008b300000, 0x000000008b300000, 0x000000008b400000|  0%| F|  |TAMS 0x000000008b300000, 0x000000008b300000| Untracked 
| 180|0x000000008b400000, 0x000000008b400000, 0x000000008b500000|  0%| F|  |TAMS 0x000000008b400000, 0x000000008b400000| Untracked 
| 181|0x000000008b500000, 0x000000008b500000, 0x000000008b600000|  0%| F|  |TAMS 0x000000008b500000, 0x000000008b500000| Untracked 
| 182|0x000000008b600000, 0x000000008b600000, 0x000000008b700000|  0%| F|  |TAMS 0x000000008b600000, 0x000000008b600000| Untracked 
| 183|0x000000008b700000, 0x000000008b800000, 0x000000008b800000|100%| O|  |TAMS 0x000000008b700000, 0x000000008b800000| Untracked 
| 184|0x000000008b800000, 0x000000008b900000, 0x000000008b900000|100%| O|  |TAMS 0x000000008b800000, 0x000000008b900000| Untracked 
| 185|0x000000008b900000, 0x000000008ba00000, 0x000000008ba00000|100%| O|  |TAMS 0x000000008b900000, 0x000000008ba00000| Untracked 
| 186|0x000000008ba00000, 0x000000008baf9a00, 0x000000008bb00000| 97%| O|  |TAMS 0x000000008ba00000, 0x000000008baf9a00| Untracked 

Card table byte_map: [0x000001abf3480000,0x000001abf3880000] _byte_map_base: 0x000001abf3080000

Marking Bits (Prev, Next): (CMBitMap*) 0x000001abed36fb88, (CMBitMap*) 0x000001abed36fbc0
 Prev Bits: [0x000001abf3c80000, 0x000001abf5c80000)
 Next Bits: [0x000001abf5c80000, 0x000001abf7c80000)

Polling page: 0x000001abed400000

Metaspace:

Usage:
  Non-class:     99.42 MB capacity,    97.82 MB ( 98%) used,     1.29 MB (  1%) free+waste,   318.38 KB ( <1%) overhead. 
      Class:     14.82 MB capacity,    13.85 MB ( 93%) used,   859.02 KB (  6%) free+waste,   138.63 KB ( <1%) overhead. 
       Both:    114.25 MB capacity,   111.67 MB ( 98%) used,     2.13 MB (  2%) free+waste,   457.00 KB ( <1%) overhead. 

Virtual space:
  Non-class space:      100.00 MB reserved,      99.57 MB (>99%) committed 
      Class space:        1.00 GB reserved,      14.95 MB (  1%) committed 
             Both:        1.10 GB reserved,     114.52 MB ( 10%) committed 

Chunk freelists:
   Non-Class:  24.00 KB
       Class:  20.00 KB
        Both:  44.00 KB

MaxMetaspaceSize: 17179869184.00 GB
CompressedClassSpaceSize: 1.00 GB
Initial GC threshold: 20.80 MB
Current GC threshold: 185.87 MB
CDS: off

CodeHeap 'non-profiled nmethods': size=120000Kb used=9165Kb max_used=9165Kb free=110834Kb
 bounds [0x000001ab87ad0000, 0x000001ab883d0000, 0x000001ab8f000000]
CodeHeap 'profiled nmethods': size=120000Kb used=32637Kb max_used=32637Kb free=87362Kb
 bounds [0x000001ab805a0000, 0x000001ab82580000, 0x000001ab87ad0000]
CodeHeap 'non-nmethods': size=5760Kb used=2416Kb max_used=2485Kb free=3343Kb
 bounds [0x000001ab80000000, 0x000001ab80280000, 0x000001ab805a0000]
 total_blobs=16265 nmethods=15325 adapters=851
 compilation: enabled
              stopped_count=0, restarted_count=0
 full_count=0

Compilation events (20 events):
Event: 55.385 Thread 0x000001abfa783000 nmethod 15758 0x000001ab82579f90 code [0x000001ab8257a180, 0x000001ab8257a608]
Event: 55.385 Thread 0x000001abfa783000 15759       3       com.squareup.javapoet.LineWrapper::append (163 bytes)
Event: 55.390 Thread 0x000001abfa783000 nmethod 15759 0x000001ab8257a790 code [0x000001ab8257ab00, 0x000001ab8257bfd8]
Event: 55.391 Thread 0x000001abfa783000 15762       3       com.squareup.javapoet.CodeWriter::emitAndIndent (206 bytes)
Event: 55.394 Thread 0x000001abfa783000 nmethod 15762 0x000001ab8257c790 code [0x000001ab8257ca40, 0x000001ab8257d518]
Event: 55.394 Thread 0x000001abfa783000 15760       3       com.squareup.javapoet.LineWrapper$RecordingAppendable::append (35 bytes)
Event: 55.395 Thread 0x000001abfa783000 nmethod 15760 0x000001ab8257da10 code [0x000001ab8257dc00, 0x000001ab8257df88]
Event: 55.395 Thread 0x000001abfa783000 15763       3       java.util.regex.Pattern$LineEnding::<init> (5 bytes)
Event: 55.395 Thread 0x000001abfa783000 nmethod 15763 0x000001ab8257e090 code [0x000001ab8257e260, 0x000001ab8257e498]
Event: 55.395 Thread 0x000001abfa783000 15764       3       java.util.regex.Pattern$LineEnding::study (29 bytes)
Event: 55.396 Thread 0x000001abfa783000 nmethod 15764 0x000001ab8257e590 code [0x000001ab8257e740, 0x000001ab8257e928]
Event: 55.396 Thread 0x000001abfa783000 15767       3       java.util.Collections$UnmodifiableList$1::hasNext (10 bytes)
Event: 55.396 Thread 0x000001abfa783000 nmethod 15767 0x000001ab8257ea10 code [0x000001ab8257ebc0, 0x000001ab8257ed88]
Event: 55.397 Thread 0x000001abfa783000 15761       3       com.squareup.javapoet.JavaFile$1::append (2 bytes)
Event: 55.397 Thread 0x000001abfa783000 nmethod 15761 0x000001ab8257ee90 code [0x000001ab8257f040, 0x000001ab8257f138]
Event: 55.398 Thread 0x000001abfa783000 15768       3       java.util.Collections$UnmodifiableList$1::next (10 bytes)
Event: 55.398 Thread 0x000001abfa783000 nmethod 15768 0x000001ab8257f210 code [0x000001ab8257f3c0, 0x000001ab8257f588]
Event: 55.398 Thread 0x000001abfa783000 15766       1       com.squareup.javapoet.ClassName::simpleName (5 bytes)
Event: 55.399 Thread 0x000001abfa783000 nmethod 15766 0x000001ab883c3390 code [0x000001ab883c3540, 0x000001ab883c35f8]
Event: 55.404 Thread 0x000001abfb6c5000 nmethod 15670 0x000001ab883bc710 code [0x000001ab883bcba0, 0x000001ab883c0ed8]

GC Heap History (20 events):
Event: 53.772 GC heap after
{Heap after GC invocations=48 (full 0):
 garbage-first heap   total 187392K, used 122722K [0x0000000080000000, 0x0000000100000000)
  region size 1024K, 2 young (2048K), 2 survivors (2048K)
 Metaspace       used 109944K, capacity 112590K, committed 112788K, reserved 1146880K
  class space    used 13609K, capacity 14553K, committed 14668K, reserved 1048576K
}
Event: 53.909 GC heap before
{Heap before GC invocations=48 (full 0):
 garbage-first heap   total 187392K, used 128866K [0x0000000080000000, 0x0000000100000000)
  region size 1024K, 9 young (9216K), 2 survivors (2048K)
 Metaspace       used 110782K, capacity 113422K, committed 113684K, reserved 1148928K
  class space    used 13718K, capacity 14681K, committed 14796K, reserved 1048576K
}
Event: 53.917 GC heap after
{Heap after GC invocations=49 (full 0):
 garbage-first heap   total 187392K, used 122312K [0x0000000080000000, 0x0000000100000000)
  region size 1024K, 2 young (2048K), 2 survivors (2048K)
 Metaspace       used 110782K, capacity 113422K, committed 113684K, reserved 1148928K
  class space    used 13718K, capacity 14681K, committed 14796K, reserved 1048576K
}
Event: 54.190 GC heap before
{Heap before GC invocations=49 (full 0):
 garbage-first heap   total 187392K, used 153032K [0x0000000080000000, 0x0000000100000000)
  region size 1024K, 32 young (32768K), 2 survivors (2048K)
 Metaspace       used 110919K, capacity 113557K, committed 113684K, reserved 1148928K
  class space    used 13721K, capacity 14682K, committed 14796K, reserved 1048576K
}
Event: 54.208 GC heap after
{Heap after GC invocations=50 (full 0):
 garbage-first heap   total 187392K, used 149611K [0x0000000080000000, 0x0000000100000000)
  region size 1024K, 4 young (4096K), 4 survivors (4096K)
 Metaspace       used 110919K, capacity 113557K, committed 113684K, reserved 1148928K
  class space    used 13721K, capacity 14682K, committed 14796K, reserved 1048576K
}
Event: 54.233 GC heap before
{Heap before GC invocations=50 (full 0):
 garbage-first heap   total 187392K, used 157803K [0x0000000080000000, 0x0000000100000000)
  region size 1024K, 12 young (12288K), 4 survivors (4096K)
 Metaspace       used 110920K, capacity 113557K, committed 113684K, reserved 1148928K
  class space    used 13721K, capacity 14682K, committed 14796K, reserved 1048576K
}
Event: 54.243 GC heap after
{Heap after GC invocations=51 (full 0):
 garbage-first heap   total 187392K, used 157628K [0x0000000080000000, 0x0000000100000000)
  region size 1024K, 2 young (2048K), 2 survivors (2048K)
 Metaspace       used 110920K, capacity 113557K, committed 113684K, reserved 1148928K
  class space    used 13721K, capacity 14682K, committed 14796K, reserved 1048576K
}
Event: 54.263 GC heap before
{Heap before GC invocations=51 (full 0):
 garbage-first heap   total 187392K, used 164796K [0x0000000080000000, 0x0000000100000000)
  region size 1024K, 9 young (9216K), 2 survivors (2048K)
 Metaspace       used 110920K, capacity 113557K, committed 113684K, reserved 1148928K
  class space    used 13721K, capacity 14682K, committed 14796K, reserved 1048576K
}
Event: 54.272 GC heap after
{Heap after GC invocations=52 (full 0):
 garbage-first heap   total 187392K, used 163610K [0x0000000080000000, 0x0000000100000000)
  region size 1024K, 2 young (2048K), 2 survivors (2048K)
 Metaspace       used 110920K, capacity 113557K, committed 113684K, reserved 1148928K
  class space    used 13721K, capacity 14682K, committed 14796K, reserved 1048576K
}
Event: 54.302 GC heap before
{Heap before GC invocations=52 (full 0):
 garbage-first heap   total 187392K, used 170778K [0x0000000080000000, 0x0000000100000000)
  region size 1024K, 9 young (9216K), 2 survivors (2048K)
 Metaspace       used 110920K, capacity 113557K, committed 113684K, reserved 1148928K
  class space    used 13721K, capacity 14682K, committed 14796K, reserved 1048576K
}
Event: 54.308 GC heap after
{Heap after GC invocations=53 (full 0):
 garbage-first heap   total 187392K, used 169125K [0x0000000080000000, 0x0000000100000000)
  region size 1024K, 2 young (2048K), 2 survivors (2048K)
 Metaspace       used 110920K, capacity 113557K, committed 113684K, reserved 1148928K
  class space    used 13721K, capacity 14682K, committed 14796K, reserved 1048576K
}
Event: 54.356 GC heap before
{Heap before GC invocations=53 (full 0):
 garbage-first heap   total 187392K, used 175269K [0x0000000080000000, 0x0000000100000000)
  region size 1024K, 9 young (9216K), 2 survivors (2048K)
 Metaspace       used 111056K, capacity 113685K, committed 113940K, reserved 1148928K
  class space    used 13737K, capacity 14682K, committed 14796K, reserved 1048576K
}
Event: 54.363 GC heap after
{Heap after GC invocations=54 (full 0):
 garbage-first heap   total 187392K, used 174080K [0x0000000080000000, 0x0000000100000000)
  region size 1024K, 2 young (2048K), 2 survivors (2048K)
 Metaspace       used 111056K, capacity 113685K, committed 113940K, reserved 1148928K
  class space    used 13737K, capacity 14682K, committed 14796K, reserved 1048576K
}
Event: 54.502 GC heap before
{Heap before GC invocations=54 (full 0):
 garbage-first heap   total 187392K, used 180224K [0x0000000080000000, 0x0000000100000000)
  region size 1024K, 9 young (9216K), 2 survivors (2048K)
 Metaspace       used 111434K, capacity 114069K, committed 114196K, reserved 1148928K
  class space    used 13781K, capacity 14746K, committed 14796K, reserved 1048576K
}
Event: 54.507 GC heap after
{Heap after GC invocations=55 (full 0):
 garbage-first heap   total 187392K, used 175990K [0x0000000080000000, 0x0000000100000000)
  region size 1024K, 2 young (2048K), 2 survivors (2048K)
 Metaspace       used 111434K, capacity 114069K, committed 114196K, reserved 1148928K
  class space    used 13781K, capacity 14746K, committed 14796K, reserved 1048576K
}
Event: 54.843 GC heap before
{Heap before GC invocations=56 (full 0):
 garbage-first heap   total 187392K, used 182134K [0x0000000080000000, 0x0000000100000000)
  region size 1024K, 9 young (9216K), 2 survivors (2048K)
 Metaspace       used 112145K, capacity 114791K, committed 115092K, reserved 1148928K
  class space    used 13872K, capacity 14815K, committed 14924K, reserved 1048576K
}
Event: 54.845 GC heap after
{Heap after GC invocations=57 (full 0):
 garbage-first heap   total 187392K, used 176503K [0x0000000080000000, 0x0000000100000000)
  region size 1024K, 1 young (1024K), 1 survivors (1024K)
 Metaspace       used 112145K, capacity 114791K, committed 115092K, reserved 1148928K
  class space    used 13872K, capacity 14815K, committed 14924K, reserved 1048576K
}
Event: 55.028 GC heap before
{Heap before GC invocations=57 (full 0):
 garbage-first heap   total 187392K, used 184695K [0x0000000080000000, 0x0000000100000000)
  region size 1024K, 9 young (9216K), 1 survivors (1024K)
 Metaspace       used 113147K, capacity 115757K, committed 115988K, reserved 1150976K
  class space    used 14054K, capacity 15008K, committed 15052K, reserved 1048576K
}
Event: 55.056 GC heap after
{Heap after GC invocations=58 (full 0):
 garbage-first heap   total 191488K, used 171630K [0x0000000080000000, 0x0000000100000000)
  region size 1024K, 1 young (1024K), 1 survivors (1024K)
 Metaspace       used 113147K, capacity 115757K, committed 115988K, reserved 1150976K
  class space    used 14054K, capacity 15008K, committed 15052K, reserved 1048576K
}
Event: 55.404 GC heap before
{Heap before GC invocations=58 (full 0):
 garbage-first heap   total 191488K, used 178798K [0x0000000080000000, 0x0000000100000000)
  region size 1024K, 9 young (9216K), 1 survivors (1024K)
 Metaspace       used 114349K, capacity 116988K, committed 117268K, reserved 1150976K
  class space    used 14182K, capacity 15180K, committed 15308K, reserved 1048576K
}

Deoptimization events (20 events):
Event: 54.665 Thread 0x000001ab90f65000 DEOPT PACKING pc=0x000001ab87afa290 sp=0x00000025157f8b90
Event: 54.665 Thread 0x000001ab90f65000 DEOPT UNPACKING pc=0x000001ab8004a1af sp=0x00000025157f8b38 mode 2
Event: 55.206 Thread 0x000001ab90f65000 Uncommon trap: trap_request=0xffffff4d fr.pc=0x000001ab883765cc relative=0x00000000000000ac
Event: 55.206 Thread 0x000001ab90f65000 Uncommon trap: reason=unstable_if action=reinterpret pc=0x000001ab883765cc method=org.apache.xerces.impl.XMLEntityScanner.scanChar()I @ 14 c2
Event: 55.207 Thread 0x000001ab90f65000 DEOPT PACKING pc=0x000001ab883765cc sp=0x00000025157f8bb0
Event: 55.207 Thread 0x000001ab90f65000 DEOPT UNPACKING pc=0x000001ab8004a1af sp=0x00000025157f8b38 mode 2
Event: 55.209 Thread 0x000001ab90f65000 Uncommon trap: trap_request=0xffffff4d fr.pc=0x000001ab8835ee5c relative=0x000000000000049c
Event: 55.209 Thread 0x000001ab90f65000 Uncommon trap: reason=unstable_if action=reinterpret pc=0x000001ab8835ee5c method=org.apache.xerces.util.SymbolTable.addSymbol([CII)Ljava/lang/String; @ 95 c2
Event: 55.209 Thread 0x000001ab90f65000 DEOPT PACKING pc=0x000001ab8835ee5c sp=0x00000025157f8860
Event: 55.209 Thread 0x000001ab90f65000 DEOPT UNPACKING pc=0x000001ab8004a1af sp=0x00000025157f8800 mode 2
Event: 55.234 Thread 0x000001ab90f65000 DEOPT PACKING pc=0x000001ab8255cff8 sp=0x00000025157f8960
Event: 55.234 Thread 0x000001ab90f65000 DEOPT UNPACKING pc=0x000001ab8004a95e sp=0x00000025157f7e80 mode 0
Event: 55.240 Thread 0x000001ab90f65000 DEOPT PACKING pc=0x000001ab8255cff8 sp=0x00000025157f8960
Event: 55.240 Thread 0x000001ab90f65000 DEOPT UNPACKING pc=0x000001ab8004a95e sp=0x00000025157f7e80 mode 0
Event: 55.271 Thread 0x000001ab90f65000 Uncommon trap: trap_request=0xffffffde fr.pc=0x000001ab87afa290 relative=0x0000000000000170
Event: 55.271 Thread 0x000001ab90f65000 Uncommon trap: reason=class_check action=maybe_recompile pc=0x000001ab87afa290 method=kotlin.jvm.internal.Intrinsics.areEqual(Ljava/lang/Object;Ljava/lang/Object;)Z @ 18 c2
Event: 55.271 Thread 0x000001ab90f65000 DEOPT PACKING pc=0x000001ab87afa290 sp=0x00000025157f8930
Event: 55.271 Thread 0x000001ab90f65000 DEOPT UNPACKING pc=0x000001ab8004a1af sp=0x00000025157f88d8 mode 2
Event: 55.330 Thread 0x000001abfb623000 DEOPT PACKING pc=0x000001ab822d3944 sp=0x000000250eefefe0
Event: 55.331 Thread 0x000001abfb623000 DEOPT UNPACKING pc=0x000001ab8004a95e sp=0x000000250eefe580 mode 0

Classes redefined (0 events):
No events

Internal exceptions (20 events):
Event: 55.258 Thread 0x000001ab90f65000 Exception <a 'sun/nio/fs/WindowsException'{0x000000008b2751c0}> (0x000000008b2751c0) thrown at [./src/hotspot/share/prims/jni.cpp, line 616]
Event: 55.258 Thread 0x000001ab90f65000 Exception <a 'sun/nio/fs/WindowsException'{0x000000008b2766c0}> (0x000000008b2766c0) thrown at [./src/hotspot/share/prims/jni.cpp, line 616]
Event: 55.258 Thread 0x000001ab90f65000 Exception <a 'sun/nio/fs/WindowsException'{0x000000008b277be0}> (0x000000008b277be0) thrown at [./src/hotspot/share/prims/jni.cpp, line 616]
Event: 55.258 Thread 0x000001ab90f65000 Exception <a 'sun/nio/fs/WindowsException'{0x000000008b277d80}> (0x000000008b277d80) thrown at [./src/hotspot/share/prims/jni.cpp, line 616]
Event: 55.258 Thread 0x000001ab90f65000 Exception <a 'sun/nio/fs/WindowsException'{0x000000008b27a7a0}> (0x000000008b27a7a0) thrown at [./src/hotspot/share/prims/jni.cpp, line 616]
Event: 55.275 Thread 0x000001ab90f65000 Exception <a 'sun/nio/fs/WindowsException'{0x000000008b2cd8d0}> (0x000000008b2cd8d0) thrown at [./src/hotspot/share/prims/jni.cpp, line 616]
Event: 55.275 Thread 0x000001ab90f65000 Exception <a 'sun/nio/fs/WindowsException'{0x000000008b2cda88}> (0x000000008b2cda88) thrown at [./src/hotspot/share/prims/jni.cpp, line 616]
Event: 55.277 Thread 0x000001ab90f65000 Exception <a 'sun/nio/fs/WindowsException'{0x000000008b2e5c88}> (0x000000008b2e5c88) thrown at [./src/hotspot/share/prims/jni.cpp, line 616]
Event: 55.277 Thread 0x000001ab90f65000 Exception <a 'sun/nio/fs/WindowsException'{0x000000008b2e5e58}> (0x000000008b2e5e58) thrown at [./src/hotspot/share/prims/jni.cpp, line 616]
Event: 55.299 Thread 0x000001ab90f65000 Exception <a 'sun/nio/fs/WindowsException'{0x000000008b1adea8}> (0x000000008b1adea8) thrown at [./src/hotspot/share/prims/jni.cpp, line 616]
Event: 55.299 Thread 0x000001ab90f65000 Exception <a 'sun/nio/fs/WindowsException'{0x000000008b1ae048}> (0x000000008b1ae048) thrown at [./src/hotspot/share/prims/jni.cpp, line 616]
Event: 55.324 Thread 0x000001ab90f65000 Exception <a 'sun/nio/fs/WindowsException'{0x000000008b030170}> (0x000000008b030170) thrown at [./src/hotspot/share/prims/jni.cpp, line 616]
Event: 55.324 Thread 0x000001ab90f65000 Exception <a 'sun/nio/fs/WindowsException'{0x000000008b031ab8}> (0x000000008b031ab8) thrown at [./src/hotspot/share/prims/jni.cpp, line 616]
Event: 55.325 Thread 0x000001ab90f65000 Exception <a 'sun/nio/fs/WindowsException'{0x000000008b032dc0}> (0x000000008b032dc0) thrown at [./src/hotspot/share/prims/jni.cpp, line 616]
Event: 55.325 Thread 0x000001ab90f65000 Exception <a 'sun/nio/fs/WindowsException'{0x000000008b034320}> (0x000000008b034320) thrown at [./src/hotspot/share/prims/jni.cpp, line 616]
Event: 55.325 Thread 0x000001ab90f65000 Exception <a 'sun/nio/fs/WindowsException'{0x000000008b0344e8}> (0x000000008b0344e8) thrown at [./src/hotspot/share/prims/jni.cpp, line 616]
Event: 55.325 Thread 0x000001ab90f65000 Exception <a 'sun/nio/fs/WindowsException'{0x000000008b036cf8}> (0x000000008b036cf8) thrown at [./src/hotspot/share/prims/jni.cpp, line 616]
Event: 55.329 Thread 0x000001ab90f65000 Exception <a 'sun/nio/fs/WindowsException'{0x000000008b04a6a0}> (0x000000008b04a6a0) thrown at [./src/hotspot/share/prims/jni.cpp, line 616]
Event: 55.393 Thread 0x000001ab90f65000 Exception <a 'sun/nio/fs/WindowsException'{0x000000008afd4508}> (0x000000008afd4508) thrown at [./src/hotspot/share/prims/jni.cpp, line 616]
Event: 55.402 Thread 0x000001ab90f65000 Exception <a 'sun/nio/fs/WindowsException'{0x000000008affb1f0}> (0x000000008affb1f0) thrown at [./src/hotspot/share/prims/jni.cpp, line 616]

Events (20 events):
Event: 55.376 loading class android/databinding/tool/writer/BindingMapperWriterV2$generateInnerBrLookup$1$1 done
Event: 55.378 loading class android/databinding/tool/writer/BindingMapperWriterV2$generateInnerLayoutIdLookup$1$1
Event: 55.378 loading class android/databinding/tool/writer/BindingMapperWriterV2$generateInnerLayoutIdLookup$1$1 done
Event: 55.380 loading class android/databinding/tool/writer/BindingMapperWriterV2$createLocalizedLayoutIds$1$2
Event: 55.380 loading class android/databinding/tool/writer/BindingMapperWriterV2$createLocalizedLayoutIds$1$2 done
Event: 55.382 loading class com/squareup/javapoet/LineWrapper$FlushType
Event: 55.382 loading class com/squareup/javapoet/LineWrapper$FlushType done
Event: 55.383 loading class com/squareup/javapoet/LineWrapper$1
Event: 55.383 loading class com/squareup/javapoet/LineWrapper$1 done
Event: 55.387 loading class java/util/AbstractList$RandomAccessSubList
Event: 55.388 loading class java/util/AbstractList$SubList
Event: 55.388 loading class java/util/AbstractList$SubList done
Event: 55.388 loading class java/util/AbstractList$RandomAccessSubList done
Event: 55.389 loading class java/util/AbstractList$SubList$1
Event: 55.389 loading class java/util/AbstractList$SubList$1 done
Event: 55.395 loading class android/databinding/tool/writer/MergedBindingMapperWriter
Event: 55.395 loading class android/databinding/tool/writer/MergedBindingMapperWriter done
Event: 55.399 loading class android/databinding/tool/writer/MergedBindingMapperWriter$Companion
Event: 55.399 loading class android/databinding/tool/writer/MergedBindingMapperWriter$Companion done
Event: 55.404 Executing VM operation: G1CollectForAllocation


Dynamic libraries:
0x00007ff617660000 - 0x00007ff61766a000 	C:\Program Files\Android\Android Studio\jre\bin\java.exe
0x00007ff8f3a50000 - 0x00007ff8f3c64000 	C:\WINDOWS\SYSTEM32\ntdll.dll
0x00007ff8f2b50000 - 0x00007ff8f2c13000 	C:\WINDOWS\System32\KERNEL32.DLL
0x00007ff8f10f0000 - 0x00007ff8f148d000 	C:\WINDOWS\System32\KERNELBASE.dll
0x00007ff8f1600000 - 0x00007ff8f1711000 	C:\WINDOWS\System32\ucrtbase.dll
0x00007ff8e8160000 - 0x00007ff8e8179000 	C:\Program Files\Android\Android Studio\jre\bin\jli.dll
0x00007ff897ba0000 - 0x00007ff897bb7000 	C:\Program Files\Android\Android Studio\jre\bin\VCRUNTIME140.dll
0x00007ff8f3840000 - 0x00007ff8f39ed000 	C:\WINDOWS\System32\USER32.dll
0x00007ff8f0f60000 - 0x00007ff8f0f86000 	C:\WINDOWS\System32\win32u.dll
0x00007ff8f2100000 - 0x00007ff8f2129000 	C:\WINDOWS\System32\GDI32.dll
0x00007ff8db870000 - 0x00007ff8dbafe000 	C:\WINDOWS\WinSxS\amd64_microsoft.windows.common-controls_6595b64144ccf1df_6.0.22621.608_none_a9444ca7c10bb01d\COMCTL32.dll
0x00007ff8f1720000 - 0x00007ff8f1832000 	C:\WINDOWS\System32\gdi32full.dll
0x00007ff8f0f90000 - 0x00007ff8f102a000 	C:\WINDOWS\System32\msvcp_win.dll
0x00007ff8f2dc0000 - 0x00007ff8f2e67000 	C:\WINDOWS\System32\msvcrt.dll
0x00007ff8f34f0000 - 0x00007ff8f3522000 	C:\WINDOWS\System32\IMM32.DLL
0x00007ff88f820000 - 0x00007ff88f8bd000 	C:\Program Files\Android\Android Studio\jre\bin\msvcp140.dll
0x00007ff864d20000 - 0x00007ff865822000 	C:\Program Files\Android\Android Studio\jre\bin\server\jvm.dll
0x00007ff8f3720000 - 0x00007ff8f37ce000 	C:\WINDOWS\System32\ADVAPI32.dll
0x00007ff8f22b0000 - 0x00007ff8f2354000 	C:\WINDOWS\System32\sechost.dll
0x00007ff8f2ca0000 - 0x00007ff8f2db5000 	C:\WINDOWS\System32\RPCRT4.dll
0x00007ff8f1ba0000 - 0x00007ff8f1ba8000 	C:\WINDOWS\System32\PSAPI.DLL
0x00007ff8c87e0000 - 0x00007ff8c87e9000 	C:\WINDOWS\SYSTEM32\WSOCK32.dll
0x00007ff8f3470000 - 0x00007ff8f34e1000 	C:\WINDOWS\System32\WS2_32.dll
0x00007ff8e8dc0000 - 0x00007ff8e8df4000 	C:\WINDOWS\SYSTEM32\WINMM.dll
0x00007ff8e76b0000 - 0x00007ff8e76ba000 	C:\WINDOWS\SYSTEM32\VERSION.dll
0x00007ff8eff80000 - 0x00007ff8eff98000 	C:\WINDOWS\SYSTEM32\kernel.appcore.dll
0x00007ff8e8ed0000 - 0x00007ff8e8ee1000 	C:\Program Files\Android\Android Studio\jre\bin\verify.dll
0x00007ff8ee770000 - 0x00007ff8ee99e000 	C:\WINDOWS\SYSTEM32\DBGHELP.DLL
0x00007ff8f30e0000 - 0x00007ff8f346a000 	C:\WINDOWS\System32\combase.dll
0x00007ff8f21d0000 - 0x00007ff8f22a7000 	C:\WINDOWS\System32\OLEAUT32.dll
0x00007ff8ca620000 - 0x00007ff8ca652000 	C:\WINDOWS\SYSTEM32\dbgcore.DLL
0x00007ff8f0e70000 - 0x00007ff8f0eeb000 	C:\WINDOWS\System32\bcryptPrimitives.dll
0x00007ff8b67e0000 - 0x00007ff8b6809000 	C:\Program Files\Android\Android Studio\jre\bin\java.dll
0x00007ff8e9f80000 - 0x00007ff8e9f8b000 	C:\Program Files\Android\Android Studio\jre\bin\jimage.dll
0x00007ff8dcf90000 - 0x00007ff8dcfa8000 	C:\Program Files\Android\Android Studio\jre\bin\zip.dll
0x00007ff8f2360000 - 0x00007ff8f2b4f000 	C:\WINDOWS\System32\SHELL32.dll
0x00007ff8eee50000 - 0x00007ff8ef718000 	C:\WINDOWS\SYSTEM32\windows.storage.dll
0x00007ff8eed10000 - 0x00007ff8eee4e000 	C:\WINDOWS\SYSTEM32\wintypes.dll
0x00007ff8f2e80000 - 0x00007ff8f2f71000 	C:\WINDOWS\System32\SHCORE.dll
0x00007ff8f1bb0000 - 0x00007ff8f1c0e000 	C:\WINDOWS\System32\shlwapi.dll
0x00007ff8f0da0000 - 0x00007ff8f0dc1000 	C:\WINDOWS\SYSTEM32\profapi.dll
0x00007ff8ba270000 - 0x00007ff8ba28a000 	C:\Program Files\Android\Android Studio\jre\bin\net.dll
0x00007ff8e8600000 - 0x00007ff8e872f000 	C:\WINDOWS\SYSTEM32\WINHTTP.dll
0x00007ff8f03d0000 - 0x00007ff8f0439000 	C:\WINDOWS\system32\mswsock.dll
0x00007ff8b9740000 - 0x00007ff8b9754000 	C:\Program Files\Android\Android Studio\jre\bin\nio.dll
0x00007ff88ed20000 - 0x00007ff88ed47000 	C:\Users\razya\.gradle\native\e1d6ef7f7dcc3fd88c89a11ec53ec762bb8ba0a96d01ffa2cd45eb1d1d8dd5c5\windows-amd64\native-platform.dll
0x00007ff8699a0000 - 0x00007ff869ae4000 	C:\Users\razya\.gradle\native\5664cfc778a61ccfe75a443a1ab52a65af34e5dc3c78e0209fed803814484fcb\windows-amd64\native-platform-file-events.dll
0x00007ff8dce70000 - 0x00007ff8dce7a000 	C:\Program Files\Android\Android Studio\jre\bin\management.dll
0x00007ff8cd910000 - 0x00007ff8cd91d000 	C:\Program Files\Android\Android Studio\jre\bin\management_ext.dll
0x00007ff8f0670000 - 0x00007ff8f068b000 	C:\WINDOWS\SYSTEM32\CRYPTSP.dll
0x00007ff8efea0000 - 0x00007ff8efed5000 	C:\WINDOWS\system32\rsaenh.dll
0x00007ff8f0470000 - 0x00007ff8f0498000 	C:\WINDOWS\SYSTEM32\USERENV.dll
0x00007ff8f0810000 - 0x00007ff8f0838000 	C:\WINDOWS\SYSTEM32\bcrypt.dll
0x00007ff8f05e0000 - 0x00007ff8f05ec000 	C:\WINDOWS\SYSTEM32\CRYPTBASE.dll
0x00007ff8ef960000 - 0x00007ff8ef98d000 	C:\WINDOWS\SYSTEM32\IPHLPAPI.DLL
0x00007ff8f2e70000 - 0x00007ff8f2e79000 	C:\WINDOWS\System32\NSI.dll
0x00007ff8e8010000 - 0x00007ff8e8029000 	C:\WINDOWS\SYSTEM32\dhcpcsvc6.DLL
0x00007ff8e7ff0000 - 0x00007ff8e800f000 	C:\WINDOWS\SYSTEM32\dhcpcsvc.DLL
0x00007ff8efa20000 - 0x00007ff8efb12000 	C:\WINDOWS\SYSTEM32\DNSAPI.dll
0x00007ff8effa0000 - 0x00007ff8effd4000 	C:\WINDOWS\SYSTEM32\ntmarta.dll

dbghelp: loaded successfully - version: 4.0.5 - missing functions: none
symbol engine: initialized successfully - sym options: 0x614 - pdb path: .;C:\Program Files\Android\Android Studio\jre\bin;C:\WINDOWS\SYSTEM32;C:\WINDOWS\WinSxS\amd64_microsoft.windows.common-controls_6595b64144ccf1df_6.0.22621.608_none_a9444ca7c10bb01d;C:\Program Files\Android\Android Studio\jre\bin\server;C:\Users\razya\.gradle\native\e1d6ef7f7dcc3fd88c89a11ec53ec762bb8ba0a96d01ffa2cd45eb1d1d8dd5c5\windows-amd64;C:\Users\razya\.gradle\native\5664cfc778a61ccfe75a443a1ab52a65af34e5dc3c78e0209fed803814484fcb\windows-amd64

VM Arguments:
jvm_args: --add-opens=java.base/java.util=ALL-UNNAMED --add-opens=java.base/java.lang=ALL-UNNAMED --add-opens=java.base/java.lang.invoke=ALL-UNNAMED --add-opens=java.base/java.util=ALL-UNNAMED --add-opens=java.prefs/java.util.prefs=ALL-UNNAMED --add-opens=java.prefs/java.util.prefs=ALL-UNNAMED --add-opens=java.base/java.nio.charset=ALL-UNNAMED --add-opens=java.base/java.net=ALL-UNNAMED --add-opens=java.base/java.util.concurrent.atomic=ALL-UNNAMED -Xmx2048m -Dfile.encoding=UTF-8 -Duser.country=ID -Duser.language=en -Duser.variant 
java_command: org.gradle.launcher.daemon.bootstrap.GradleDaemon 7.3.3
java_class_path (initial): C:\Users\razya\.gradle\wrapper\dists\gradle-7.3.3-bin\6a41zxkdtcxs8rphpq6y0069z\gradle-7.3.3\lib\gradle-launcher-7.3.3.jar
Launcher Type: SUN_STANDARD

[Global flags]
     intx CICompilerCount                          = 4                                         {product} {ergonomic}
     uint ConcGCThreads                            = 2                                         {product} {ergonomic}
     uint G1ConcRefinementThreads                  = 8                                         {product} {ergonomic}
   size_t G1HeapRegionSize                         = 1048576                                   {product} {ergonomic}
    uintx GCDrainStackTargetSize                   = 64                                        {product} {ergonomic}
   size_t InitialHeapSize                          = 132120576                                 {product} {ergonomic}
   size_t MarkStackSize                            = 4194304                                   {product} {ergonomic}
   size_t MaxHeapSize                              = 2147483648                                {product} {command line}
   size_t MaxNewSize                               = 1287651328                                {product} {ergonomic}
   size_t MinHeapDeltaBytes                        = 1048576                                   {product} {ergonomic}
    uintx NonNMethodCodeHeapSize                   = 5836300                                {pd product} {ergonomic}
    uintx NonProfiledCodeHeapSize                  = 122910970                              {pd product} {ergonomic}
    uintx ProfiledCodeHeapSize                     = 122910970                              {pd product} {ergonomic}
    uintx ReservedCodeCacheSize                    = 251658240                              {pd product} {ergonomic}
     bool SegmentedCodeCache                       = true                                      {product} {ergonomic}
     bool UseCompressedClassPointers               = true                                 {lp64_product} {ergonomic}
     bool UseCompressedOops                        = true                                 {lp64_product} {ergonomic}
     bool UseG1GC                                  = true                                      {product} {ergonomic}
     bool UseLargePagesIndividualAllocation        = false                                  {pd product} {ergonomic}

Logging:
Log output configuration:
 #0: stdout all=warning uptime,level,tags
 #1: stderr all=off uptime,level,tags

Environment Variables:
PATH=C:\Program Files\Common Files\Oracle\Java\javapath;C:\WINDOWS\system32;C:\WINDOWS;C:\WINDOWS\System32\Wbem;C:\WINDOWS\System32\WindowsPowerShell\v1.0\;C:\WINDOWS\System32\OpenSSH\;C:\Program Files (x86)\NVIDIA Corporation\PhysX\Common;C:\Program Files\NVIDIA Corporation\NVIDIA NvDLISR;C:\Program Files\Git\cmd;C:\Users\razya\anaconda3\Library\bin;C:\Users\razya\AppData\Local\Programs\Python\Python310;C:\Users\razya\AppData\Local\Programs\Python\Python310\Scripts;C:\WINDOWS\system32;C:\WINDOWS;C:\WINDOWS\System32\Wbem;C:\WINDOWS\System32\WindowsPowerShell\v1.0\;C:\WINDOWS\System32\OpenSSH\;C:\Program Files\nodejs\;C:\llvm-mingw-20211002-msvcrt-x86_64\bin;C:\Gradle\gradle-7.4.1-all\gradle-7.4.1\bin;C:\Program Files\Go\bin;C:\Program Files\dotnet\;C:\Program Files\Docker\Docker\resources\bin;C:\ProgramData\DockerDesktop\version-bin;C:\Program Files\PostgreSQL\15\bin;C:\Program Files\MATLAB\R2022b\bin;C:\Program Files\Cloudflare\Cloudflare WARP\;C:\Users\razya\AppData\Local\Programs\Python\Python38\Scripts\;C:\Users\razya\AppData\Local\Programs\Python\Python38\;C:\Users\razya\AppData\Local\Microsoft\WindowsApps;C:\Program Files\JetBrains\PyCharm Community Edition 2021.2.3\bin;C:\Users\razya\AppData\Local\Programs\Microsoft VS Code\bin;C:\Program Files\heroku\bin;C:\Users\razya\AppData\Roaming\npm;C:\Users\razya\flutter_windows_2.10.3-stable\flutter\bin;C:\Users\razya\go\bin;C:\Maven\apache-maven-3.8.6-bin\apache-maven-3.8.6\bin;C:\sqlite3;C:\Users\razya\AppData\Local\JetBrains\Toolbox\scripts;C:\Users\razya\AppData\Local\GitHubDesktop\bin
USERNAME=razya
OS=Windows_NT
PROCESSOR_IDENTIFIER=Intel64 Family 6 Model 158 Stepping 10, GenuineIntel



---------------  S Y S T E M  ---------------

OS: Windows 11 , 64 bit Build 22621 (10.0.22621.963)
OS uptime: 2 days 10:15 hours
Hyper-V role detected

CPU:total 8 (initial active 8) (4 cores per cpu, 2 threads per core) family 6 model 158 stepping 10 microcode 0xde, cmov, cx8, fxsr, mmx, sse, sse2, sse3, ssse3, sse4.1, sse4.2, popcnt, avx, avx2, aes, clmul, erms, 3dnowpref, lzcnt, ht, tsc, tscinvbit, bmi1, bmi2, adx, fma

Memory: 4k page, system-wide physical 8048M (759M free)
TotalPageFile size 20048M (AvailPageFile size 91M)
current process WorkingSet (physical memory assigned to process): 515M, peak: 516M
current process commit charge ("private bytes"): 546M, peak: 634M

vm_info: OpenJDK 64-Bit Server VM (11.0.13+0-b1751.21-8125866) for windows-amd64 JRE (11.0.13+0-b1751.21-8125866), built on Feb  2 2022 03:00:22 by "builder" with MS VC++ 14.0 (VS2015)

END.
